nohup: ignoring input
True
Epoch 001: | Time(s): 58.243| Train Loss: 2024.6813 | Val Loss: 1109.1077
Best model Saved! Val MSE: 1109.1077
W1:77.34|W2:77.35|W3:76.64|W4:75.84|W5:75.11|W6:74.51|W7:73.89|W8:73.37|W9:72.80|W10:72.33|W11:72.10|W12:72.06|W13:71.92|W14:71.87|W15:71.98
count: 0
Epoch 002: | Time(s): 56.755| Train Loss: 786.8932 | Val Loss: 328.2493
Best model Saved! Val MSE: 328.2493
W1:24.13|W2:24.00|W3:23.26|W4:22.82|W5:22.52|W6:22.23|W7:21.93|W8:21.64|W9:21.39|W10:21.14|W11:20.94|W12:20.82|W13:20.60|W14:20.48|W15:20.35
count: 0
Epoch 003: | Time(s): 56.539| Train Loss: 239.8903 | Val Loss: 92.3636
Best model Saved! Val MSE: 92.3636
W1:7.63|W2:7.42|W3:7.08|W4:6.71|W5:6.40|W6:6.16|W7:5.97|W8:5.84|W9:5.74|W10:5.67|W11:5.62|W12:5.58|W13:5.54|W14:5.51|W15:5.48
count: 0
Epoch 004: | Time(s): 56.142| Train Loss: 178.0340 | Val Loss: 88.2058
Best model Saved! Val MSE: 88.2058
W1:7.11|W2:6.81|W3:5.87|W4:5.57|W5:5.52|W6:5.59|W7:5.61|W8:5.62|W9:5.66|W10:5.70|W11:5.72|W12:5.81|W13:5.81|W14:5.87|W15:5.93
count: 0
Epoch 005: | Time(s): 57.366| Train Loss: 167.1388 | Val Loss: 93.9707
Model is not saved! Current val Loss: 93.9707
count: 1
Epoch 006: | Time(s): 56.405| Train Loss: 161.1450 | Val Loss: 79.9506
Best model Saved! Val MSE: 79.9506
W1:8.17|W2:8.21|W3:6.25|W4:4.99|W5:4.70|W6:4.66|W7:4.66|W8:4.67|W9:4.68|W10:4.68|W11:4.73|W12:4.78|W13:4.84|W14:4.92|W15:4.99
count: 0
Epoch 007: | Time(s): 56.470| Train Loss: 154.2984 | Val Loss: 88.0822
Model is not saved! Current val Loss: 88.0822
count: 1
Epoch 008: | Time(s): 56.518| Train Loss: 151.9747 | Val Loss: 90.8096
Model is not saved! Current val Loss: 90.8096
count: 2
Epoch 009: | Time(s): 56.024| Train Loss: 149.3206 | Val Loss: 81.2674
Model is not saved! Current val Loss: 81.2674
count: 3
Epoch 010: | Time(s): 56.428| Train Loss: 144.5546 | Val Loss: 88.8423
Model is not saved! Current val Loss: 88.8423
count: 4
Epoch 011: | Time(s): 56.466| Train Loss: 143.5428 | Val Loss: 92.0186
Model is not saved! Current val Loss: 92.0186
count: 5
Epoch 012: | Time(s): 56.891| Train Loss: 142.1094 | Val Loss: 80.1516
Model is not saved! Current val Loss: 80.1516
count: 6
Epoch 013: | Time(s): 56.537| Train Loss: 137.1325 | Val Loss: 101.2396
Model is not saved! Current val Loss: 101.2396
count: 7
Epoch 014: | Time(s): 56.220| Train Loss: 134.7029 | Val Loss: 103.5576
Model is not saved! Current val Loss: 103.5576
count: 8
Epoch 015: | Time(s): 56.599| Train Loss: 134.0171 | Val Loss: 85.8435
Model is not saved! Current val Loss: 85.8435
count: 9
Epoch 016: | Time(s): 56.723| Train Loss: 131.6777 | Val Loss: 85.6861
Model is not saved! Current val Loss: 85.6861
count: 10
Epoch 017: | Time(s): 56.235| Train Loss: 129.0058 | Val Loss: 113.0980
Model is not saved! Current val Loss: 113.0980
count: 11
Epoch 018: | Time(s): 56.524| Train Loss: 128.3563 | Val Loss: 100.2908
Model is not saved! Current val Loss: 100.2908
count: 12
Epoch 019: | Time(s): 56.755| Train Loss: 126.4072 | Val Loss: 116.9781
Model is not saved! Current val Loss: 116.9781
count: 13
Epoch 020: | Time(s): 56.987| Train Loss: 125.9722 | Val Loss: 117.4411
Model is not saved! Current val Loss: 117.4411
count: 14
Epoch 021: | Time(s): 56.891| Train Loss: 123.2241 | Val Loss: 99.1505
Model is not saved! Current val Loss: 99.1505
count: 15
Epoch 022: | Time(s): 56.806| Train Loss: 122.1762 | Val Loss: 109.9724
Model is not saved! Current val Loss: 109.9724
count: 16
Epoch 023: | Time(s): 56.443| Train Loss: 119.0738 | Val Loss: 90.0451
Model is not saved! Current val Loss: 90.0451
count: 17
Epoch 024: | Time(s): 57.515| Train Loss: 116.9627 | Val Loss: 104.8499
Model is not saved! Current val Loss: 104.8499
count: 18
Epoch 025: | Time(s): 55.546| Train Loss: 115.0975 | Val Loss: 113.2424
Model is not saved! Current val Loss: 113.2424
count: 19
Epoch 026: | Time(s): 56.456| Train Loss: 114.2550 | Val Loss: 119.2662
Model is not saved! Current val Loss: 119.2662
count: 20
Epoch 027: | Time(s): 56.214| Train Loss: 112.1902 | Val Loss: 122.1290
Model is not saved! Current val Loss: 122.1290
count: 21
Epoch 028: | Time(s): 56.396| Train Loss: 111.8510 | Val Loss: 113.0619
Model is not saved! Current val Loss: 113.0619
count: 22
Epoch 029: | Time(s): 56.495| Train Loss: 109.6730 | Val Loss: 97.3192
Model is not saved! Current val Loss: 97.3192
count: 23
Epoch 030: | Time(s): 55.609| Train Loss: 108.4874 | Val Loss: 112.3304
Model is not saved! Current val Loss: 112.3304
count: 24
Epoch 031: | Time(s): 56.823| Train Loss: 105.5786 | Val Loss: 163.5165
Model is not saved! Current val Loss: 163.5165
count: 25
Epoch 032: | Time(s): 56.258| Train Loss: 103.4888 | Val Loss: 91.6146
Model is not saved! Current val Loss: 91.6146
count: 26
Epoch 033: | Time(s): 56.525| Train Loss: 102.1074 | Val Loss: 99.9183
Model is not saved! Current val Loss: 99.9183
count: 27
Epoch 034: | Time(s): 55.910| Train Loss: 100.5397 | Val Loss: 115.7276
Model is not saved! Current val Loss: 115.7276
count: 28
Epoch 035: | Time(s): 56.600| Train Loss: 100.3098 | Val Loss: 92.1170
Model is not saved! Current val Loss: 92.1170
count: 29
Epoch 036: | Time(s): 56.271| Train Loss: 98.3900 | Val Loss: 110.3102
Model is not saved! Current val Loss: 110.3102
count: 30
Epoch 037: | Time(s): 55.762| Train Loss: 98.0185 | Val Loss: 111.3964
Model is not saved! Current val Loss: 111.3964
count: 31
Epoch 038: | Time(s): 56.738| Train Loss: 97.1258 | Val Loss: 132.9321
Model is not saved! Current val Loss: 132.9321
count: 32
Epoch 039: | Time(s): 57.051| Train Loss: 94.0508 | Val Loss: 124.3746
Model is not saved! Current val Loss: 124.3746
count: 33
Epoch 040: | Time(s): 57.268| Train Loss: 92.2033 | Val Loss: 104.1999
Model is not saved! Current val Loss: 104.1999
count: 34
Epoch 041: | Time(s): 56.184| Train Loss: 91.6860 | Val Loss: 99.6984
Model is not saved! Current val Loss: 99.6984
count: 35
Epoch 042: | Time(s): 55.941| Train Loss: 90.4953 | Val Loss: 96.1765
Model is not saved! Current val Loss: 96.1765
count: 36
Epoch 043: | Time(s): 56.404| Train Loss: 88.3813 | Val Loss: 137.3537
Model is not saved! Current val Loss: 137.3537
count: 37
Epoch 044: | Time(s): 55.905| Train Loss: 87.2121 | Val Loss: 97.8248
Model is not saved! Current val Loss: 97.8248
count: 38
Epoch 045: | Time(s): 56.007| Train Loss: 87.6978 | Val Loss: 112.7595
Model is not saved! Current val Loss: 112.7595
count: 39
Epoch 046: | Time(s): 56.397| Train Loss: 86.7215 | Val Loss: 103.0588
Model is not saved! Current val Loss: 103.0588
count: 40
Epoch 047: | Time(s): 56.380| Train Loss: 83.9079 | Val Loss: 146.0646
Model is not saved! Current val Loss: 146.0646
count: 41
Epoch 048: | Time(s): 56.570| Train Loss: 83.0555 | Val Loss: 93.4362
Model is not saved! Current val Loss: 93.4362
count: 42
Epoch 049: | Time(s): 55.728| Train Loss: 81.5974 | Val Loss: 126.0437
Model is not saved! Current val Loss: 126.0437
count: 43
Epoch 050: | Time(s): 57.480| Train Loss: 80.8158 | Val Loss: 134.0828
Model is not saved! Current val Loss: 134.0828
count: 44
Epoch 051: | Time(s): 55.896| Train Loss: 78.4907 | Val Loss: 118.5097
Model is not saved! Current val Loss: 118.5097
count: 45
Epoch 052: | Time(s): 57.307| Train Loss: 77.8755 | Val Loss: 129.4891
Model is not saved! Current val Loss: 129.4891
count: 46
Epoch 053: | Time(s): 56.492| Train Loss: 76.4452 | Val Loss: 121.3124
Model is not saved! Current val Loss: 121.3124
count: 47
Epoch 054: | Time(s): 56.512| Train Loss: 76.0279 | Val Loss: 118.1777
Model is not saved! Current val Loss: 118.1777
count: 48
Epoch 055: | Time(s): 56.226| Train Loss: 75.2996 | Val Loss: 102.2787
Model is not saved! Current val Loss: 102.2787
count: 49
Epoch 056: | Time(s): 56.061| Train Loss: 74.0551 | Val Loss: 115.8374
Model is not saved! Current val Loss: 115.8374
count: 50
Epoch 057: | Time(s): 56.041| Train Loss: 73.6060 | Val Loss: 117.2567
Model is not saved! Current val Loss: 117.2567
count: 51
Epoch 058: | Time(s): 56.052| Train Loss: 74.5230 | Val Loss: 127.4812
Model is not saved! Current val Loss: 127.4812
count: 52
Epoch 059: | Time(s): 56.490| Train Loss: 72.7193 | Val Loss: 108.2562
Model is not saved! Current val Loss: 108.2562
count: 53
Epoch 060: | Time(s): 57.564| Train Loss: 71.1395 | Val Loss: 95.8646
Model is not saved! Current val Loss: 95.8646
count: 54
Epoch 061: | Time(s): 55.704| Train Loss: 69.3140 | Val Loss: 113.0230
Model is not saved! Current val Loss: 113.0230
count: 55
Epoch 062: | Time(s): 56.801| Train Loss: 68.8949 | Val Loss: 109.7384
Model is not saved! Current val Loss: 109.7384
count: 56
Epoch 063: | Time(s): 56.348| Train Loss: 68.9923 | Val Loss: 89.7591
Model is not saved! Current val Loss: 89.7591
count: 57
Epoch 064: | Time(s): 56.000| Train Loss: 67.8341 | Val Loss: 152.3212
Model is not saved! Current val Loss: 152.3212
count: 58
Epoch 065: | Time(s): 56.035| Train Loss: 68.4404 | Val Loss: 101.6355
Model is not saved! Current val Loss: 101.6355
count: 59
Epoch 066: | Time(s): 56.097| Train Loss: 67.9412 | Val Loss: 106.1651
Model is not saved! Current val Loss: 106.1651
count: 60
Epoch 067: | Time(s): 55.989| Train Loss: 65.7145 | Val Loss: 107.7043
Model is not saved! Current val Loss: 107.7043
count: 61
Epoch 068: | Time(s): 56.298| Train Loss: 65.0636 | Val Loss: 103.9554
Model is not saved! Current val Loss: 103.9554
count: 62
Epoch 069: | Time(s): 57.107| Train Loss: 63.4972 | Val Loss: 95.5264
Model is not saved! Current val Loss: 95.5264
count: 63
Epoch 070: | Time(s): 56.239| Train Loss: 64.4201 | Val Loss: 104.2325
Model is not saved! Current val Loss: 104.2325
count: 64
Epoch 071: | Time(s): 56.723| Train Loss: 63.9107 | Val Loss: 112.1903
Model is not saved! Current val Loss: 112.1903
count: 65
Epoch 072: | Time(s): 56.366| Train Loss: 60.8239 | Val Loss: 105.8473
Model is not saved! Current val Loss: 105.8473
count: 66
Epoch 073: | Time(s): 56.325| Train Loss: 60.9078 | Val Loss: 95.4040
Model is not saved! Current val Loss: 95.4040
count: 67
Epoch 074: | Time(s): 56.625| Train Loss: 61.3734 | Val Loss: 116.7110
Model is not saved! Current val Loss: 116.7110
count: 68
Epoch 075: | Time(s): 56.058| Train Loss: 60.6157 | Val Loss: 115.7704
Model is not saved! Current val Loss: 115.7704
count: 69
Epoch 076: | Time(s): 55.518| Train Loss: 60.4419 | Val Loss: 89.1789
Model is not saved! Current val Loss: 89.1789
count: 70
Epoch 077: | Time(s): 56.219| Train Loss: 58.4904 | Val Loss: 105.9562
Model is not saved! Current val Loss: 105.9562
count: 71
Epoch 078: | Time(s): 56.836| Train Loss: 59.6598 | Val Loss: 105.3217
Model is not saved! Current val Loss: 105.3217
count: 72
Epoch 079: | Time(s): 56.195| Train Loss: 58.4835 | Val Loss: 92.2508
Model is not saved! Current val Loss: 92.2508
count: 73
Epoch 080: | Time(s): 56.636| Train Loss: 57.5975 | Val Loss: 123.4908
Model is not saved! Current val Loss: 123.4908
count: 74
Epoch 081: | Time(s): 56.719| Train Loss: 57.7271 | Val Loss: 101.6185
Model is not saved! Current val Loss: 101.6185
count: 75
Epoch 082: | Time(s): 56.334| Train Loss: 58.0678 | Val Loss: 143.4880
Model is not saved! Current val Loss: 143.4880
count: 76
Epoch 083: | Time(s): 56.203| Train Loss: 57.2294 | Val Loss: 106.6674
Model is not saved! Current val Loss: 106.6674
count: 77
Epoch 084: | Time(s): 55.982| Train Loss: 54.9889 | Val Loss: 98.5274
Model is not saved! Current val Loss: 98.5274
count: 78
Epoch 085: | Time(s): 56.326| Train Loss: 55.4597 | Val Loss: 138.3315
Model is not saved! Current val Loss: 138.3315
count: 79
Epoch 086: | Time(s): 56.241| Train Loss: 55.0629 | Val Loss: 120.5484
Model is not saved! Current val Loss: 120.5484
count: 80
Epoch 087: | Time(s): 56.456| Train Loss: 56.3027 | Val Loss: 93.7468
Model is not saved! Current val Loss: 93.7468
count: 81
Epoch 088: | Time(s): 57.083| Train Loss: 54.3435 | Val Loss: 139.8750
Model is not saved! Current val Loss: 139.8750
count: 82
Epoch 089: | Time(s): 56.400| Train Loss: 53.8564 | Val Loss: 101.4296
Model is not saved! Current val Loss: 101.4296
count: 83
Epoch 090: | Time(s): 56.705| Train Loss: 53.1247 | Val Loss: 151.6175
Model is not saved! Current val Loss: 151.6175
count: 84
Epoch 091: | Time(s): 55.894| Train Loss: 53.7641 | Val Loss: 114.6876
Model is not saved! Current val Loss: 114.6876
count: 85
Epoch 092: | Time(s): 55.940| Train Loss: 53.7369 | Val Loss: 121.6569
Model is not saved! Current val Loss: 121.6569
count: 86
Epoch 093: | Time(s): 56.732| Train Loss: 52.3521 | Val Loss: 128.5987
Model is not saved! Current val Loss: 128.5987
count: 87
Epoch 094: | Time(s): 57.235| Train Loss: 53.5863 | Val Loss: 113.2713
Model is not saved! Current val Loss: 113.2713
count: 88
Epoch 095: | Time(s): 55.855| Train Loss: 51.9521 | Val Loss: 96.9100
Model is not saved! Current val Loss: 96.9100
count: 89
Epoch 096: | Time(s): 56.642| Train Loss: 51.8121 | Val Loss: 100.7067
Model is not saved! Current val Loss: 100.7067
count: 90
Epoch 097: | Time(s): 55.878| Train Loss: 51.7046 | Val Loss: 147.4603
Model is not saved! Current val Loss: 147.4603
count: 91
Epoch 098: | Time(s): 56.271| Train Loss: 51.3420 | Val Loss: 172.9955
Model is not saved! Current val Loss: 172.9955
count: 92
Epoch 099: | Time(s): 56.440| Train Loss: 51.4868 | Val Loss: 97.9862
Model is not saved! Current val Loss: 97.9862
count: 93
Epoch 100: | Time(s): 55.331| Train Loss: 50.8312 | Val Loss: 105.0369
Model is not saved! Current val Loss: 105.0369
count: 94
Epoch 101: | Time(s): 56.015| Train Loss: 50.8124 | Val Loss: 90.8796
Model is not saved! Current val Loss: 90.8796
count: 95
Epoch 102: | Time(s): 55.854| Train Loss: 50.4844 | Val Loss: 131.2617
Model is not saved! Current val Loss: 131.2617
count: 96
Epoch 103: | Time(s): 56.186| Train Loss: 51.0341 | Val Loss: 96.5665
Model is not saved! Current val Loss: 96.5665
count: 97
Epoch 104: | Time(s): 56.988| Train Loss: 49.2762 | Val Loss: 111.7041
Model is not saved! Current val Loss: 111.7041
count: 98
Epoch 105: | Time(s): 56.515| Train Loss: 50.7452 | Val Loss: 108.6541
Model is not saved! Current val Loss: 108.6541
count: 99
Epoch 106: | Time(s): 56.260| Train Loss: 51.3540 | Val Loss: 103.9735
Model is not saved! Current val Loss: 103.9735
count: 100
Epoch 107: | Time(s): 56.405| Train Loss: 52.1852 | Val Loss: 110.8628
Model is not saved! Current val Loss: 110.8628
count: 101
Epoch 108: | Time(s): 57.461| Train Loss: 49.4526 | Val Loss: 126.7201
Model is not saved! Current val Loss: 126.7201
count: 102
Epoch 109: | Time(s): 56.436| Train Loss: 49.8765 | Val Loss: 94.6001
Model is not saved! Current val Loss: 94.6001
count: 103
Epoch 110: | Time(s): 56.983| Train Loss: 49.3518 | Val Loss: 97.7806
Model is not saved! Current val Loss: 97.7806
count: 104
Epoch 111: | Time(s): 55.977| Train Loss: 49.6145 | Val Loss: 106.3366
Model is not saved! Current val Loss: 106.3366
count: 105
Epoch 112: | Time(s): 56.424| Train Loss: 50.1555 | Val Loss: 85.9309
Model is not saved! Current val Loss: 85.9309
count: 106
Epoch 113: | Time(s): 56.332| Train Loss: 49.0829 | Val Loss: 108.9556
Model is not saved! Current val Loss: 108.9556
count: 107
Epoch 114: | Time(s): 55.857| Train Loss: 49.0693 | Val Loss: 124.1296
Model is not saved! Current val Loss: 124.1296
count: 108
Epoch 115: | Time(s): 55.799| Train Loss: 48.1766 | Val Loss: 111.9123
Model is not saved! Current val Loss: 111.9123
count: 109
Epoch 116: | Time(s): 56.282| Train Loss: 49.7765 | Val Loss: 137.5477
Model is not saved! Current val Loss: 137.5477
count: 110
Epoch 117: | Time(s): 55.977| Train Loss: 48.8030 | Val Loss: 95.9375
Model is not saved! Current val Loss: 95.9375
count: 111
Epoch 118: | Time(s): 56.767| Train Loss: 49.5159 | Val Loss: 115.9697
Model is not saved! Current val Loss: 115.9697
count: 112
Epoch 119: | Time(s): 57.235| Train Loss: 49.2659 | Val Loss: 113.1124
Model is not saved! Current val Loss: 113.1124
count: 113
Epoch 120: | Time(s): 57.054| Train Loss: 48.8375 | Val Loss: 109.0548
Model is not saved! Current val Loss: 109.0548
count: 114
Epoch 121: | Time(s): 56.677| Train Loss: 48.4062 | Val Loss: 110.4748
Model is not saved! Current val Loss: 110.4748
count: 115
Epoch 122: | Time(s): 55.830| Train Loss: 48.1090 | Val Loss: 113.1780
Model is not saved! Current val Loss: 113.1780
count: 116
Epoch 123: | Time(s): 56.237| Train Loss: 49.5625 | Val Loss: 149.1897
Model is not saved! Current val Loss: 149.1897
count: 117
Epoch 124: | Time(s): 56.253| Train Loss: 48.2013 | Val Loss: 126.9575
Model is not saved! Current val Loss: 126.9575
count: 118
Epoch 125: | Time(s): 57.343| Train Loss: 48.8338 | Val Loss: 118.3982
Model is not saved! Current val Loss: 118.3982
count: 119
Epoch 126: | Time(s): 56.524| Train Loss: 49.2448 | Val Loss: 97.2296
Model is not saved! Current val Loss: 97.2296
count: 120
Epoch 127: | Time(s): 56.615| Train Loss: 47.4600 | Val Loss: 101.0913
Model is not saved! Current val Loss: 101.0913
count: 121
Epoch 128: | Time(s): 56.032| Train Loss: 47.8098 | Val Loss: 118.7557
Model is not saved! Current val Loss: 118.7557
count: 122
Epoch 129: | Time(s): 55.965| Train Loss: 47.0720 | Val Loss: 100.0924
Model is not saved! Current val Loss: 100.0924
count: 123
Epoch 130: | Time(s): 56.237| Train Loss: 49.0733 | Val Loss: 112.1949
Model is not saved! Current val Loss: 112.1949
count: 124
Epoch 131: | Time(s): 56.486| Train Loss: 47.6649 | Val Loss: 108.4604
Model is not saved! Current val Loss: 108.4604
count: 125
Epoch 132: | Time(s): 56.986| Train Loss: 46.6918 | Val Loss: 119.4219
Model is not saved! Current val Loss: 119.4219
count: 126
Epoch 133: | Time(s): 54.984| Train Loss: 47.1395 | Val Loss: 139.9526
Model is not saved! Current val Loss: 139.9526
count: 127
Epoch 134: | Time(s): 56.698| Train Loss: 47.8365 | Val Loss: 126.8393
Model is not saved! Current val Loss: 126.8393
count: 128
Epoch 135: | Time(s): 55.895| Train Loss: 47.4489 | Val Loss: 132.4003
Model is not saved! Current val Loss: 132.4003
count: 129
Epoch 136: | Time(s): 56.611| Train Loss: 45.7405 | Val Loss: 119.2171
Model is not saved! Current val Loss: 119.2171
count: 130
Epoch 137: | Time(s): 56.612| Train Loss: 47.6966 | Val Loss: 109.7351
Model is not saved! Current val Loss: 109.7351
count: 131
Epoch 138: | Time(s): 56.281| Train Loss: 45.9872 | Val Loss: 138.0565
Model is not saved! Current val Loss: 138.0565
count: 132
Epoch 139: | Time(s): 55.964| Train Loss: 46.5344 | Val Loss: 150.1827
Model is not saved! Current val Loss: 150.1827
count: 133
Epoch 140: | Time(s): 56.461| Train Loss: 45.0818 | Val Loss: 119.4259
Model is not saved! Current val Loss: 119.4259
count: 134
Epoch 141: | Time(s): 56.552| Train Loss: 44.9148 | Val Loss: 106.8959
Model is not saved! Current val Loss: 106.8959
count: 135
Epoch 142: | Time(s): 56.090| Train Loss: 44.9082 | Val Loss: 104.7897
Model is not saved! Current val Loss: 104.7897
count: 136
Epoch 143: | Time(s): 56.469| Train Loss: 44.8207 | Val Loss: 104.8956
Model is not saved! Current val Loss: 104.8956
count: 137
Epoch 144: | Time(s): 55.940| Train Loss: 44.9129 | Val Loss: 124.3680
Model is not saved! Current val Loss: 124.3680
count: 138
Epoch 145: | Time(s): 55.859| Train Loss: 44.0121 | Val Loss: 144.5172
Model is not saved! Current val Loss: 144.5172
count: 139
Epoch 146: | Time(s): 55.887| Train Loss: 43.2833 | Val Loss: 96.8916
Model is not saved! Current val Loss: 96.8916
count: 140
Epoch 147: | Time(s): 56.901| Train Loss: 44.4208 | Val Loss: 97.0776
Model is not saved! Current val Loss: 97.0776
count: 141
Epoch 148: | Time(s): 56.260| Train Loss: 42.6013 | Val Loss: 144.5929
Model is not saved! Current val Loss: 144.5929
count: 142
Epoch 149: | Time(s): 56.377| Train Loss: 44.5586 | Val Loss: 150.5417
Model is not saved! Current val Loss: 150.5417
count: 143
Epoch 150: | Time(s): 56.245| Train Loss: 43.7589 | Val Loss: 130.2926
Model is not saved! Current val Loss: 130.2926
count: 144
Epoch 151: | Time(s): 56.332| Train Loss: 42.7666 | Val Loss: 99.2848
Model is not saved! Current val Loss: 99.2848
count: 145
Epoch 152: | Time(s): 56.394| Train Loss: 43.4299 | Val Loss: 117.2069
Model is not saved! Current val Loss: 117.2069
count: 146
Epoch 153: | Time(s): 56.894| Train Loss: 43.0660 | Val Loss: 115.7722
Model is not saved! Current val Loss: 115.7722
count: 147
Epoch 154: | Time(s): 56.094| Train Loss: 44.0552 | Val Loss: 99.6919
Model is not saved! Current val Loss: 99.6919
count: 148
Epoch 155: | Time(s): 56.562| Train Loss: 42.6421 | Val Loss: 169.1887
Model is not saved! Current val Loss: 169.1887
count: 149
Epoch 156: | Time(s): 56.445| Train Loss: 42.2948 | Val Loss: 123.2259
Model is not saved! Current val Loss: 123.2259
count: 150
Epoch 157: | Time(s): 55.773| Train Loss: 42.9537 | Val Loss: 139.2383
Model is not saved! Current val Loss: 139.2383
count: 151
Epoch 158: | Time(s): 56.492| Train Loss: 42.2135 | Val Loss: 117.8030
Model is not saved! Current val Loss: 117.8030
count: 152
Epoch 159: | Time(s): 56.113| Train Loss: 42.3035 | Val Loss: 125.8886
Model is not saved! Current val Loss: 125.8886
count: 153
Epoch 160: | Time(s): 56.395| Train Loss: 43.3728 | Val Loss: 132.0560
Model is not saved! Current val Loss: 132.0560
count: 154
Epoch 161: | Time(s): 56.991| Train Loss: 43.9247 | Val Loss: 133.3949
Model is not saved! Current val Loss: 133.3949
count: 155
Epoch 162: | Time(s): 55.960| Train Loss: 41.0721 | Val Loss: 103.7841
Model is not saved! Current val Loss: 103.7841
count: 156
Epoch 163: | Time(s): 56.883| Train Loss: 42.1154 | Val Loss: 121.5899
Model is not saved! Current val Loss: 121.5899
count: 157
Epoch 164: | Time(s): 58.324| Train Loss: 41.4334 | Val Loss: 134.1102
Model is not saved! Current val Loss: 134.1102
count: 158
Epoch 165: | Time(s): 56.621| Train Loss: 44.3569 | Val Loss: 109.9731
Model is not saved! Current val Loss: 109.9731
count: 159
Epoch 166: | Time(s): 55.527| Train Loss: 41.3674 | Val Loss: 104.6665
Model is not saved! Current val Loss: 104.6665
count: 160
Epoch 167: | Time(s): 56.339| Train Loss: 43.4938 | Val Loss: 119.3221
Model is not saved! Current val Loss: 119.3221
count: 161
Epoch 168: | Time(s): 57.131| Train Loss: 42.1435 | Val Loss: 126.9803
Model is not saved! Current val Loss: 126.9803
count: 162
Epoch 169: | Time(s): 56.610| Train Loss: 41.4686 | Val Loss: 129.7744
Model is not saved! Current val Loss: 129.7744
count: 163
Epoch 170: | Time(s): 56.952| Train Loss: 41.8942 | Val Loss: 98.0208
Model is not saved! Current val Loss: 98.0208
count: 164
Epoch 171: | Time(s): 56.148| Train Loss: 41.3611 | Val Loss: 120.8198
Model is not saved! Current val Loss: 120.8198
count: 165
Epoch 172: | Time(s): 57.961| Train Loss: 41.6121 | Val Loss: 111.2489
Model is not saved! Current val Loss: 111.2489
count: 166
Epoch 173: | Time(s): 58.114| Train Loss: 41.6881 | Val Loss: 101.6721
Model is not saved! Current val Loss: 101.6721
count: 167
Epoch 174: | Time(s): 55.589| Train Loss: 42.0919 | Val Loss: 124.9156
Model is not saved! Current val Loss: 124.9156
count: 168
Epoch 175: | Time(s): 57.405| Train Loss: 41.2357 | Val Loss: 167.9959
Model is not saved! Current val Loss: 167.9959
count: 169
Epoch 176: | Time(s): 56.939| Train Loss: 42.1702 | Val Loss: 95.5138
Model is not saved! Current val Loss: 95.5138
count: 170
Epoch 177: | Time(s): 55.977| Train Loss: 40.7840 | Val Loss: 139.2637
Model is not saved! Current val Loss: 139.2637
count: 171
Epoch 178: | Time(s): 56.268| Train Loss: 40.7988 | Val Loss: 147.3909
Model is not saved! Current val Loss: 147.3909
count: 172
Epoch 179: | Time(s): 57.247| Train Loss: 41.2497 | Val Loss: 157.4661
Model is not saved! Current val Loss: 157.4661
count: 173
Epoch 180: | Time(s): 56.521| Train Loss: 44.5485 | Val Loss: 96.2117
Model is not saved! Current val Loss: 96.2117
count: 174
Epoch 181: | Time(s): 55.711| Train Loss: 40.2818 | Val Loss: 110.1877
Model is not saved! Current val Loss: 110.1877
count: 175
Epoch 182: | Time(s): 55.958| Train Loss: 41.6427 | Val Loss: 112.9939
Model is not saved! Current val Loss: 112.9939
count: 176
Epoch 183: | Time(s): 56.644| Train Loss: 39.3599 | Val Loss: 136.3797
Model is not saved! Current val Loss: 136.3797
count: 177
Epoch 184: | Time(s): 56.423| Train Loss: 39.6830 | Val Loss: 119.3954
Model is not saved! Current val Loss: 119.3954
count: 178
Epoch 185: | Time(s): 56.406| Train Loss: 44.9679 | Val Loss: 97.5439
Model is not saved! Current val Loss: 97.5439
count: 179
Epoch 186: | Time(s): 56.742| Train Loss: 39.5662 | Val Loss: 103.6198
Model is not saved! Current val Loss: 103.6198
count: 180
Epoch 187: | Time(s): 56.608| Train Loss: 40.9582 | Val Loss: 139.7344
Model is not saved! Current val Loss: 139.7344
count: 181
Epoch 188: | Time(s): 55.710| Train Loss: 40.3752 | Val Loss: 138.5823
Model is not saved! Current val Loss: 138.5823
count: 182
Epoch 189: | Time(s): 56.610| Train Loss: 42.0508 | Val Loss: 106.3192
Model is not saved! Current val Loss: 106.3192
count: 183
Epoch 190: | Time(s): 55.737| Train Loss: 40.5951 | Val Loss: 144.6241
Model is not saved! Current val Loss: 144.6241
count: 184
Epoch 191: | Time(s): 56.280| Train Loss: 41.4823 | Val Loss: 140.1298
Model is not saved! Current val Loss: 140.1298
count: 185
Epoch 192: | Time(s): 56.852| Train Loss: 41.9158 | Val Loss: 113.2740
Model is not saved! Current val Loss: 113.2740
count: 186
Epoch 193: | Time(s): 56.269| Train Loss: 40.4007 | Val Loss: 92.1678
Model is not saved! Current val Loss: 92.1678
count: 187
Epoch 194: | Time(s): 56.096| Train Loss: 39.7042 | Val Loss: 106.9403
Model is not saved! Current val Loss: 106.9403
count: 188
Epoch 195: | Time(s): 56.753| Train Loss: 41.5947 | Val Loss: 120.5666
Model is not saved! Current val Loss: 120.5666
count: 189
Epoch 196: | Time(s): 55.724| Train Loss: 39.4721 | Val Loss: 90.5852
Model is not saved! Current val Loss: 90.5852
count: 190
Epoch 197: | Time(s): 56.795| Train Loss: 40.2279 | Val Loss: 99.0253
Model is not saved! Current val Loss: 99.0253
count: 191
Epoch 198: | Time(s): 55.933| Train Loss: 40.7079 | Val Loss: 119.1342
Model is not saved! Current val Loss: 119.1342
count: 192
Epoch 199: | Time(s): 56.420| Train Loss: 40.8505 | Val Loss: 139.3319
Model is not saved! Current val Loss: 139.3319
count: 193
Epoch 200: | Time(s): 56.349| Train Loss: 40.1167 | Val Loss: 95.4341
Model is not saved! Current val Loss: 95.4341
count: 194
Epoch 201: | Time(s): 56.264| Train Loss: 40.0471 | Val Loss: 130.2286
Model is not saved! Current val Loss: 130.2286
count: 195
Epoch 202: | Time(s): 56.538| Train Loss: 39.4281 | Val Loss: 90.4292
Model is not saved! Current val Loss: 90.4292
count: 196
Epoch 203: | Time(s): 56.421| Train Loss: 39.7072 | Val Loss: 119.0341
Model is not saved! Current val Loss: 119.0341
count: 197
Epoch 204: | Time(s): 56.702| Train Loss: 39.7179 | Val Loss: 104.5417
Model is not saved! Current val Loss: 104.5417
count: 198
Epoch 205: | Time(s): 56.080| Train Loss: 41.1995 | Val Loss: 112.2002
Model is not saved! Current val Loss: 112.2002
count: 199
Epoch 206: | Time(s): 56.973| Train Loss: 41.1577 | Val Loss: 125.6368
Model is not saved! Current val Loss: 125.6368
count: 200
We are at epoch: 206
