nohup: ignoring input
True
Epoch 001: | Time(s): 58.246| Train Loss: 2818.9227 | Val Loss: 1937.0678
Best model Saved! Val MSE: 1937.0678
W1:98.60|W2:110.15|W3:118.24|W4:126.91|W5:131.64|W6:133.32|W7:134.33|W8:135.02|W9:135.17|W10:135.45|W11:135.64|W12:135.79|W13:135.76|W14:135.63|W15:135.41
count: 0
Epoch 002: | Time(s): 58.384| Train Loss: 1587.2864 | Val Loss: 787.5171
Best model Saved! Val MSE: 787.5171
W1:21.27|W2:38.95|W3:50.90|W4:57.33|W5:58.91|W6:58.94|W7:57.98|W8:58.05|W9:57.10|W10:55.93|W11:55.57|W12:55.11|W13:54.41|W14:54.02|W15:53.05
count: 0
Epoch 003: | Time(s): 59.155| Train Loss: 766.7622 | Val Loss: 278.7052
Best model Saved! Val MSE: 278.7052
W1:12.21|W2:20.26|W3:21.96|W4:22.01|W5:21.61|W6:20.36|W7:19.19|W8:18.62|W9:18.16|W10:17.77|W11:17.58|W12:17.41|W13:17.28|W14:17.22|W15:17.07
count: 0
Epoch 004: | Time(s): 55.700| Train Loss: 295.6767 | Val Loss: 133.1196
Best model Saved! Val MSE: 133.1196
W1:8.56|W2:10.76|W3:10.82|W4:10.25|W5:9.74|W6:9.16|W7:8.70|W8:8.40|W9:8.26|W10:8.21|W11:8.13|W12:8.14|W13:8.13|W14:7.97|W15:7.88
count: 0
Epoch 005: | Time(s): 58.467| Train Loss: 221.5834 | Val Loss: 98.9669
Best model Saved! Val MSE: 98.9669
W1:6.71|W2:7.17|W3:6.92|W4:6.65|W5:6.47|W6:6.49|W7:6.41|W8:6.45|W9:6.49|W10:6.58|W11:6.57|W12:6.56|W13:6.55|W14:6.48|W15:6.47
count: 0
Epoch 006: | Time(s): 58.935| Train Loss: 209.0691 | Val Loss: 102.9014
Model is not saved! Current val Loss: 102.9014
count: 1
Epoch 007: | Time(s): 57.619| Train Loss: 194.9623 | Val Loss: 105.0473
Model is not saved! Current val Loss: 105.0473
count: 2
Epoch 008: | Time(s): 59.096| Train Loss: 187.2371 | Val Loss: 99.8051
Model is not saved! Current val Loss: 99.8051
count: 3
Epoch 009: | Time(s): 58.788| Train Loss: 179.6030 | Val Loss: 99.4747
Model is not saved! Current val Loss: 99.4747
count: 4
Epoch 010: | Time(s): 58.780| Train Loss: 175.3470 | Val Loss: 109.4096
Model is not saved! Current val Loss: 109.4096
count: 5
Epoch 011: | Time(s): 56.963| Train Loss: 171.6279 | Val Loss: 108.4998
Model is not saved! Current val Loss: 108.4998
count: 6
Epoch 012: | Time(s): 58.728| Train Loss: 165.4825 | Val Loss: 114.4014
Model is not saved! Current val Loss: 114.4014
count: 7
Epoch 013: | Time(s): 58.417| Train Loss: 163.9108 | Val Loss: 106.1979
Model is not saved! Current val Loss: 106.1979
count: 8
Epoch 014: | Time(s): 57.465| Train Loss: 157.0385 | Val Loss: 100.0850
Model is not saved! Current val Loss: 100.0850
count: 9
Epoch 015: | Time(s): 57.793| Train Loss: 154.1015 | Val Loss: 108.2408
Model is not saved! Current val Loss: 108.2408
count: 10
Epoch 016: | Time(s): 56.504| Train Loss: 150.9289 | Val Loss: 153.5944
Model is not saved! Current val Loss: 153.5944
count: 11
Epoch 017: | Time(s): 59.165| Train Loss: 149.9350 | Val Loss: 106.9356
Model is not saved! Current val Loss: 106.9356
count: 12
Epoch 018: | Time(s): 56.831| Train Loss: 150.6135 | Val Loss: 180.1833
Model is not saved! Current val Loss: 180.1833
count: 13
Epoch 019: | Time(s): 56.378| Train Loss: 145.7369 | Val Loss: 110.0659
Model is not saved! Current val Loss: 110.0659
count: 14
Epoch 020: | Time(s): 56.903| Train Loss: 145.6622 | Val Loss: 123.3046
Model is not saved! Current val Loss: 123.3046
count: 15
Epoch 021: | Time(s): 58.001| Train Loss: 145.4798 | Val Loss: 127.7897
Model is not saved! Current val Loss: 127.7897
count: 16
Epoch 022: | Time(s): 57.934| Train Loss: 143.2582 | Val Loss: 134.5982
Model is not saved! Current val Loss: 134.5982
count: 17
Epoch 023: | Time(s): 58.405| Train Loss: 139.8160 | Val Loss: 101.6747
Model is not saved! Current val Loss: 101.6747
count: 18
Epoch 024: | Time(s): 58.719| Train Loss: 140.1371 | Val Loss: 102.9816
Model is not saved! Current val Loss: 102.9816
count: 19
Epoch 025: | Time(s): 58.522| Train Loss: 136.2375 | Val Loss: 119.5167
Model is not saved! Current val Loss: 119.5167
count: 20
Epoch 026: | Time(s): 59.320| Train Loss: 132.2865 | Val Loss: 178.9481
Model is not saved! Current val Loss: 178.9481
count: 21
Epoch 027: | Time(s): 57.881| Train Loss: 134.5349 | Val Loss: 124.3763
Model is not saved! Current val Loss: 124.3763
count: 22
Epoch 028: | Time(s): 57.931| Train Loss: 134.8071 | Val Loss: 132.2175
Model is not saved! Current val Loss: 132.2175
count: 23
Epoch 029: | Time(s): 59.101| Train Loss: 130.6111 | Val Loss: 158.6299
Model is not saved! Current val Loss: 158.6299
count: 24
Epoch 030: | Time(s): 58.273| Train Loss: 129.7222 | Val Loss: 181.7257
Model is not saved! Current val Loss: 181.7257
count: 25
Epoch 031: | Time(s): 56.924| Train Loss: 130.8580 | Val Loss: 171.4741
Model is not saved! Current val Loss: 171.4741
count: 26
Epoch 032: | Time(s): 58.160| Train Loss: 126.8872 | Val Loss: 124.7211
Model is not saved! Current val Loss: 124.7211
count: 27
Epoch 033: | Time(s): 59.068| Train Loss: 126.7815 | Val Loss: 167.8270
Model is not saved! Current val Loss: 167.8270
count: 28
Epoch 034: | Time(s): 57.859| Train Loss: 125.0112 | Val Loss: 112.4673
Model is not saved! Current val Loss: 112.4673
count: 29
Epoch 035: | Time(s): 59.671| Train Loss: 124.2229 | Val Loss: 124.6335
Model is not saved! Current val Loss: 124.6335
count: 30
Epoch 036: | Time(s): 56.924| Train Loss: 121.2223 | Val Loss: 139.2256
Model is not saved! Current val Loss: 139.2256
count: 31
Epoch 037: | Time(s): 59.084| Train Loss: 122.7364 | Val Loss: 127.2741
Model is not saved! Current val Loss: 127.2741
count: 32
Epoch 038: | Time(s): 58.023| Train Loss: 118.8749 | Val Loss: 112.9941
Model is not saved! Current val Loss: 112.9941
count: 33
Epoch 039: | Time(s): 55.937| Train Loss: 117.0073 | Val Loss: 109.1204
Model is not saved! Current val Loss: 109.1204
count: 34
Epoch 040: | Time(s): 58.784| Train Loss: 116.2413 | Val Loss: 190.2449
Model is not saved! Current val Loss: 190.2449
count: 35
Epoch 041: | Time(s): 58.655| Train Loss: 118.0157 | Val Loss: 108.6964
Model is not saved! Current val Loss: 108.6964
count: 36
Epoch 042: | Time(s): 56.403| Train Loss: 113.9037 | Val Loss: 130.8340
Model is not saved! Current val Loss: 130.8340
count: 37
Epoch 043: | Time(s): 59.141| Train Loss: 111.5365 | Val Loss: 125.9702
Model is not saved! Current val Loss: 125.9702
count: 38
Epoch 044: | Time(s): 59.048| Train Loss: 113.7270 | Val Loss: 117.0759
Model is not saved! Current val Loss: 117.0759
count: 39
Epoch 045: | Time(s): 59.287| Train Loss: 112.5038 | Val Loss: 144.6926
Model is not saved! Current val Loss: 144.6926
count: 40
Epoch 046: | Time(s): 59.233| Train Loss: 113.9565 | Val Loss: 127.5124
Model is not saved! Current val Loss: 127.5124
count: 41
Epoch 047: | Time(s): 57.351| Train Loss: 111.0694 | Val Loss: 173.1624
Model is not saved! Current val Loss: 173.1624
count: 42
Epoch 048: | Time(s): 57.067| Train Loss: 108.8585 | Val Loss: 142.8376
Model is not saved! Current val Loss: 142.8376
count: 43
Epoch 049: | Time(s): 57.883| Train Loss: 108.2793 | Val Loss: 106.2707
Model is not saved! Current val Loss: 106.2707
count: 44
Epoch 050: | Time(s): 56.629| Train Loss: 107.0427 | Val Loss: 168.3667
Model is not saved! Current val Loss: 168.3667
count: 45
Epoch 051: | Time(s): 56.677| Train Loss: 107.9389 | Val Loss: 117.2685
Model is not saved! Current val Loss: 117.2685
count: 46
Epoch 052: | Time(s): 58.259| Train Loss: 106.2211 | Val Loss: 116.9481
Model is not saved! Current val Loss: 116.9481
count: 47
Epoch 053: | Time(s): 58.222| Train Loss: 107.4923 | Val Loss: 114.6824
Model is not saved! Current val Loss: 114.6824
count: 48
Epoch 054: | Time(s): 58.511| Train Loss: 103.8359 | Val Loss: 108.8334
Model is not saved! Current val Loss: 108.8334
count: 49
Epoch 055: | Time(s): 56.437| Train Loss: 105.2072 | Val Loss: 116.4507
Model is not saved! Current val Loss: 116.4507
count: 50
Epoch 056: | Time(s): 55.881| Train Loss: 106.4178 | Val Loss: 141.4833
Model is not saved! Current val Loss: 141.4833
count: 51
Epoch 057: | Time(s): 58.880| Train Loss: 100.5576 | Val Loss: 118.5144
Model is not saved! Current val Loss: 118.5144
count: 52
Epoch 058: | Time(s): 56.303| Train Loss: 101.3313 | Val Loss: 123.2293
Model is not saved! Current val Loss: 123.2293
count: 53
Epoch 059: | Time(s): 56.072| Train Loss: 101.1875 | Val Loss: 137.2632
Model is not saved! Current val Loss: 137.2632
count: 54
Epoch 060: | Time(s): 58.011| Train Loss: 99.7026 | Val Loss: 120.3624
Model is not saved! Current val Loss: 120.3624
count: 55
Epoch 061: | Time(s): 57.276| Train Loss: 100.6889 | Val Loss: 166.4372
Model is not saved! Current val Loss: 166.4372
count: 56
Epoch 062: | Time(s): 57.892| Train Loss: 97.6012 | Val Loss: 136.9579
Model is not saved! Current val Loss: 136.9579
count: 57
Epoch 063: | Time(s): 56.981| Train Loss: 96.9458 | Val Loss: 116.9370
Model is not saved! Current val Loss: 116.9370
count: 58
Epoch 064: | Time(s): 58.883| Train Loss: 95.8210 | Val Loss: 109.8721
Model is not saved! Current val Loss: 109.8721
count: 59
Epoch 065: | Time(s): 59.102| Train Loss: 96.8534 | Val Loss: 119.2876
Model is not saved! Current val Loss: 119.2876
count: 60
Epoch 066: | Time(s): 59.167| Train Loss: 96.5658 | Val Loss: 141.6128
Model is not saved! Current val Loss: 141.6128
count: 61
Epoch 067: | Time(s): 58.533| Train Loss: 96.0792 | Val Loss: 115.9839
Model is not saved! Current val Loss: 115.9839
count: 62
Epoch 068: | Time(s): 58.332| Train Loss: 95.1866 | Val Loss: 185.1410
Model is not saved! Current val Loss: 185.1410
count: 63
Epoch 069: | Time(s): 58.989| Train Loss: 94.1676 | Val Loss: 107.8665
Model is not saved! Current val Loss: 107.8665
count: 64
Epoch 070: | Time(s): 57.613| Train Loss: 92.4600 | Val Loss: 107.4586
Model is not saved! Current val Loss: 107.4586
count: 65
Epoch 071: | Time(s): 55.687| Train Loss: 93.4405 | Val Loss: 166.7694
Model is not saved! Current val Loss: 166.7694
count: 66
Epoch 072: | Time(s): 58.137| Train Loss: 89.7801 | Val Loss: 109.4850
Model is not saved! Current val Loss: 109.4850
count: 67
Epoch 073: | Time(s): 56.347| Train Loss: 90.4552 | Val Loss: 114.8086
Model is not saved! Current val Loss: 114.8086
count: 68
Epoch 074: | Time(s): 56.928| Train Loss: 89.0057 | Val Loss: 122.5250
Model is not saved! Current val Loss: 122.5250
count: 69
Epoch 075: | Time(s): 57.086| Train Loss: 92.3588 | Val Loss: 110.7780
Model is not saved! Current val Loss: 110.7780
count: 70
Epoch 076: | Time(s): 59.353| Train Loss: 92.6243 | Val Loss: 135.9702
Model is not saved! Current val Loss: 135.9702
count: 71
Epoch 077: | Time(s): 56.399| Train Loss: 88.4308 | Val Loss: 149.0673
Model is not saved! Current val Loss: 149.0673
count: 72
Epoch 078: | Time(s): 58.070| Train Loss: 88.5151 | Val Loss: 135.1024
Model is not saved! Current val Loss: 135.1024
count: 73
Epoch 079: | Time(s): 58.266| Train Loss: 87.8507 | Val Loss: 228.9623
Model is not saved! Current val Loss: 228.9623
count: 74
Epoch 080: | Time(s): 57.237| Train Loss: 87.8591 | Val Loss: 128.3850
Model is not saved! Current val Loss: 128.3850
count: 75
Epoch 081: | Time(s): 56.102| Train Loss: 88.5526 | Val Loss: 116.6069
Model is not saved! Current val Loss: 116.6069
count: 76
Epoch 082: | Time(s): 58.052| Train Loss: 86.5368 | Val Loss: 115.1619
Model is not saved! Current val Loss: 115.1619
count: 77
Epoch 083: | Time(s): 58.053| Train Loss: 83.2579 | Val Loss: 156.4514
Model is not saved! Current val Loss: 156.4514
count: 78
Epoch 084: | Time(s): 59.825| Train Loss: 86.6113 | Val Loss: 200.4144
Model is not saved! Current val Loss: 200.4144
count: 79
Epoch 085: | Time(s): 59.118| Train Loss: 87.2601 | Val Loss: 136.5744
Model is not saved! Current val Loss: 136.5744
count: 80
Epoch 086: | Time(s): 58.460| Train Loss: 83.8158 | Val Loss: 155.7789
Model is not saved! Current val Loss: 155.7789
count: 81
Epoch 087: | Time(s): 58.636| Train Loss: 81.6233 | Val Loss: 113.2585
Model is not saved! Current val Loss: 113.2585
count: 82
Epoch 088: | Time(s): 58.423| Train Loss: 83.5875 | Val Loss: 109.6521
Model is not saved! Current val Loss: 109.6521
count: 83
Epoch 089: | Time(s): 55.400| Train Loss: 81.9435 | Val Loss: 186.0139
Model is not saved! Current val Loss: 186.0139
count: 84
Epoch 090: | Time(s): 58.883| Train Loss: 81.4602 | Val Loss: 116.6856
Model is not saved! Current val Loss: 116.6856
count: 85
Epoch 091: | Time(s): 58.645| Train Loss: 83.2415 | Val Loss: 203.8969
Model is not saved! Current val Loss: 203.8969
count: 86
Epoch 092: | Time(s): 59.458| Train Loss: 80.5115 | Val Loss: 120.6375
Model is not saved! Current val Loss: 120.6375
count: 87
Epoch 093: | Time(s): 56.409| Train Loss: 81.1753 | Val Loss: 180.1906
Model is not saved! Current val Loss: 180.1906
count: 88
Epoch 094: | Time(s): 56.705| Train Loss: 82.5816 | Val Loss: 118.3326
Model is not saved! Current val Loss: 118.3326
count: 89
Epoch 095: | Time(s): 56.887| Train Loss: 81.4733 | Val Loss: 131.5292
Model is not saved! Current val Loss: 131.5292
count: 90
Epoch 096: | Time(s): 58.197| Train Loss: 80.5315 | Val Loss: 154.4113
Model is not saved! Current val Loss: 154.4113
count: 91
Epoch 097: | Time(s): 58.958| Train Loss: 78.9520 | Val Loss: 185.5185
Model is not saved! Current val Loss: 185.5185
count: 92
Epoch 098: | Time(s): 58.334| Train Loss: 79.8923 | Val Loss: 210.7368
Model is not saved! Current val Loss: 210.7368
count: 93
Epoch 099: | Time(s): 58.497| Train Loss: 79.1160 | Val Loss: 204.7471
Model is not saved! Current val Loss: 204.7471
count: 94
Epoch 100: | Time(s): 57.924| Train Loss: 79.3285 | Val Loss: 155.6918
Model is not saved! Current val Loss: 155.6918
count: 95
Epoch 101: | Time(s): 57.143| Train Loss: 79.6502 | Val Loss: 142.8787
Model is not saved! Current val Loss: 142.8787
count: 96
Epoch 102: | Time(s): 57.962| Train Loss: 76.5252 | Val Loss: 124.1564
Model is not saved! Current val Loss: 124.1564
count: 97
Epoch 103: | Time(s): 57.735| Train Loss: 76.8537 | Val Loss: 194.8840
Model is not saved! Current val Loss: 194.8840
count: 98
Epoch 104: | Time(s): 56.552| Train Loss: 75.7940 | Val Loss: 148.5220
Model is not saved! Current val Loss: 148.5220
count: 99
Epoch 105: | Time(s): 59.219| Train Loss: 76.9597 | Val Loss: 132.8556
Model is not saved! Current val Loss: 132.8556
count: 100
We are at epoch: 105
