nohup: ignoring input
True
Epoch 001: | Time(s): 57.282| Train Loss: 3382.4794 | Val Loss: 1660.1599
Best model Saved! Val MSE: 1660.1599
W1:111.79|W2:109.96|W3:109.18|W4:108.72|W5:109.36|W6:108.91|W7:109.15|W8:109.30|W9:109.63|W10:111.64|W11:112.51|W12:112.58|W13:112.49|W14:112.56|W15:112.37
count: 0
Epoch 002: | Time(s): 57.805| Train Loss: 1591.4224 | Val Loss: 677.5339
Best model Saved! Val MSE: 677.5339
W1:25.10|W2:39.53|W3:44.51|W4:47.06|W5:47.83|W6:47.86|W7:47.57|W8:47.69|W9:47.58|W10:47.18|W11:47.17|W12:47.11|W13:47.05|W14:47.17|W15:47.13
count: 0
Epoch 003: | Time(s): 57.913| Train Loss: 954.1633 | Val Loss: 382.5278
Best model Saved! Val MSE: 382.5278
W1:13.13|W2:16.09|W3:18.91|W4:21.81|W5:24.08|W6:26.16|W7:27.40|W8:28.33|W9:28.67|W10:28.83|W11:29.07|W12:29.42|W13:29.88|W14:30.19|W15:30.57
count: 0
Epoch 004: | Time(s): 58.562| Train Loss: 595.2563 | Val Loss: 341.3295
Best model Saved! Val MSE: 341.3295
W1:17.75|W2:24.17|W3:23.66|W4:23.43|W5:23.37|W6:23.30|W7:23.20|W8:23.10|W9:23.02|W10:22.90|W11:22.76|W12:22.75|W13:22.71|W14:22.66|W15:22.55
count: 0
Epoch 005: | Time(s): 56.846| Train Loss: 355.3294 | Val Loss: 252.8444
Best model Saved! Val MSE: 252.8444
W1:16.49|W2:17.21|W3:17.26|W4:17.21|W5:17.26|W6:17.35|W7:17.30|W8:17.14|W9:16.95|W10:16.84|W11:16.66|W12:16.63|W13:16.45|W14:16.16|W15:15.93
count: 0
Epoch 006: | Time(s): 56.580| Train Loss: 276.9730 | Val Loss: 110.8290
Best model Saved! Val MSE: 110.8290
W1:10.64|W2:9.52|W3:7.84|W4:7.16|W5:7.05|W6:7.00|W7:6.99|W8:6.91|W9:6.86|W10:6.85|W11:6.83|W12:6.81|W13:6.81|W14:6.79|W15:6.78
count: 0
Epoch 007: | Time(s): 59.711| Train Loss: 258.8480 | Val Loss: 289.8741
Model is not saved! Current val Loss: 289.8741
count: 1
Epoch 008: | Time(s): 58.147| Train Loss: 253.8565 | Val Loss: 111.1926
Model is not saved! Current val Loss: 111.1926
count: 2
Epoch 009: | Time(s): 59.746| Train Loss: 252.4853 | Val Loss: 170.3060
Model is not saved! Current val Loss: 170.3060
count: 3
Epoch 010: | Time(s): 59.485| Train Loss: 244.7506 | Val Loss: 127.9694
Model is not saved! Current val Loss: 127.9694
count: 4
Epoch 011: | Time(s): 58.135| Train Loss: 241.7325 | Val Loss: 117.6678
Model is not saved! Current val Loss: 117.6678
count: 5
Epoch 012: | Time(s): 59.598| Train Loss: 238.3473 | Val Loss: 120.8298
Model is not saved! Current val Loss: 120.8298
count: 6
Epoch 013: | Time(s): 59.491| Train Loss: 232.7690 | Val Loss: 174.2757
Model is not saved! Current val Loss: 174.2757
count: 7
Epoch 014: | Time(s): 56.710| Train Loss: 231.6523 | Val Loss: 111.5776
Model is not saved! Current val Loss: 111.5776
count: 8
Epoch 015: | Time(s): 58.560| Train Loss: 233.7393 | Val Loss: 142.1529
Model is not saved! Current val Loss: 142.1529
count: 9
Epoch 016: | Time(s): 57.298| Train Loss: 224.9468 | Val Loss: 106.9278
Best model Saved! Val MSE: 106.9278
W1:7.69|W2:7.44|W3:7.10|W4:7.13|W5:7.14|W6:7.07|W7:7.04|W8:7.03|W9:7.02|W10:7.04|W11:7.03|W12:7.04|W13:7.06|W14:7.05|W15:7.05
count: 0
Epoch 017: | Time(s): 60.212| Train Loss: 218.4253 | Val Loss: 147.7398
Model is not saved! Current val Loss: 147.7398
count: 1
Epoch 018: | Time(s): 59.394| Train Loss: 213.5301 | Val Loss: 123.0304
Model is not saved! Current val Loss: 123.0304
count: 2
Epoch 019: | Time(s): 56.176| Train Loss: 212.5786 | Val Loss: 134.2473
Model is not saved! Current val Loss: 134.2473
count: 3
Epoch 020: | Time(s): 56.016| Train Loss: 214.8398 | Val Loss: 127.6119
Model is not saved! Current val Loss: 127.6119
count: 4
Epoch 021: | Time(s): 59.283| Train Loss: 211.2693 | Val Loss: 122.5330
Model is not saved! Current val Loss: 122.5330
count: 5
Epoch 022: | Time(s): 58.308| Train Loss: 204.8146 | Val Loss: 133.5814
Model is not saved! Current val Loss: 133.5814
count: 6
Epoch 023: | Time(s): 60.531| Train Loss: 208.7790 | Val Loss: 107.7872
Model is not saved! Current val Loss: 107.7872
count: 7
Epoch 024: | Time(s): 59.547| Train Loss: 205.6063 | Val Loss: 126.3455
Model is not saved! Current val Loss: 126.3455
count: 8
Epoch 025: | Time(s): 58.802| Train Loss: 203.0849 | Val Loss: 107.9839
Model is not saved! Current val Loss: 107.9839
count: 9
Epoch 026: | Time(s): 57.002| Train Loss: 200.5730 | Val Loss: 117.1477
Model is not saved! Current val Loss: 117.1477
count: 10
Epoch 027: | Time(s): 59.329| Train Loss: 203.1733 | Val Loss: 105.9563
Best model Saved! Val MSE: 105.9563
W1:7.92|W2:7.21|W3:7.05|W4:6.95|W5:6.81|W6:6.73|W7:6.72|W8:6.71|W9:6.77|W10:6.89|W11:7.02|W12:7.13|W13:7.26|W14:7.33|W15:7.46
count: 0
Epoch 028: | Time(s): 59.717| Train Loss: 199.7166 | Val Loss: 117.0845
Model is not saved! Current val Loss: 117.0845
count: 1
Epoch 029: | Time(s): 57.352| Train Loss: 193.6348 | Val Loss: 111.8818
Model is not saved! Current val Loss: 111.8818
count: 2
Epoch 030: | Time(s): 58.100| Train Loss: 193.0220 | Val Loss: 140.7591
Model is not saved! Current val Loss: 140.7591
count: 3
Epoch 031: | Time(s): 58.461| Train Loss: 192.9613 | Val Loss: 108.7618
Model is not saved! Current val Loss: 108.7618
count: 4
Epoch 032: | Time(s): 56.641| Train Loss: 194.6139 | Val Loss: 242.2493
Model is not saved! Current val Loss: 242.2493
count: 5
Epoch 033: | Time(s): 58.531| Train Loss: 193.1148 | Val Loss: 102.2634
Best model Saved! Val MSE: 102.2634
W1:7.74|W2:8.03|W3:7.40|W4:7.01|W5:6.77|W6:6.64|W7:6.61|W8:6.55|W9:6.52|W10:6.49|W11:6.48|W12:6.50|W13:6.50|W14:6.51|W15:6.52
count: 0
Epoch 034: | Time(s): 60.010| Train Loss: 195.8963 | Val Loss: 108.0338
Model is not saved! Current val Loss: 108.0338
count: 1
Epoch 035: | Time(s): 59.204| Train Loss: 185.4894 | Val Loss: 115.1336
Model is not saved! Current val Loss: 115.1336
count: 2
Epoch 036: | Time(s): 59.841| Train Loss: 186.8609 | Val Loss: 100.0200
Best model Saved! Val MSE: 100.0200
W1:7.13|W2:6.88|W3:6.93|W4:6.90|W5:6.71|W6:6.58|W7:6.53|W8:6.53|W9:6.55|W10:6.55|W11:6.55|W12:6.54|W13:6.54|W14:6.56|W15:6.55
count: 0
Epoch 037: | Time(s): 57.022| Train Loss: 185.1766 | Val Loss: 148.5354
Model is not saved! Current val Loss: 148.5354
count: 1
Epoch 038: | Time(s): 57.872| Train Loss: 181.7106 | Val Loss: 105.7263
Model is not saved! Current val Loss: 105.7263
count: 2
Epoch 039: | Time(s): 57.448| Train Loss: 184.7919 | Val Loss: 111.6684
Model is not saved! Current val Loss: 111.6684
count: 3
Epoch 040: | Time(s): 58.039| Train Loss: 180.9771 | Val Loss: 110.7438
Model is not saved! Current val Loss: 110.7438
count: 4
Epoch 041: | Time(s): 58.907| Train Loss: 179.3883 | Val Loss: 107.0486
Model is not saved! Current val Loss: 107.0486
count: 5
Epoch 042: | Time(s): 59.827| Train Loss: 175.9294 | Val Loss: 103.6535
Model is not saved! Current val Loss: 103.6535
count: 6
Epoch 043: | Time(s): 59.299| Train Loss: 182.7541 | Val Loss: 134.1061
Model is not saved! Current val Loss: 134.1061
count: 7
Epoch 044: | Time(s): 59.527| Train Loss: 175.2500 | Val Loss: 177.8453
Model is not saved! Current val Loss: 177.8453
count: 8
Epoch 045: | Time(s): 59.490| Train Loss: 174.5151 | Val Loss: 98.7984
Best model Saved! Val MSE: 98.7984
W1:9.29|W2:8.07|W3:6.29|W4:5.95|W5:5.99|W6:6.06|W7:6.15|W8:6.23|W9:6.28|W10:6.33|W11:6.36|W12:6.39|W13:6.44|W14:6.46|W15:6.54
count: 0
Epoch 046: | Time(s): 59.293| Train Loss: 172.4286 | Val Loss: 125.1891
Model is not saved! Current val Loss: 125.1891
count: 1
Epoch 047: | Time(s): 58.105| Train Loss: 172.2431 | Val Loss: 89.3244
Best model Saved! Val MSE: 89.3244
W1:6.40|W2:6.25|W3:5.99|W4:5.92|W5:5.85|W6:5.80|W7:5.83|W8:5.86|W9:5.88|W10:5.90|W11:5.89|W12:5.90|W13:5.93|W14:5.94|W15:5.97
count: 0
Epoch 048: | Time(s): 58.809| Train Loss: 169.6330 | Val Loss: 166.5150
Model is not saved! Current val Loss: 166.5150
count: 1
Epoch 049: | Time(s): 59.089| Train Loss: 167.5896 | Val Loss: 107.1346
Model is not saved! Current val Loss: 107.1346
count: 2
Epoch 050: | Time(s): 59.033| Train Loss: 170.1527 | Val Loss: 98.1409
Model is not saved! Current val Loss: 98.1409
count: 3
Epoch 051: | Time(s): 59.284| Train Loss: 164.9371 | Val Loss: 114.1709
Model is not saved! Current val Loss: 114.1709
count: 4
Epoch 052: | Time(s): 58.866| Train Loss: 166.3363 | Val Loss: 158.5361
Model is not saved! Current val Loss: 158.5361
count: 5
Epoch 053: | Time(s): 58.745| Train Loss: 163.3678 | Val Loss: 168.9817
Model is not saved! Current val Loss: 168.9817
count: 6
Epoch 054: | Time(s): 58.722| Train Loss: 164.6669 | Val Loss: 133.3230
Model is not saved! Current val Loss: 133.3230
count: 7
Epoch 055: | Time(s): 59.915| Train Loss: 168.2932 | Val Loss: 129.8286
Model is not saved! Current val Loss: 129.8286
count: 8
Epoch 056: | Time(s): 59.779| Train Loss: 164.3477 | Val Loss: 129.6005
Model is not saved! Current val Loss: 129.6005
count: 9
Epoch 057: | Time(s): 57.780| Train Loss: 157.5612 | Val Loss: 153.7369
Model is not saved! Current val Loss: 153.7369
count: 10
Epoch 058: | Time(s): 59.153| Train Loss: 159.0172 | Val Loss: 143.3087
Model is not saved! Current val Loss: 143.3087
count: 11
Epoch 059: | Time(s): 58.283| Train Loss: 162.2318 | Val Loss: 156.2819
Model is not saved! Current val Loss: 156.2819
count: 12
Epoch 060: | Time(s): 57.850| Train Loss: 154.6574 | Val Loss: 121.3969
Model is not saved! Current val Loss: 121.3969
count: 13
Epoch 061: | Time(s): 58.501| Train Loss: 153.7153 | Val Loss: 165.9116
Model is not saved! Current val Loss: 165.9116
count: 14
Epoch 062: | Time(s): 59.347| Train Loss: 156.7629 | Val Loss: 128.2560
Model is not saved! Current val Loss: 128.2560
count: 15
Epoch 063: | Time(s): 59.260| Train Loss: 152.0572 | Val Loss: 182.7383
Model is not saved! Current val Loss: 182.7383
count: 16
Epoch 064: | Time(s): 60.053| Train Loss: 151.8512 | Val Loss: 111.0711
Model is not saved! Current val Loss: 111.0711
count: 17
Epoch 065: | Time(s): 57.468| Train Loss: 151.6283 | Val Loss: 137.1879
Model is not saved! Current val Loss: 137.1879
count: 18
Epoch 066: | Time(s): 59.042| Train Loss: 149.8388 | Val Loss: 126.5326
Model is not saved! Current val Loss: 126.5326
count: 19
Epoch 067: | Time(s): 59.104| Train Loss: 148.5211 | Val Loss: 139.9115
Model is not saved! Current val Loss: 139.9115
count: 20
Epoch 068: | Time(s): 59.620| Train Loss: 144.4714 | Val Loss: 188.9050
Model is not saved! Current val Loss: 188.9050
count: 21
Epoch 069: | Time(s): 56.220| Train Loss: 146.4516 | Val Loss: 158.4989
Model is not saved! Current val Loss: 158.4989
count: 22
Epoch 070: | Time(s): 57.770| Train Loss: 152.3302 | Val Loss: 162.3974
Model is not saved! Current val Loss: 162.3974
count: 23
Epoch 071: | Time(s): 59.437| Train Loss: 147.8041 | Val Loss: 126.9133
Model is not saved! Current val Loss: 126.9133
count: 24
Epoch 072: | Time(s): 59.292| Train Loss: 141.2952 | Val Loss: 134.2274
Model is not saved! Current val Loss: 134.2274
count: 25
Epoch 073: | Time(s): 57.276| Train Loss: 146.4951 | Val Loss: 138.5833
Model is not saved! Current val Loss: 138.5833
count: 26
Epoch 074: | Time(s): 58.052| Train Loss: 143.0666 | Val Loss: 124.2516
Model is not saved! Current val Loss: 124.2516
count: 27
Epoch 075: | Time(s): 59.127| Train Loss: 142.5762 | Val Loss: 137.6010
Model is not saved! Current val Loss: 137.6010
count: 28
Epoch 076: | Time(s): 57.170| Train Loss: 142.3676 | Val Loss: 112.3008
Model is not saved! Current val Loss: 112.3008
count: 29
Epoch 077: | Time(s): 60.250| Train Loss: 141.3843 | Val Loss: 418.5497
Model is not saved! Current val Loss: 418.5497
count: 30
Epoch 078: | Time(s): 59.721| Train Loss: 139.4903 | Val Loss: 161.1548
Model is not saved! Current val Loss: 161.1548
count: 31
Epoch 079: | Time(s): 56.314| Train Loss: 139.9691 | Val Loss: 161.3167
Model is not saved! Current val Loss: 161.3167
count: 32
Epoch 080: | Time(s): 59.381| Train Loss: 141.0056 | Val Loss: 122.1928
Model is not saved! Current val Loss: 122.1928
count: 33
Epoch 081: | Time(s): 56.891| Train Loss: 141.2147 | Val Loss: 130.3649
Model is not saved! Current val Loss: 130.3649
count: 34
Epoch 082: | Time(s): 60.059| Train Loss: 135.4332 | Val Loss: 137.6389
Model is not saved! Current val Loss: 137.6389
count: 35
Epoch 083: | Time(s): 56.193| Train Loss: 135.9737 | Val Loss: 112.5891
Model is not saved! Current val Loss: 112.5891
count: 36
Epoch 084: | Time(s): 56.434| Train Loss: 134.4975 | Val Loss: 136.8686
Model is not saved! Current val Loss: 136.8686
count: 37
Epoch 085: | Time(s): 59.471| Train Loss: 138.1063 | Val Loss: 157.4882
Model is not saved! Current val Loss: 157.4882
count: 38
Epoch 086: | Time(s): 59.381| Train Loss: 133.1504 | Val Loss: 183.8553
Model is not saved! Current val Loss: 183.8553
count: 39
Epoch 087: | Time(s): 59.302| Train Loss: 130.7527 | Val Loss: 163.1926
Model is not saved! Current val Loss: 163.1926
count: 40
Epoch 088: | Time(s): 59.547| Train Loss: 132.1160 | Val Loss: 163.4098
Model is not saved! Current val Loss: 163.4098
count: 41
Epoch 089: | Time(s): 59.283| Train Loss: 139.4887 | Val Loss: 124.6224
Model is not saved! Current val Loss: 124.6224
count: 42
Epoch 090: | Time(s): 59.540| Train Loss: 134.8966 | Val Loss: 147.7595
Model is not saved! Current val Loss: 147.7595
count: 43
Epoch 091: | Time(s): 60.146| Train Loss: 131.8995 | Val Loss: 149.1366
Model is not saved! Current val Loss: 149.1366
count: 44
Epoch 092: | Time(s): 58.779| Train Loss: 128.5435 | Val Loss: 124.3756
Model is not saved! Current val Loss: 124.3756
count: 45
Epoch 093: | Time(s): 57.187| Train Loss: 126.0777 | Val Loss: 163.4007
Model is not saved! Current val Loss: 163.4007
count: 46
Epoch 094: | Time(s): 59.408| Train Loss: 129.6763 | Val Loss: 117.8573
Model is not saved! Current val Loss: 117.8573
count: 47
Epoch 095: | Time(s): 56.971| Train Loss: 126.1674 | Val Loss: 144.3878
Model is not saved! Current val Loss: 144.3878
count: 48
Epoch 096: | Time(s): 60.004| Train Loss: 134.6010 | Val Loss: 159.4088
Model is not saved! Current val Loss: 159.4088
count: 49
Epoch 097: | Time(s): 56.766| Train Loss: 126.7863 | Val Loss: 116.2862
Model is not saved! Current val Loss: 116.2862
count: 50
Epoch 098: | Time(s): 58.913| Train Loss: 126.7179 | Val Loss: 179.9181
Model is not saved! Current val Loss: 179.9181
count: 51
Epoch 099: | Time(s): 56.958| Train Loss: 124.6573 | Val Loss: 201.8621
Model is not saved! Current val Loss: 201.8621
count: 52
Epoch 100: | Time(s): 58.435| Train Loss: 122.9487 | Val Loss: 123.4069
Model is not saved! Current val Loss: 123.4069
count: 53
Epoch 101: | Time(s): 59.047| Train Loss: 122.9935 | Val Loss: 142.9386
Model is not saved! Current val Loss: 142.9386
count: 54
Epoch 102: | Time(s): 58.864| Train Loss: 120.1181 | Val Loss: 141.7547
Model is not saved! Current val Loss: 141.7547
count: 55
Epoch 103: | Time(s): 56.227| Train Loss: 123.0786 | Val Loss: 125.7043
Model is not saved! Current val Loss: 125.7043
count: 56
Epoch 104: | Time(s): 57.849| Train Loss: 121.9926 | Val Loss: 148.7616
Model is not saved! Current val Loss: 148.7616
count: 57
Epoch 105: | Time(s): 59.539| Train Loss: 120.0697 | Val Loss: 143.8264
Model is not saved! Current val Loss: 143.8264
count: 58
Epoch 106: | Time(s): 59.301| Train Loss: 119.9447 | Val Loss: 136.1290
Model is not saved! Current val Loss: 136.1290
count: 59
Epoch 107: | Time(s): 58.173| Train Loss: 125.4836 | Val Loss: 109.3688
Model is not saved! Current val Loss: 109.3688
count: 60
Epoch 108: | Time(s): 58.207| Train Loss: 120.6750 | Val Loss: 172.2038
Model is not saved! Current val Loss: 172.2038
count: 61
Epoch 109: | Time(s): 56.868| Train Loss: 115.2415 | Val Loss: 111.8871
Model is not saved! Current val Loss: 111.8871
count: 62
Epoch 110: | Time(s): 60.444| Train Loss: 116.0234 | Val Loss: 159.0984
Model is not saved! Current val Loss: 159.0984
count: 63
Epoch 111: | Time(s): 59.804| Train Loss: 118.7697 | Val Loss: 161.0814
Model is not saved! Current val Loss: 161.0814
count: 64
Epoch 112: | Time(s): 56.183| Train Loss: 116.9293 | Val Loss: 205.6000
Model is not saved! Current val Loss: 205.6000
count: 65
Epoch 113: | Time(s): 58.829| Train Loss: 114.5956 | Val Loss: 194.1396
Model is not saved! Current val Loss: 194.1396
count: 66
Epoch 114: | Time(s): 56.960| Train Loss: 118.4724 | Val Loss: 112.3059
Model is not saved! Current val Loss: 112.3059
count: 67
Epoch 115: | Time(s): 58.297| Train Loss: 118.6386 | Val Loss: 134.1707
Model is not saved! Current val Loss: 134.1707
count: 68
Epoch 116: | Time(s): 56.976| Train Loss: 114.7097 | Val Loss: 148.7118
Model is not saved! Current val Loss: 148.7118
count: 69
Epoch 117: | Time(s): 60.027| Train Loss: 116.2184 | Val Loss: 151.6529
Model is not saved! Current val Loss: 151.6529
count: 70
Epoch 118: | Time(s): 56.790| Train Loss: 115.3566 | Val Loss: 135.3327
Model is not saved! Current val Loss: 135.3327
count: 71
Epoch 119: | Time(s): 59.703| Train Loss: 116.0802 | Val Loss: 143.7577
Model is not saved! Current val Loss: 143.7577
count: 72
Epoch 120: | Time(s): 56.719| Train Loss: 112.9643 | Val Loss: 152.0813
Model is not saved! Current val Loss: 152.0813
count: 73
Epoch 121: | Time(s): 59.399| Train Loss: 114.1461 | Val Loss: 131.1804
Model is not saved! Current val Loss: 131.1804
count: 74
Epoch 122: | Time(s): 56.255| Train Loss: 112.8190 | Val Loss: 136.6598
Model is not saved! Current val Loss: 136.6598
count: 75
Epoch 123: | Time(s): 59.417| Train Loss: 115.0729 | Val Loss: 167.8122
Model is not saved! Current val Loss: 167.8122
count: 76
Epoch 124: | Time(s): 58.069| Train Loss: 110.5040 | Val Loss: 146.7308
Model is not saved! Current val Loss: 146.7308
count: 77
Epoch 125: | Time(s): 59.972| Train Loss: 109.9975 | Val Loss: 142.8432
Model is not saved! Current val Loss: 142.8432
count: 78
Epoch 126: | Time(s): 56.084| Train Loss: 110.8875 | Val Loss: 164.8283
Model is not saved! Current val Loss: 164.8283
count: 79
Epoch 127: | Time(s): 58.807| Train Loss: 108.6292 | Val Loss: 166.6171
Model is not saved! Current val Loss: 166.6171
count: 80
Epoch 128: | Time(s): 56.880| Train Loss: 110.8121 | Val Loss: 157.9733
Model is not saved! Current val Loss: 157.9733
count: 81
Epoch 129: | Time(s): 59.198| Train Loss: 111.4749 | Val Loss: 140.6895
Model is not saved! Current val Loss: 140.6895
count: 82
Epoch 130: | Time(s): 59.110| Train Loss: 115.4139 | Val Loss: 608.0609
Model is not saved! Current val Loss: 608.0609
count: 83
Epoch 131: | Time(s): 58.756| Train Loss: 110.2245 | Val Loss: 189.2776
Model is not saved! Current val Loss: 189.2776
count: 84
Epoch 132: | Time(s): 57.781| Train Loss: 114.5573 | Val Loss: 430.9681
Model is not saved! Current val Loss: 430.9681
count: 85
Epoch 133: | Time(s): 56.122| Train Loss: 111.4724 | Val Loss: 142.8603
Model is not saved! Current val Loss: 142.8603
count: 86
Epoch 134: | Time(s): 57.998| Train Loss: 109.0315 | Val Loss: 161.0383
Model is not saved! Current val Loss: 161.0383
count: 87
Epoch 135: | Time(s): 56.581| Train Loss: 111.8393 | Val Loss: 150.6628
Model is not saved! Current val Loss: 150.6628
count: 88
Epoch 136: | Time(s): 57.330| Train Loss: 108.9363 | Val Loss: 129.9878
Model is not saved! Current val Loss: 129.9878
count: 89
Epoch 137: | Time(s): 59.578| Train Loss: 107.6550 | Val Loss: 160.3326
Model is not saved! Current val Loss: 160.3326
count: 90
Epoch 138: | Time(s): 58.070| Train Loss: 105.9082 | Val Loss: 141.7124
Model is not saved! Current val Loss: 141.7124
count: 91
Epoch 139: | Time(s): 60.423| Train Loss: 105.0725 | Val Loss: 179.3890
Model is not saved! Current val Loss: 179.3890
count: 92
Epoch 140: | Time(s): 59.079| Train Loss: 106.3303 | Val Loss: 127.9799
Model is not saved! Current val Loss: 127.9799
count: 93
Epoch 141: | Time(s): 58.218| Train Loss: 105.1854 | Val Loss: 115.8260
Model is not saved! Current val Loss: 115.8260
count: 94
Epoch 142: | Time(s): 58.792| Train Loss: 104.0205 | Val Loss: 152.7632
Model is not saved! Current val Loss: 152.7632
count: 95
Epoch 143: | Time(s): 57.633| Train Loss: 106.6272 | Val Loss: 143.4097
Model is not saved! Current val Loss: 143.4097
count: 96
Epoch 144: | Time(s): 59.774| Train Loss: 105.2324 | Val Loss: 319.0834
Model is not saved! Current val Loss: 319.0834
count: 97
Epoch 145: | Time(s): 56.681| Train Loss: 102.7641 | Val Loss: 152.9069
Model is not saved! Current val Loss: 152.9069
count: 98
Epoch 146: | Time(s): 59.579| Train Loss: 103.1401 | Val Loss: 143.7333
Model is not saved! Current val Loss: 143.7333
count: 99
Epoch 147: | Time(s): 57.905| Train Loss: 106.8205 | Val Loss: 125.2518
Model is not saved! Current val Loss: 125.2518
count: 100
We are at epoch: 147
