nohup: ignoring input
True
Epoch 001: | Time(s): 59.822| Train Loss: 2657.0555 | Val Loss: 1509.9046
Best model Saved! Val MSE: 1509.9046
W1:98.22|W2:104.26|W3:102.69|W4:101.79|W5:101.46|W6:101.27|W7:101.17|W8:100.83|W9:100.55|W10:100.02|W11:100.22|W12:100.28|W13:99.00|W14:99.49|W15:98.65
count: 0
Epoch 002: | Time(s): 57.645| Train Loss: 1247.0370 | Val Loss: 241.5255
Best model Saved! Val MSE: 241.5255
W1:18.12|W2:19.28|W3:18.25|W4:17.33|W5:16.66|W6:16.31|W7:16.15|W8:15.77|W9:15.26|W10:14.91|W11:14.73|W12:14.69|W13:14.75|W14:14.66|W15:14.66
count: 0
Epoch 003: | Time(s): 60.504| Train Loss: 345.4136 | Val Loss: 121.7528
Best model Saved! Val MSE: 121.7528
W1:13.10|W2:11.89|W3:10.27|W4:8.67|W5:8.42|W6:7.79|W7:7.66|W8:7.23|W9:6.84|W10:6.73|W11:6.70|W12:6.74|W13:6.61|W14:6.58|W15:6.53
count: 0
Epoch 004: | Time(s): 57.775| Train Loss: 223.0028 | Val Loss: 166.4520
Model is not saved! Current val Loss: 166.4520
count: 1
Epoch 005: | Time(s): 59.905| Train Loss: 210.2401 | Val Loss: 125.7091
Model is not saved! Current val Loss: 125.7091
count: 2
Epoch 006: | Time(s): 59.293| Train Loss: 202.7683 | Val Loss: 133.6383
Model is not saved! Current val Loss: 133.6383
count: 3
Epoch 007: | Time(s): 59.342| Train Loss: 198.2339 | Val Loss: 123.3074
Model is not saved! Current val Loss: 123.3074
count: 4
Epoch 008: | Time(s): 57.956| Train Loss: 188.7032 | Val Loss: 135.2005
Model is not saved! Current val Loss: 135.2005
count: 5
Epoch 009: | Time(s): 61.040| Train Loss: 181.9429 | Val Loss: 126.9193
Model is not saved! Current val Loss: 126.9193
count: 6
Epoch 010: | Time(s): 57.516| Train Loss: 178.5399 | Val Loss: 113.5643
Best model Saved! Val MSE: 113.5643
W1:12.92|W2:10.82|W3:9.45|W4:8.67|W5:7.26|W6:7.02|W7:6.88|W8:6.67|W9:6.41|W10:6.28|W11:6.22|W12:6.21|W13:6.24|W14:6.26|W15:6.26
count: 0
Epoch 011: | Time(s): 59.446| Train Loss: 174.0120 | Val Loss: 148.7713
Model is not saved! Current val Loss: 148.7713
count: 1
Epoch 012: | Time(s): 58.033| Train Loss: 173.8474 | Val Loss: 195.4288
Model is not saved! Current val Loss: 195.4288
count: 2
Epoch 013: | Time(s): 59.892| Train Loss: 170.9303 | Val Loss: 162.4564
Model is not saved! Current val Loss: 162.4564
count: 3
Epoch 014: | Time(s): 60.235| Train Loss: 169.3566 | Val Loss: 113.1503
Best model Saved! Val MSE: 113.1503
W1:12.36|W2:9.58|W3:7.68|W4:7.32|W5:6.78|W6:6.85|W7:6.90|W8:6.93|W9:6.95|W10:6.96|W11:6.97|W12:6.96|W13:6.97|W14:6.96|W15:6.97
count: 0
Epoch 015: | Time(s): 59.060| Train Loss: 166.1058 | Val Loss: 115.2495
Model is not saved! Current val Loss: 115.2495
count: 1
Epoch 016: | Time(s): 59.571| Train Loss: 163.9887 | Val Loss: 108.0503
Best model Saved! Val MSE: 108.0503
W1:8.64|W2:7.39|W3:7.16|W4:7.18|W5:7.09|W6:7.05|W7:7.05|W8:7.01|W9:7.03|W10:7.04|W11:7.05|W12:7.08|W13:7.08|W14:7.09|W15:7.10
count: 0
Epoch 017: | Time(s): 60.766| Train Loss: 162.2236 | Val Loss: 122.7181
Model is not saved! Current val Loss: 122.7181
count: 1
Epoch 018: | Time(s): 59.029| Train Loss: 160.9980 | Val Loss: 98.7859
Best model Saved! Val MSE: 98.7859
W1:8.83|W2:7.96|W3:7.14|W4:6.73|W5:6.22|W6:6.20|W7:6.20|W8:6.21|W9:6.21|W10:6.20|W11:6.20|W12:6.18|W13:6.17|W14:6.17|W15:6.17
count: 0
Epoch 019: | Time(s): 59.872| Train Loss: 158.2626 | Val Loss: 104.2943
Model is not saved! Current val Loss: 104.2943
count: 1
Epoch 020: | Time(s): 59.183| Train Loss: 157.0824 | Val Loss: 111.9575
Model is not saved! Current val Loss: 111.9575
count: 2
Epoch 021: | Time(s): 57.513| Train Loss: 155.4302 | Val Loss: 140.4091
Model is not saved! Current val Loss: 140.4091
count: 3
Epoch 022: | Time(s): 60.014| Train Loss: 153.2958 | Val Loss: 124.2064
Model is not saved! Current val Loss: 124.2064
count: 4
Epoch 023: | Time(s): 59.755| Train Loss: 149.0904 | Val Loss: 124.6693
Model is not saved! Current val Loss: 124.6693
count: 5
Epoch 024: | Time(s): 59.630| Train Loss: 147.8412 | Val Loss: 127.2527
Model is not saved! Current val Loss: 127.2527
count: 6
Epoch 025: | Time(s): 58.798| Train Loss: 145.7817 | Val Loss: 120.3982
Model is not saved! Current val Loss: 120.3982
count: 7
Epoch 026: | Time(s): 58.905| Train Loss: 144.6738 | Val Loss: 119.1179
Model is not saved! Current val Loss: 119.1179
count: 8
Epoch 027: | Time(s): 59.870| Train Loss: 143.6662 | Val Loss: 99.5567
Model is not saved! Current val Loss: 99.5567
count: 9
Epoch 028: | Time(s): 59.929| Train Loss: 141.4067 | Val Loss: 111.5758
Model is not saved! Current val Loss: 111.5758
count: 10
Epoch 029: | Time(s): 60.457| Train Loss: 137.4093 | Val Loss: 105.5841
Model is not saved! Current val Loss: 105.5841
count: 11
Epoch 030: | Time(s): 60.755| Train Loss: 138.4405 | Val Loss: 146.7003
Model is not saved! Current val Loss: 146.7003
count: 12
Epoch 031: | Time(s): 59.377| Train Loss: 135.5727 | Val Loss: 102.1531
Model is not saved! Current val Loss: 102.1531
count: 13
Epoch 032: | Time(s): 58.025| Train Loss: 137.9938 | Val Loss: 130.2332
Model is not saved! Current val Loss: 130.2332
count: 14
Epoch 033: | Time(s): 57.981| Train Loss: 131.8877 | Val Loss: 115.5672
Model is not saved! Current val Loss: 115.5672
count: 15
Epoch 034: | Time(s): 58.708| Train Loss: 132.6051 | Val Loss: 125.4749
Model is not saved! Current val Loss: 125.4749
count: 16
Epoch 035: | Time(s): 59.415| Train Loss: 128.3407 | Val Loss: 124.6145
Model is not saved! Current val Loss: 124.6145
count: 17
Epoch 036: | Time(s): 59.453| Train Loss: 125.9684 | Val Loss: 147.1492
Model is not saved! Current val Loss: 147.1492
count: 18
Epoch 037: | Time(s): 59.558| Train Loss: 125.4329 | Val Loss: 183.7228
Model is not saved! Current val Loss: 183.7228
count: 19
Epoch 038: | Time(s): 59.578| Train Loss: 122.5490 | Val Loss: 128.6360
Model is not saved! Current val Loss: 128.6360
count: 20
Epoch 039: | Time(s): 56.951| Train Loss: 120.2502 | Val Loss: 120.6610
Model is not saved! Current val Loss: 120.6610
count: 21
Epoch 040: | Time(s): 57.746| Train Loss: 122.9662 | Val Loss: 148.3122
Model is not saved! Current val Loss: 148.3122
count: 22
Epoch 041: | Time(s): 60.139| Train Loss: 118.8478 | Val Loss: 112.8820
Model is not saved! Current val Loss: 112.8820
count: 23
Epoch 042: | Time(s): 59.460| Train Loss: 118.3322 | Val Loss: 163.5579
Model is not saved! Current val Loss: 163.5579
count: 24
Epoch 043: | Time(s): 59.196| Train Loss: 117.7112 | Val Loss: 135.9741
Model is not saved! Current val Loss: 135.9741
count: 25
Epoch 044: | Time(s): 59.994| Train Loss: 112.8001 | Val Loss: 202.8940
Model is not saved! Current val Loss: 202.8940
count: 26
Epoch 045: | Time(s): 61.569| Train Loss: 113.2541 | Val Loss: 152.9820
Model is not saved! Current val Loss: 152.9820
count: 27
Epoch 046: | Time(s): 57.463| Train Loss: 111.0396 | Val Loss: 117.2536
Model is not saved! Current val Loss: 117.2536
count: 28
Epoch 047: | Time(s): 59.152| Train Loss: 110.0058 | Val Loss: 116.4851
Model is not saved! Current val Loss: 116.4851
count: 29
Epoch 048: | Time(s): 58.853| Train Loss: 108.6125 | Val Loss: 201.3965
Model is not saved! Current val Loss: 201.3965
count: 30
Epoch 049: | Time(s): 59.157| Train Loss: 107.1704 | Val Loss: 199.3853
Model is not saved! Current val Loss: 199.3853
count: 31
Epoch 050: | Time(s): 59.141| Train Loss: 104.5164 | Val Loss: 116.4683
Model is not saved! Current val Loss: 116.4683
count: 32
Epoch 051: | Time(s): 60.369| Train Loss: 105.1855 | Val Loss: 138.1723
Model is not saved! Current val Loss: 138.1723
count: 33
Epoch 052: | Time(s): 59.212| Train Loss: 103.4268 | Val Loss: 201.8232
Model is not saved! Current val Loss: 201.8232
count: 34
Epoch 053: | Time(s): 57.829| Train Loss: 102.0313 | Val Loss: 119.1595
Model is not saved! Current val Loss: 119.1595
count: 35
Epoch 054: | Time(s): 59.976| Train Loss: 98.9403 | Val Loss: 134.7081
Model is not saved! Current val Loss: 134.7081
count: 36
Epoch 055: | Time(s): 57.780| Train Loss: 102.1601 | Val Loss: 196.6420
Model is not saved! Current val Loss: 196.6420
count: 37
Epoch 056: | Time(s): 58.470| Train Loss: 97.1450 | Val Loss: 138.8771
Model is not saved! Current val Loss: 138.8771
count: 38
Epoch 057: | Time(s): 58.133| Train Loss: 97.5374 | Val Loss: 123.8256
Model is not saved! Current val Loss: 123.8256
count: 39
Epoch 058: | Time(s): 59.214| Train Loss: 94.1417 | Val Loss: 140.9526
Model is not saved! Current val Loss: 140.9526
count: 40
Epoch 059: | Time(s): 60.172| Train Loss: 96.3998 | Val Loss: 145.2891
Model is not saved! Current val Loss: 145.2891
count: 41
Epoch 060: | Time(s): 59.211| Train Loss: 95.6333 | Val Loss: 161.8153
Model is not saved! Current val Loss: 161.8153
count: 42
Epoch 061: | Time(s): 60.242| Train Loss: 90.3137 | Val Loss: 162.3357
Model is not saved! Current val Loss: 162.3357
count: 43
Epoch 062: | Time(s): 57.483| Train Loss: 95.0817 | Val Loss: 173.5558
Model is not saved! Current val Loss: 173.5558
count: 44
Epoch 063: | Time(s): 60.244| Train Loss: 91.8377 | Val Loss: 208.2787
Model is not saved! Current val Loss: 208.2787
count: 45
Epoch 064: | Time(s): 60.092| Train Loss: 89.7294 | Val Loss: 131.5561
Model is not saved! Current val Loss: 131.5561
count: 46
Epoch 065: | Time(s): 58.948| Train Loss: 88.8645 | Val Loss: 122.1731
Model is not saved! Current val Loss: 122.1731
count: 47
Epoch 066: | Time(s): 58.479| Train Loss: 85.9301 | Val Loss: 167.2120
Model is not saved! Current val Loss: 167.2120
count: 48
Epoch 067: | Time(s): 59.212| Train Loss: 83.7470 | Val Loss: 157.2315
Model is not saved! Current val Loss: 157.2315
count: 49
Epoch 068: | Time(s): 57.535| Train Loss: 84.6847 | Val Loss: 188.9231
Model is not saved! Current val Loss: 188.9231
count: 50
Epoch 069: | Time(s): 59.142| Train Loss: 86.8014 | Val Loss: 138.4956
Model is not saved! Current val Loss: 138.4956
count: 51
Epoch 070: | Time(s): 58.384| Train Loss: 86.2691 | Val Loss: 119.1830
Model is not saved! Current val Loss: 119.1830
count: 52
Epoch 071: | Time(s): 57.094| Train Loss: 83.8046 | Val Loss: 184.5375
Model is not saved! Current val Loss: 184.5375
count: 53
Epoch 072: | Time(s): 59.726| Train Loss: 82.3842 | Val Loss: 138.9513
Model is not saved! Current val Loss: 138.9513
count: 54
Epoch 073: | Time(s): 57.713| Train Loss: 81.2171 | Val Loss: 113.6143
Model is not saved! Current val Loss: 113.6143
count: 55
Epoch 074: | Time(s): 59.653| Train Loss: 81.8773 | Val Loss: 174.1749
Model is not saved! Current val Loss: 174.1749
count: 56
Epoch 075: | Time(s): 57.271| Train Loss: 80.8001 | Val Loss: 235.7701
Model is not saved! Current val Loss: 235.7701
count: 57
Epoch 076: | Time(s): 60.707| Train Loss: 80.8502 | Val Loss: 131.6271
Model is not saved! Current val Loss: 131.6271
count: 58
Epoch 077: | Time(s): 61.250| Train Loss: 79.4765 | Val Loss: 159.6446
Model is not saved! Current val Loss: 159.6446
count: 59
Epoch 078: | Time(s): 59.247| Train Loss: 77.6325 | Val Loss: 125.9813
Model is not saved! Current val Loss: 125.9813
count: 60
Epoch 079: | Time(s): 59.324| Train Loss: 80.7649 | Val Loss: 176.9761
Model is not saved! Current val Loss: 176.9761
count: 61
Epoch 080: | Time(s): 59.647| Train Loss: 75.3111 | Val Loss: 160.5754
Model is not saved! Current val Loss: 160.5754
count: 62
Epoch 081: | Time(s): 58.733| Train Loss: 77.8318 | Val Loss: 179.0212
Model is not saved! Current val Loss: 179.0212
count: 63
Epoch 082: | Time(s): 57.243| Train Loss: 75.1052 | Val Loss: 130.4439
Model is not saved! Current val Loss: 130.4439
count: 64
Epoch 083: | Time(s): 58.743| Train Loss: 74.4065 | Val Loss: 113.1320
Model is not saved! Current val Loss: 113.1320
count: 65
Epoch 084: | Time(s): 59.339| Train Loss: 75.1520 | Val Loss: 155.0898
Model is not saved! Current val Loss: 155.0898
count: 66
Epoch 085: | Time(s): 59.859| Train Loss: 75.2148 | Val Loss: 197.7387
Model is not saved! Current val Loss: 197.7387
count: 67
Epoch 086: | Time(s): 58.531| Train Loss: 74.0623 | Val Loss: 193.6552
Model is not saved! Current val Loss: 193.6552
count: 68
Epoch 087: | Time(s): 57.022| Train Loss: 73.4849 | Val Loss: 211.5882
Model is not saved! Current val Loss: 211.5882
count: 69
Epoch 088: | Time(s): 59.120| Train Loss: 73.4272 | Val Loss: 157.5818
Model is not saved! Current val Loss: 157.5818
count: 70
Epoch 089: | Time(s): 57.843| Train Loss: 73.7395 | Val Loss: 171.5580
Model is not saved! Current val Loss: 171.5580
count: 71
Epoch 090: | Time(s): 60.581| Train Loss: 73.5634 | Val Loss: 192.2540
Model is not saved! Current val Loss: 192.2540
count: 72
Epoch 091: | Time(s): 58.243| Train Loss: 73.9402 | Val Loss: 162.3607
Model is not saved! Current val Loss: 162.3607
count: 73
Epoch 092: | Time(s): 57.247| Train Loss: 70.7293 | Val Loss: 204.4523
Model is not saved! Current val Loss: 204.4523
count: 74
Epoch 093: | Time(s): 58.256| Train Loss: 71.6396 | Val Loss: 172.5762
Model is not saved! Current val Loss: 172.5762
count: 75
Epoch 094: | Time(s): 59.620| Train Loss: 71.2204 | Val Loss: 178.9216
Model is not saved! Current val Loss: 178.9216
count: 76
Epoch 095: | Time(s): 60.082| Train Loss: 69.7275 | Val Loss: 221.2078
Model is not saved! Current val Loss: 221.2078
count: 77
Epoch 096: | Time(s): 58.198| Train Loss: 70.5085 | Val Loss: 194.7624
Model is not saved! Current val Loss: 194.7624
count: 78
Epoch 097: | Time(s): 58.867| Train Loss: 69.2242 | Val Loss: 206.1079
Model is not saved! Current val Loss: 206.1079
count: 79
Epoch 098: | Time(s): 56.901| Train Loss: 71.2494 | Val Loss: 153.3135
Model is not saved! Current val Loss: 153.3135
count: 80
Epoch 099: | Time(s): 59.470| Train Loss: 68.9496 | Val Loss: 183.6702
Model is not saved! Current val Loss: 183.6702
count: 81
Epoch 100: | Time(s): 57.040| Train Loss: 68.9191 | Val Loss: 151.4920
Model is not saved! Current val Loss: 151.4920
count: 82
Epoch 101: | Time(s): 60.096| Train Loss: 69.7708 | Val Loss: 138.1783
Model is not saved! Current val Loss: 138.1783
count: 83
Epoch 102: | Time(s): 59.731| Train Loss: 68.6244 | Val Loss: 187.4511
Model is not saved! Current val Loss: 187.4511
count: 84
Epoch 103: | Time(s): 57.591| Train Loss: 69.5728 | Val Loss: 189.2810
Model is not saved! Current val Loss: 189.2810
count: 85
Epoch 104: | Time(s): 59.039| Train Loss: 69.0495 | Val Loss: 161.9365
Model is not saved! Current val Loss: 161.9365
count: 86
Epoch 105: | Time(s): 59.487| Train Loss: 68.1079 | Val Loss: 201.7915
Model is not saved! Current val Loss: 201.7915
count: 87
Epoch 106: | Time(s): 59.636| Train Loss: 66.7378 | Val Loss: 159.9602
Model is not saved! Current val Loss: 159.9602
count: 88
Epoch 107: | Time(s): 60.110| Train Loss: 68.2353 | Val Loss: 160.6602
Model is not saved! Current val Loss: 160.6602
count: 89
Epoch 108: | Time(s): 60.069| Train Loss: 67.2652 | Val Loss: 145.3535
Model is not saved! Current val Loss: 145.3535
count: 90
Epoch 109: | Time(s): 59.046| Train Loss: 68.2663 | Val Loss: 170.0217
Model is not saved! Current val Loss: 170.0217
count: 91
Epoch 110: | Time(s): 58.729| Train Loss: 65.7418 | Val Loss: 161.3327
Model is not saved! Current val Loss: 161.3327
count: 92
Epoch 111: | Time(s): 58.500| Train Loss: 68.5246 | Val Loss: 151.2648
Model is not saved! Current val Loss: 151.2648
count: 93
Epoch 112: | Time(s): 58.721| Train Loss: 66.8361 | Val Loss: 126.6863
Model is not saved! Current val Loss: 126.6863
count: 94
Epoch 113: | Time(s): 60.675| Train Loss: 66.8104 | Val Loss: 138.8756
Model is not saved! Current val Loss: 138.8756
count: 95
Epoch 114: | Time(s): 59.210| Train Loss: 67.1437 | Val Loss: 170.6158
Model is not saved! Current val Loss: 170.6158
count: 96
Epoch 115: | Time(s): 58.820| Train Loss: 66.1385 | Val Loss: 143.7102
Model is not saved! Current val Loss: 143.7102
count: 97
Epoch 116: | Time(s): 59.624| Train Loss: 67.1228 | Val Loss: 158.1918
Model is not saved! Current val Loss: 158.1918
count: 98
Epoch 117: | Time(s): 59.469| Train Loss: 66.0288 | Val Loss: 162.0538
Model is not saved! Current val Loss: 162.0538
count: 99
Epoch 118: | Time(s): 57.789| Train Loss: 67.4029 | Val Loss: 147.8595
Model is not saved! Current val Loss: 147.8595
count: 100
We are at epoch: 118
