nohup: ignoring input
Check if there is GPU(s): True
(7456, 15) | (2466, 15) | (3100, 15)
Number of parameters: 794096
Epoch 001: | Time(s): 32.319| Train Loss: 2149.1265 | Val Loss: 1538.0359
=============================== Best model Saved! Val MSE: 1538.0359
count: 0
Epoch 002: | Time(s): 29.738| Train Loss: 1393.9345 | Val Loss: 1101.9451
=============================== Best model Saved! Val MSE: 1101.9451
count: 0
Epoch 003: | Time(s): 29.356| Train Loss: 982.1663 | Val Loss: 719.3410
=============================== Best model Saved! Val MSE: 719.3410
count: 0
Epoch 004: | Time(s): 28.462| Train Loss: 661.0978 | Val Loss: 279.2532
=============================== Best model Saved! Val MSE: 279.2532
count: 0
Epoch 005: | Time(s): 28.638| Train Loss: 441.7387 | Val Loss: 225.7178
=============================== Best model Saved! Val MSE: 225.7178
count: 0
Epoch 006: | Time(s): 29.805| Train Loss: 325.6849 | Val Loss: 211.5345
=============================== Best model Saved! Val MSE: 211.5345
count: 0
Epoch 007: | Time(s): 28.666| Train Loss: 282.4726 | Val Loss: 112.5205
=============================== Best model Saved! Val MSE: 112.5205
count: 0
Epoch 008: | Time(s): 29.988| Train Loss: 266.4450 | Val Loss: 122.6683
count: 1
Epoch 009: | Time(s): 28.921| Train Loss: 255.2137 | Val Loss: 116.7861
count: 2
Epoch 010: | Time(s): 28.773| Train Loss: 246.8400 | Val Loss: 115.9658
count: 3
Epoch 011: | Time(s): 28.936| Train Loss: 240.6809 | Val Loss: 98.8670
=============================== Best model Saved! Val MSE: 98.8670
count: 0
Epoch 012: | Time(s): 28.581| Train Loss: 236.8209 | Val Loss: 94.2003
=============================== Best model Saved! Val MSE: 94.2003
count: 0
Epoch 013: | Time(s): 29.430| Train Loss: 226.2044 | Val Loss: 61.2531
=============================== Best model Saved! Val MSE: 61.2531
count: 0
Epoch 014: | Time(s): 29.200| Train Loss: 224.2720 | Val Loss: 38.9274
=============================== Best model Saved! Val MSE: 38.9274
count: 0
Epoch 015: | Time(s): 30.524| Train Loss: 220.5607 | Val Loss: 93.5088
count: 1
Epoch 016: | Time(s): 29.053| Train Loss: 215.4568 | Val Loss: 68.2546
count: 2
Epoch 017: | Time(s): 28.768| Train Loss: 211.3677 | Val Loss: 63.7430
count: 3
Epoch 018: | Time(s): 28.760| Train Loss: 204.4076 | Val Loss: 60.7439
count: 4
Epoch 019: | Time(s): 28.405| Train Loss: 195.0105 | Val Loss: 91.0320
count: 5
Epoch 020: | Time(s): 29.311| Train Loss: 187.2117 | Val Loss: 33.3786
=============================== Best model Saved! Val MSE: 33.3786
count: 0
Epoch 021: | Time(s): 29.184| Train Loss: 185.5428 | Val Loss: 67.0002
count: 1
Epoch 022: | Time(s): 30.108| Train Loss: 177.7823 | Val Loss: 64.9754
count: 2
Epoch 023: | Time(s): 30.507| Train Loss: 177.7756 | Val Loss: 41.8870
count: 3
Epoch 024: | Time(s): 29.163| Train Loss: 175.5451 | Val Loss: 41.9277
count: 4
Epoch 025: | Time(s): 29.941| Train Loss: 169.3683 | Val Loss: 19.2130
=============================== Best model Saved! Val MSE: 19.2130
count: 0
Epoch 026: | Time(s): 30.144| Train Loss: 163.5621 | Val Loss: 77.8225
count: 1
Epoch 027: | Time(s): 29.091| Train Loss: 160.0413 | Val Loss: 53.8899
count: 2
Epoch 028: | Time(s): 30.240| Train Loss: 155.8201 | Val Loss: 56.1622
count: 3
Epoch 029: | Time(s): 28.636| Train Loss: 151.8919 | Val Loss: 37.3571
count: 4
Epoch 030: | Time(s): 29.422| Train Loss: 147.6299 | Val Loss: 53.9873
count: 5
Epoch 031: | Time(s): 29.365| Train Loss: 147.3153 | Val Loss: 26.0393
count: 6
Epoch 032: | Time(s): 30.159| Train Loss: 143.9742 | Val Loss: 26.4056
count: 7
Epoch 033: | Time(s): 28.653| Train Loss: 142.0719 | Val Loss: 17.0591
=============================== Best model Saved! Val MSE: 17.0591
count: 0
Epoch 034: | Time(s): 28.183| Train Loss: 139.1388 | Val Loss: 49.0318
count: 1
Epoch 035: | Time(s): 28.607| Train Loss: 139.6764 | Val Loss: 26.2869
count: 2
Epoch 036: | Time(s): 28.786| Train Loss: 136.2393 | Val Loss: 10.8372
=============================== Best model Saved! Val MSE: 10.8372
count: 0
Epoch 037: | Time(s): 30.299| Train Loss: 135.8711 | Val Loss: 70.8503
count: 1
Epoch 038: | Time(s): 29.252| Train Loss: 134.5511 | Val Loss: 67.8463
count: 2
Epoch 039: | Time(s): 28.345| Train Loss: 131.6432 | Val Loss: 11.5399
count: 3
Epoch 040: | Time(s): 29.728| Train Loss: 133.2722 | Val Loss: 14.1589
count: 4
Epoch 041: | Time(s): 29.616| Train Loss: 129.5284 | Val Loss: 34.3827
count: 5
Epoch 042: | Time(s): 29.603| Train Loss: 129.3728 | Val Loss: 14.6899
count: 6
Epoch 043: | Time(s): 28.468| Train Loss: 126.2660 | Val Loss: 35.5446
count: 7
Epoch 044: | Time(s): 29.755| Train Loss: 122.1786 | Val Loss: 24.0558
count: 8
Epoch 045: | Time(s): 28.212| Train Loss: 120.1821 | Val Loss: 14.1658
count: 9
Epoch 046: | Time(s): 30.302| Train Loss: 114.8522 | Val Loss: 19.1034
count: 10
Epoch 047: | Time(s): 28.484| Train Loss: 112.9991 | Val Loss: 25.9700
count: 11
Epoch 048: | Time(s): 28.721| Train Loss: 112.9411 | Val Loss: 48.3017
count: 12
Epoch 049: | Time(s): 29.632| Train Loss: 110.5805 | Val Loss: 19.7287
count: 13
Epoch 050: | Time(s): 30.212| Train Loss: 107.0094 | Val Loss: 10.4511
=============================== Best model Saved! Val MSE: 10.4511
count: 0
Epoch 051: | Time(s): 29.054| Train Loss: 107.6214 | Val Loss: 15.0555
count: 1
Epoch 052: | Time(s): 28.595| Train Loss: 105.1344 | Val Loss: 17.5535
count: 2
Epoch 053: | Time(s): 29.395| Train Loss: 103.4865 | Val Loss: 29.1420
count: 3
Epoch 054: | Time(s): 28.723| Train Loss: 98.1848 | Val Loss: 22.4827
count: 4
Epoch 055: | Time(s): 29.939| Train Loss: 94.6100 | Val Loss: 39.2236
count: 5
Epoch 056: | Time(s): 30.053| Train Loss: 89.4531 | Val Loss: 17.5120
count: 6
Epoch 057: | Time(s): 29.887| Train Loss: 85.7853 | Val Loss: 14.3266
count: 7
Epoch 058: | Time(s): 28.229| Train Loss: 83.3434 | Val Loss: 10.9172
count: 8
Epoch 059: | Time(s): 29.397| Train Loss: 81.3354 | Val Loss: 19.9168
count: 9
Epoch 060: | Time(s): 29.129| Train Loss: 80.7090 | Val Loss: 40.3490
count: 10
Epoch 061: | Time(s): 28.429| Train Loss: 79.4076 | Val Loss: 26.1927
count: 11
Epoch 062: | Time(s): 29.346| Train Loss: 76.9897 | Val Loss: 19.5356
count: 12
Epoch 063: | Time(s): 29.914| Train Loss: 77.1365 | Val Loss: 19.8547
count: 13
Epoch 064: | Time(s): 30.034| Train Loss: 75.7070 | Val Loss: 9.8565
=============================== Best model Saved! Val MSE: 9.8565
count: 0
Epoch 065: | Time(s): 28.998| Train Loss: 72.5791 | Val Loss: 45.9241
count: 1
Epoch 066: | Time(s): 28.676| Train Loss: 72.2470 | Val Loss: 16.8869
count: 2
Epoch 067: | Time(s): 28.406| Train Loss: 70.7808 | Val Loss: 12.5755
count: 3
Epoch 068: | Time(s): 29.391| Train Loss: 69.3087 | Val Loss: 10.3015
count: 4
Epoch 069: | Time(s): 28.672| Train Loss: 68.3473 | Val Loss: 14.4033
count: 5
Epoch 070: | Time(s): 28.432| Train Loss: 68.2494 | Val Loss: 34.3188
count: 6
Epoch 071: | Time(s): 30.115| Train Loss: 69.0799 | Val Loss: 14.1922
count: 7
Epoch 072: | Time(s): 29.119| Train Loss: 67.5259 | Val Loss: 45.1337
count: 8
Epoch 073: | Time(s): 28.247| Train Loss: 66.0448 | Val Loss: 11.5237
count: 9
Epoch 074: | Time(s): 30.465| Train Loss: 65.2186 | Val Loss: 15.2919
count: 10
Epoch 075: | Time(s): 29.615| Train Loss: 65.6236 | Val Loss: 27.5441
count: 11
Epoch 076: | Time(s): 28.930| Train Loss: 66.0744 | Val Loss: 10.0053
count: 12
Epoch 077: | Time(s): 27.858| Train Loss: 65.0073 | Val Loss: 14.4968
count: 13
Epoch 078: | Time(s): 28.905| Train Loss: 63.0180 | Val Loss: 9.5498
=============================== Best model Saved! Val MSE: 9.5498
count: 0
Epoch 079: | Time(s): 29.226| Train Loss: 62.7481 | Val Loss: 9.3537
=============================== Best model Saved! Val MSE: 9.3537
count: 0
Epoch 080: | Time(s): 28.200| Train Loss: 61.0876 | Val Loss: 20.8800
count: 1
Epoch 081: | Time(s): 29.126| Train Loss: 62.2083 | Val Loss: 8.1000
=============================== Best model Saved! Val MSE: 8.1000
count: 0
Epoch 082: | Time(s): 28.614| Train Loss: 61.0285 | Val Loss: 9.2593
count: 1
Epoch 083: | Time(s): 29.379| Train Loss: 60.4064 | Val Loss: 8.2285
count: 2
Epoch 084: | Time(s): 27.660| Train Loss: 60.0837 | Val Loss: 11.4085
count: 3
Epoch 085: | Time(s): 28.856| Train Loss: 60.3793 | Val Loss: 80.1177
count: 4
Epoch 086: | Time(s): 29.822| Train Loss: 59.1191 | Val Loss: 13.8455
count: 5
Epoch 087: | Time(s): 29.562| Train Loss: 58.8676 | Val Loss: 10.1667
count: 6
Epoch 088: | Time(s): 29.031| Train Loss: 56.9462 | Val Loss: 32.1179
count: 7
Epoch 089: | Time(s): 28.655| Train Loss: 58.5115 | Val Loss: 7.7151
=============================== Best model Saved! Val MSE: 7.7151
count: 0
Epoch 090: | Time(s): 28.729| Train Loss: 56.8228 | Val Loss: 10.4279
count: 1
Epoch 091: | Time(s): 28.313| Train Loss: 56.0870 | Val Loss: 29.6312
count: 2
Epoch 092: | Time(s): 28.488| Train Loss: 54.9876 | Val Loss: 14.0887
count: 3
Epoch 093: | Time(s): 29.552| Train Loss: 55.8269 | Val Loss: 11.6370
count: 4
Epoch 094: | Time(s): 28.461| Train Loss: 54.9257 | Val Loss: 27.0339
count: 5
Epoch 095: | Time(s): 30.015| Train Loss: 53.9051 | Val Loss: 9.7614
count: 6
Epoch 096: | Time(s): 29.752| Train Loss: 53.5112 | Val Loss: 13.9802
count: 7
Epoch 097: | Time(s): 28.191| Train Loss: 52.7297 | Val Loss: 17.9888
count: 8
Epoch 098: | Time(s): 28.531| Train Loss: 52.3035 | Val Loss: 8.1592
count: 9
Epoch 099: | Time(s): 28.455| Train Loss: 52.6230 | Val Loss: 11.6018
count: 10
Epoch 100: | Time(s): 27.957| Train Loss: 51.7951 | Val Loss: 11.6170
count: 11
Epoch 101: | Time(s): 28.566| Train Loss: 51.1081 | Val Loss: 7.7231
count: 12
Epoch 102: | Time(s): 29.398| Train Loss: 51.2568 | Val Loss: 29.6639
count: 13
Epoch 103: | Time(s): 28.984| Train Loss: 49.8627 | Val Loss: 26.4930
count: 14
Epoch 104: | Time(s): 29.979| Train Loss: 50.5819 | Val Loss: 18.8001
count: 15
Epoch 105: | Time(s): 28.962| Train Loss: 49.1680 | Val Loss: 8.0671
count: 16
Epoch 106: | Time(s): 28.019| Train Loss: 50.4467 | Val Loss: 7.5539
=============================== Best model Saved! Val MSE: 7.5539
count: 0
Epoch 107: | Time(s): 28.531| Train Loss: 49.6513 | Val Loss: 9.3807
count: 1
Epoch 108: | Time(s): 28.719| Train Loss: 48.8731 | Val Loss: 9.0807
count: 2
Epoch 109: | Time(s): 28.926| Train Loss: 49.5700 | Val Loss: 23.5874
count: 3
Epoch 110: | Time(s): 28.401| Train Loss: 49.7552 | Val Loss: 31.4821
count: 4
Epoch 111: | Time(s): 31.034| Train Loss: 47.4272 | Val Loss: 15.1203
count: 5
Epoch 112: | Time(s): 30.233| Train Loss: 46.0424 | Val Loss: 32.0405
count: 6
Epoch 113: | Time(s): 29.711| Train Loss: 45.7059 | Val Loss: 8.2871
count: 7
Epoch 114: | Time(s): 29.990| Train Loss: 45.4981 | Val Loss: 27.3221
count: 8
Epoch 115: | Time(s): 29.730| Train Loss: 45.5079 | Val Loss: 7.9897
count: 9
Epoch 116: | Time(s): 28.659| Train Loss: 43.5975 | Val Loss: 14.8985
count: 10
Epoch 117: | Time(s): 29.385| Train Loss: 45.0604 | Val Loss: 9.7678
count: 11
Epoch 118: | Time(s): 28.641| Train Loss: 42.4542 | Val Loss: 9.0399
count: 12
Epoch 119: | Time(s): 28.680| Train Loss: 42.7697 | Val Loss: 11.6287
count: 13
Epoch 120: | Time(s): 28.933| Train Loss: 42.9876 | Val Loss: 13.5760
count: 14
Epoch 121: | Time(s): 29.833| Train Loss: 42.2317 | Val Loss: 18.7635
count: 15
Epoch 122: | Time(s): 29.327| Train Loss: 42.3985 | Val Loss: 11.6082
count: 16
Epoch 123: | Time(s): 29.832| Train Loss: 41.8534 | Val Loss: 14.5378
count: 17
Epoch 124: | Time(s): 30.394| Train Loss: 41.5405 | Val Loss: 22.2712
count: 18
Epoch 125: | Time(s): 29.766| Train Loss: 41.5360 | Val Loss: 8.7746
count: 19
Epoch 126: | Time(s): 29.989| Train Loss: 40.6227 | Val Loss: 53.0407
count: 20
Epoch 127: | Time(s): 29.097| Train Loss: 41.6192 | Val Loss: 10.8112
count: 21
Epoch 128: | Time(s): 29.858| Train Loss: 41.2773 | Val Loss: 32.6258
count: 22
Epoch 129: | Time(s): 29.019| Train Loss: 40.8962 | Val Loss: 13.3474
count: 23
Epoch 130: | Time(s): 29.672| Train Loss: 40.2643 | Val Loss: 14.5417
count: 24
Epoch 131: | Time(s): 29.442| Train Loss: 40.1468 | Val Loss: 23.8289
count: 25
Epoch 132: | Time(s): 29.355| Train Loss: 38.9035 | Val Loss: 8.1747
count: 26
Epoch 133: | Time(s): 28.785| Train Loss: 38.9320 | Val Loss: 7.1135
=============================== Best model Saved! Val MSE: 7.1135
count: 0
Epoch 134: | Time(s): 30.163| Train Loss: 38.9218 | Val Loss: 15.5359
count: 1
Epoch 135: | Time(s): 29.798| Train Loss: 38.4734 | Val Loss: 27.1045
count: 2
Epoch 136: | Time(s): 29.927| Train Loss: 38.6146 | Val Loss: 7.8886
count: 3
Epoch 137: | Time(s): 28.926| Train Loss: 39.3828 | Val Loss: 21.0925
count: 4
Epoch 138: | Time(s): 29.914| Train Loss: 40.3159 | Val Loss: 42.0071
count: 5
Epoch 139: | Time(s): 30.331| Train Loss: 37.1575 | Val Loss: 20.5843
count: 6
Epoch 140: | Time(s): 28.871| Train Loss: 37.4835 | Val Loss: 7.7745
count: 7
Epoch 141: | Time(s): 30.186| Train Loss: 37.6520 | Val Loss: 35.7898
count: 8
Epoch 142: | Time(s): 29.088| Train Loss: 37.2545 | Val Loss: 9.6798
count: 9
Epoch 143: | Time(s): 29.101| Train Loss: 37.3018 | Val Loss: 8.7319
count: 10
Epoch 144: | Time(s): 30.074| Train Loss: 38.3529 | Val Loss: 35.0182
count: 11
Epoch 145: | Time(s): 29.785| Train Loss: 38.1267 | Val Loss: 15.4124
count: 12
Epoch 146: | Time(s): 28.774| Train Loss: 37.6555 | Val Loss: 37.7469
count: 13
Epoch 147: | Time(s): 28.008| Train Loss: 36.1477 | Val Loss: 11.7854
count: 14
Epoch 148: | Time(s): 29.382| Train Loss: 35.9508 | Val Loss: 20.0329
count: 15
Epoch 149: | Time(s): 29.527| Train Loss: 36.0824 | Val Loss: 8.1041
count: 16
Epoch 150: | Time(s): 29.098| Train Loss: 35.4560 | Val Loss: 19.1975
count: 17
Epoch 151: | Time(s): 28.434| Train Loss: 36.1277 | Val Loss: 6.6195
=============================== Best model Saved! Val MSE: 6.6195
count: 0
Epoch 152: | Time(s): 28.791| Train Loss: 36.1202 | Val Loss: 9.9046
count: 1
Epoch 153: | Time(s): 28.419| Train Loss: 34.8358 | Val Loss: 11.8526
count: 2
Epoch 154: | Time(s): 29.419| Train Loss: 34.9421 | Val Loss: 8.7134
count: 3
Epoch 155: | Time(s): 28.914| Train Loss: 36.1697 | Val Loss: 13.6861
count: 4
Epoch 156: | Time(s): 29.448| Train Loss: 35.4465 | Val Loss: 13.2797
count: 5
Epoch 157: | Time(s): 29.714| Train Loss: 34.2357 | Val Loss: 16.9753
count: 6
Epoch 158: | Time(s): 29.558| Train Loss: 35.4850 | Val Loss: 15.2737
count: 7
Epoch 159: | Time(s): 28.686| Train Loss: 34.6597 | Val Loss: 6.9353
count: 8
Epoch 160: | Time(s): 31.636| Train Loss: 35.4891 | Val Loss: 12.9017
count: 9
Epoch 161: | Time(s): 29.007| Train Loss: 34.8292 | Val Loss: 20.5108
count: 10
Epoch 162: | Time(s): 29.173| Train Loss: 34.3973 | Val Loss: 19.0675
count: 11
Epoch 163: | Time(s): 30.031| Train Loss: 34.2103 | Val Loss: 10.5650
count: 12
Epoch 164: | Time(s): 28.408| Train Loss: 33.7829 | Val Loss: 25.3003
count: 13
Epoch 165: | Time(s): 29.126| Train Loss: 34.8670 | Val Loss: 16.9929
count: 14
Epoch 166: | Time(s): 30.001| Train Loss: 33.5680 | Val Loss: 11.2056
count: 15
Epoch 167: | Time(s): 28.785| Train Loss: 33.8183 | Val Loss: 13.7617
count: 16
Epoch 168: | Time(s): 29.849| Train Loss: 33.4750 | Val Loss: 15.8992
count: 17
Epoch 169: | Time(s): 28.615| Train Loss: 32.9877 | Val Loss: 6.2412
=============================== Best model Saved! Val MSE: 6.2412
count: 0
Epoch 170: | Time(s): 28.299| Train Loss: 32.6058 | Val Loss: 8.9556
count: 1
Epoch 171: | Time(s): 29.239| Train Loss: 32.9006 | Val Loss: 28.0810
count: 2
Epoch 172: | Time(s): 29.115| Train Loss: 32.7937 | Val Loss: 31.8980
count: 3
Epoch 173: | Time(s): 29.627| Train Loss: 32.7977 | Val Loss: 7.3461
count: 4
Epoch 174: | Time(s): 30.101| Train Loss: 33.4485 | Val Loss: 19.4189
count: 5
Epoch 175: | Time(s): 30.274| Train Loss: 33.7374 | Val Loss: 10.2825
count: 6
Epoch 176: | Time(s): 29.184| Train Loss: 32.1145 | Val Loss: 7.9133
count: 7
Epoch 177: | Time(s): 28.716| Train Loss: 32.2904 | Val Loss: 15.9318
count: 8
Epoch 178: | Time(s): 28.318| Train Loss: 32.9033 | Val Loss: 13.1887
count: 9
Epoch 179: | Time(s): 30.082| Train Loss: 32.9365 | Val Loss: 7.3890
count: 10
Epoch 180: | Time(s): 28.845| Train Loss: 32.7726 | Val Loss: 33.7323
count: 11
Epoch 181: | Time(s): 28.162| Train Loss: 31.8008 | Val Loss: 10.6049
count: 12
Epoch 182: | Time(s): 29.124| Train Loss: 31.0263 | Val Loss: 10.0136
count: 13
Epoch 183: | Time(s): 27.926| Train Loss: 31.9323 | Val Loss: 8.3094
count: 14
Epoch 184: | Time(s): 28.915| Train Loss: 32.8320 | Val Loss: 49.9183
count: 15
Epoch 185: | Time(s): 29.908| Train Loss: 32.3280 | Val Loss: 19.9576
count: 16
Epoch 186: | Time(s): 30.752| Train Loss: 30.9557 | Val Loss: 14.3046
count: 17
Epoch 187: | Time(s): 30.203| Train Loss: 32.2394 | Val Loss: 8.0380
count: 18
Epoch 188: | Time(s): 29.562| Train Loss: 31.0324 | Val Loss: 8.1913
count: 19
Epoch 189: | Time(s): 28.061| Train Loss: 31.6760 | Val Loss: 25.5355
count: 20
Epoch 190: | Time(s): 29.182| Train Loss: 31.9077 | Val Loss: 19.4604
count: 21
Epoch 191: | Time(s): 28.808| Train Loss: 31.6928 | Val Loss: 15.4390
count: 22
Epoch 192: | Time(s): 30.482| Train Loss: 31.5674 | Val Loss: 10.7877
count: 23
Epoch 193: | Time(s): 28.707| Train Loss: 31.0753 | Val Loss: 17.0133
count: 24
Epoch 194: | Time(s): 27.987| Train Loss: 31.8809 | Val Loss: 19.2251
count: 25
Epoch 195: | Time(s): 29.169| Train Loss: 31.0468 | Val Loss: 6.6235
count: 26
Epoch 196: | Time(s): 28.902| Train Loss: 30.7279 | Val Loss: 8.3572
count: 27
Epoch 197: | Time(s): 30.110| Train Loss: 30.7769 | Val Loss: 15.1771
count: 28
Epoch 198: | Time(s): 29.944| Train Loss: 30.3359 | Val Loss: 8.1619
count: 29
Epoch 199: | Time(s): 29.886| Train Loss: 29.4822 | Val Loss: 17.8679
count: 30
Epoch 200: | Time(s): 29.050| Train Loss: 30.6075 | Val Loss: 17.9298
count: 31
Epoch 201: | Time(s): 30.428| Train Loss: 30.1035 | Val Loss: 7.5306
count: 32
Epoch 202: | Time(s): 28.106| Train Loss: 29.4681 | Val Loss: 7.8165
count: 33
Epoch 203: | Time(s): 29.780| Train Loss: 29.3177 | Val Loss: 12.4988
count: 34
Epoch 204: | Time(s): 28.461| Train Loss: 29.4327 | Val Loss: 5.5801
=============================== Best model Saved! Val MSE: 5.5801
count: 0
Epoch 205: | Time(s): 28.458| Train Loss: 29.4654 | Val Loss: 15.6992
count: 1
Epoch 206: | Time(s): 28.656| Train Loss: 30.6153 | Val Loss: 13.4711
count: 2
Epoch 207: | Time(s): 29.201| Train Loss: 29.1431 | Val Loss: 16.4557
count: 3
Epoch 208: | Time(s): 29.729| Train Loss: 29.6554 | Val Loss: 30.0687
count: 4
Epoch 209: | Time(s): 29.430| Train Loss: 32.3265 | Val Loss: 15.5412
count: 5
Epoch 210: | Time(s): 29.817| Train Loss: 29.2891 | Val Loss: 16.2830
count: 6
Epoch 211: | Time(s): 27.999| Train Loss: 29.0791 | Val Loss: 18.5300
count: 7
Epoch 212: | Time(s): 28.518| Train Loss: 28.5384 | Val Loss: 5.4272
=============================== Best model Saved! Val MSE: 5.4272
count: 0
Epoch 213: | Time(s): 28.986| Train Loss: 28.7976 | Val Loss: 17.2403
count: 1
Epoch 214: | Time(s): 29.594| Train Loss: 29.7345 | Val Loss: 9.2817
count: 2
Epoch 215: | Time(s): 28.887| Train Loss: 30.5839 | Val Loss: 12.0969
count: 3
Epoch 216: | Time(s): 28.939| Train Loss: 28.8179 | Val Loss: 12.6298
count: 4
Epoch 217: | Time(s): 29.094| Train Loss: 28.3984 | Val Loss: 19.6960
count: 5
Epoch 218: | Time(s): 28.723| Train Loss: 29.1263 | Val Loss: 17.2884
count: 6
Epoch 219: | Time(s): 28.142| Train Loss: 28.8897 | Val Loss: 13.7051
count: 7
Epoch 220: | Time(s): 28.991| Train Loss: 29.2968 | Val Loss: 8.9612
count: 8
Epoch 221: | Time(s): 28.376| Train Loss: 29.7703 | Val Loss: 11.2036
count: 9
Epoch 222: | Time(s): 28.996| Train Loss: 28.6588 | Val Loss: 18.7628
count: 10
Epoch 223: | Time(s): 28.372| Train Loss: 28.2842 | Val Loss: 10.2952
count: 11
Epoch 224: | Time(s): 29.438| Train Loss: 28.5331 | Val Loss: 12.2066
count: 12
Epoch 225: | Time(s): 28.996| Train Loss: 28.6362 | Val Loss: 6.7267
count: 13
Epoch 226: | Time(s): 28.517| Train Loss: 28.0000 | Val Loss: 6.5949
count: 14
Epoch 227: | Time(s): 28.766| Train Loss: 28.4978 | Val Loss: 15.3113
count: 15
Epoch 228: | Time(s): 28.700| Train Loss: 28.2148 | Val Loss: 9.1497
count: 16
Epoch 229: | Time(s): 29.258| Train Loss: 27.6744 | Val Loss: 6.7233
count: 17
Epoch 230: | Time(s): 29.076| Train Loss: 27.3653 | Val Loss: 28.2545
count: 18
Epoch 231: | Time(s): 29.306| Train Loss: 27.2187 | Val Loss: 6.0928
count: 19
Epoch 232: | Time(s): 28.887| Train Loss: 28.0252 | Val Loss: 7.0822
count: 20
Epoch 233: | Time(s): 28.759| Train Loss: 27.7914 | Val Loss: 7.8690
count: 21
Epoch 234: | Time(s): 28.620| Train Loss: 27.3619 | Val Loss: 39.7296
count: 22
Epoch 235: | Time(s): 29.391| Train Loss: 28.3148 | Val Loss: 10.6823
count: 23
Epoch 236: | Time(s): 29.168| Train Loss: 27.4838 | Val Loss: 6.4389
count: 24
Epoch 237: | Time(s): 29.211| Train Loss: 28.2691 | Val Loss: 5.6748
count: 25
Epoch 238: | Time(s): 29.340| Train Loss: 27.6600 | Val Loss: 5.8840
count: 26
Epoch 239: | Time(s): 30.054| Train Loss: 26.3211 | Val Loss: 5.3947
=============================== Best model Saved! Val MSE: 5.3947
count: 0
Epoch 240: | Time(s): 29.495| Train Loss: 28.9369 | Val Loss: 6.8846
count: 1
Epoch 241: | Time(s): 29.965| Train Loss: 26.7828 | Val Loss: 19.9467
count: 2
Epoch 242: | Time(s): 29.755| Train Loss: 26.5031 | Val Loss: 7.2066
count: 3
Epoch 243: | Time(s): 29.221| Train Loss: 26.7550 | Val Loss: 5.8257
count: 4
Epoch 244: | Time(s): 29.696| Train Loss: 27.5590 | Val Loss: 13.0710
count: 5
Epoch 245: | Time(s): 29.178| Train Loss: 26.1988 | Val Loss: 5.4538
count: 6
Epoch 246: | Time(s): 30.260| Train Loss: 26.4343 | Val Loss: 16.0253
count: 7
Epoch 247: | Time(s): 28.574| Train Loss: 27.9054 | Val Loss: 11.9299
count: 8
Epoch 248: | Time(s): 30.351| Train Loss: 26.9722 | Val Loss: 10.5750
count: 9
Epoch 249: | Time(s): 28.927| Train Loss: 27.0213 | Val Loss: 8.5481
count: 10
Epoch 250: | Time(s): 28.185| Train Loss: 27.8387 | Val Loss: 60.8401
count: 11
Epoch 251: | Time(s): 29.712| Train Loss: 28.4669 | Val Loss: 29.4242
count: 12
Epoch 252: | Time(s): 28.550| Train Loss: 26.6281 | Val Loss: 8.0760
count: 13
Epoch 253: | Time(s): 29.591| Train Loss: 27.7719 | Val Loss: 28.7827
count: 14
Epoch 254: | Time(s): 28.506| Train Loss: 26.9056 | Val Loss: 9.0259
count: 15
Epoch 255: | Time(s): 29.184| Train Loss: 25.8321 | Val Loss: 5.5055
count: 16
Epoch 256: | Time(s): 30.329| Train Loss: 28.2850 | Val Loss: 42.4136
count: 17
Epoch 257: | Time(s): 29.756| Train Loss: 27.1023 | Val Loss: 36.5433
count: 18
Epoch 258: | Time(s): 29.299| Train Loss: 27.1205 | Val Loss: 8.8549
count: 19
Epoch 259: | Time(s): 28.893| Train Loss: 26.7278 | Val Loss: 8.3961
count: 20
Epoch 260: | Time(s): 28.884| Train Loss: 26.3685 | Val Loss: 8.2547
count: 21
Epoch 261: | Time(s): 30.317| Train Loss: 26.0576 | Val Loss: 7.0237
count: 22
Epoch 262: | Time(s): 30.146| Train Loss: 27.1730 | Val Loss: 17.2153
count: 23
Epoch 263: | Time(s): 28.857| Train Loss: 25.3677 | Val Loss: 51.2911
count: 24
Epoch 264: | Time(s): 29.298| Train Loss: 26.3270 | Val Loss: 5.3076
=============================== Best model Saved! Val MSE: 5.3076
count: 0
Epoch 265: | Time(s): 28.984| Train Loss: 26.8860 | Val Loss: 10.4446
count: 1
Epoch 266: | Time(s): 29.860| Train Loss: 26.0919 | Val Loss: 19.8569
count: 2
Epoch 267: | Time(s): 28.698| Train Loss: 26.5538 | Val Loss: 15.2328
count: 3
Epoch 268: | Time(s): 29.830| Train Loss: 26.8161 | Val Loss: 6.8233
count: 4
Epoch 269: | Time(s): 28.482| Train Loss: 26.7309 | Val Loss: 66.6235
count: 5
Epoch 270: | Time(s): 29.649| Train Loss: 26.2723 | Val Loss: 19.8096
count: 6
Epoch 271: | Time(s): 29.745| Train Loss: 25.7351 | Val Loss: 5.2859
=============================== Best model Saved! Val MSE: 5.2859
count: 0
Epoch 272: | Time(s): 29.423| Train Loss: 26.8298 | Val Loss: 8.6521
count: 1
Epoch 273: | Time(s): 29.062| Train Loss: 26.2546 | Val Loss: 24.6042
count: 2
Epoch 274: | Time(s): 29.801| Train Loss: 27.5848 | Val Loss: 12.4402
count: 3
Epoch 275: | Time(s): 29.130| Train Loss: 26.7374 | Val Loss: 20.3511
count: 4
Epoch 276: | Time(s): 29.048| Train Loss: 26.3652 | Val Loss: 6.9315
count: 5
Epoch 277: | Time(s): 28.453| Train Loss: 26.2675 | Val Loss: 9.8535
count: 6
Epoch 278: | Time(s): 30.083| Train Loss: 26.5503 | Val Loss: 10.4220
count: 7
Epoch 279: | Time(s): 29.746| Train Loss: 26.8283 | Val Loss: 8.4049
count: 8
Epoch 280: | Time(s): 28.764| Train Loss: 26.8989 | Val Loss: 24.0908
count: 9
Epoch 281: | Time(s): 29.649| Train Loss: 27.3477 | Val Loss: 18.8671
count: 10
Epoch 282: | Time(s): 27.683| Train Loss: 26.8394 | Val Loss: 7.3778
count: 11
Epoch 283: | Time(s): 30.387| Train Loss: 25.9120 | Val Loss: 62.7905
count: 12
Epoch 284: | Time(s): 29.329| Train Loss: 27.1750 | Val Loss: 13.1093
count: 13
Epoch 285: | Time(s): 28.995| Train Loss: 26.2757 | Val Loss: 13.0209
count: 14
Epoch 286: | Time(s): 28.756| Train Loss: 26.7991 | Val Loss: 10.9163
count: 15
Epoch 287: | Time(s): 28.977| Train Loss: 26.2986 | Val Loss: 16.2456
count: 16
Epoch 288: | Time(s): 28.759| Train Loss: 27.3375 | Val Loss: 31.0979
count: 17
Epoch 289: | Time(s): 29.124| Train Loss: 26.8325 | Val Loss: 112.7493
count: 18
Epoch 290: | Time(s): 29.302| Train Loss: 26.8063 | Val Loss: 6.6842
count: 19
Epoch 291: | Time(s): 30.019| Train Loss: 25.1624 | Val Loss: 8.8077
count: 20
Epoch 292: | Time(s): 29.634| Train Loss: 26.0132 | Val Loss: 8.4795
count: 21
Epoch 293: | Time(s): 28.999| Train Loss: 26.3084 | Val Loss: 53.6199
count: 22
Epoch 294: | Time(s): 28.350| Train Loss: 25.7563 | Val Loss: 5.3602
count: 23
Epoch 295: | Time(s): 29.432| Train Loss: 26.7153 | Val Loss: 6.5338
count: 24
Epoch 296: | Time(s): 29.882| Train Loss: 25.3510 | Val Loss: 12.6234
count: 25
Epoch 297: | Time(s): 30.176| Train Loss: 25.5709 | Val Loss: 9.7662
count: 26
Epoch 298: | Time(s): 28.377| Train Loss: 25.7585 | Val Loss: 8.3803
count: 27
Epoch 299: | Time(s): 30.423| Train Loss: 25.7209 | Val Loss: 6.3915
count: 28
Epoch 300: | Time(s): 28.954| Train Loss: 25.6763 | Val Loss: 18.0496
count: 29
Epoch 301: | Time(s): 28.480| Train Loss: 25.8850 | Val Loss: 8.8447
count: 30
Epoch 302: | Time(s): 28.609| Train Loss: 25.6456 | Val Loss: 6.3829
count: 31
Epoch 303: | Time(s): 29.153| Train Loss: 25.6076 | Val Loss: 16.1495
count: 32
Epoch 304: | Time(s): 29.761| Train Loss: 26.1293 | Val Loss: 93.8572
count: 33
Epoch 305: | Time(s): 28.401| Train Loss: 27.0876 | Val Loss: 6.8756
count: 34
Epoch 306: | Time(s): 29.646| Train Loss: 25.7574 | Val Loss: 15.4432
count: 35
Epoch 307: | Time(s): 29.737| Train Loss: 25.3602 | Val Loss: 11.0693
count: 36
Epoch 308: | Time(s): 29.410| Train Loss: 27.0028 | Val Loss: 7.4252
count: 37
Epoch 309: | Time(s): 28.310| Train Loss: 25.8209 | Val Loss: 31.4586
count: 38
Epoch 310: | Time(s): 29.141| Train Loss: 26.0213 | Val Loss: 6.0040
count: 39
Epoch 311: | Time(s): 28.588| Train Loss: 25.0198 | Val Loss: 5.9521
count: 40
Epoch 312: | Time(s): 29.613| Train Loss: 25.5703 | Val Loss: 10.8815
count: 41
Epoch 313: | Time(s): 27.652| Train Loss: 26.1278 | Val Loss: 8.6792
count: 42
Epoch 314: | Time(s): 28.935| Train Loss: 25.7584 | Val Loss: 7.7370
count: 43
Epoch 315: | Time(s): 29.296| Train Loss: 24.9097 | Val Loss: 8.0853
count: 44
Epoch 316: | Time(s): 29.695| Train Loss: 25.8295 | Val Loss: 31.7714
count: 45
Epoch 317: | Time(s): 29.708| Train Loss: 25.2636 | Val Loss: 5.4321
count: 46
Epoch 318: | Time(s): 28.824| Train Loss: 27.2016 | Val Loss: 7.4297
count: 47
Epoch 319: | Time(s): 30.207| Train Loss: 26.2295 | Val Loss: 7.5796
count: 48
Epoch 320: | Time(s): 29.584| Train Loss: 25.2184 | Val Loss: 15.7027
count: 49
Epoch 321: | Time(s): 28.894| Train Loss: 25.5593 | Val Loss: 7.7774
count: 50
Epoch 322: | Time(s): 29.766| Train Loss: 25.5501 | Val Loss: 21.0115
count: 51
Epoch 323: | Time(s): 29.746| Train Loss: 25.2090 | Val Loss: 18.0795
count: 52
Epoch 324: | Time(s): 29.025| Train Loss: 25.9221 | Val Loss: 11.9634
count: 53
Epoch 325: | Time(s): 29.097| Train Loss: 26.7037 | Val Loss: 7.7867
count: 54
Epoch 326: | Time(s): 28.565| Train Loss: 25.2733 | Val Loss: 6.5764
count: 55
Epoch 327: | Time(s): 28.576| Train Loss: 26.4747 | Val Loss: 31.5321
count: 56
Epoch 328: | Time(s): 30.389| Train Loss: 24.9866 | Val Loss: 8.0646
count: 57
Epoch 329: | Time(s): 27.958| Train Loss: 25.2504 | Val Loss: 6.4126
count: 58
Epoch 330: | Time(s): 27.967| Train Loss: 26.4174 | Val Loss: 8.3343
count: 59
Epoch 331: | Time(s): 28.699| Train Loss: 25.3919 | Val Loss: 11.3122
count: 60
Epoch 332: | Time(s): 28.520| Train Loss: 24.8033 | Val Loss: 30.4867
count: 61
Epoch 333: | Time(s): 28.422| Train Loss: 25.2047 | Val Loss: 12.5967
count: 62
Epoch 334: | Time(s): 28.125| Train Loss: 25.5286 | Val Loss: 10.3032
count: 63
Epoch 335: | Time(s): 29.598| Train Loss: 25.1923 | Val Loss: 12.8422
count: 64
Epoch 336: | Time(s): 29.350| Train Loss: 26.3075 | Val Loss: 8.1375
count: 65
Epoch 337: | Time(s): 28.403| Train Loss: 26.6478 | Val Loss: 12.4762
count: 66
Epoch 338: | Time(s): 28.735| Train Loss: 24.9185 | Val Loss: 17.3305
count: 67
Epoch 339: | Time(s): 28.578| Train Loss: 25.2666 | Val Loss: 21.3996
count: 68
Epoch 340: | Time(s): 28.496| Train Loss: 24.3042 | Val Loss: 9.2163
count: 69
Epoch 341: | Time(s): 29.555| Train Loss: 25.3930 | Val Loss: 7.5262
count: 70
Epoch 342: | Time(s): 28.961| Train Loss: 24.5040 | Val Loss: 7.6433
count: 71
Epoch 343: | Time(s): 28.514| Train Loss: 26.5206 | Val Loss: 10.3466
count: 72
Epoch 344: | Time(s): 29.715| Train Loss: 24.7926 | Val Loss: 6.7274
count: 73
Epoch 345: | Time(s): 28.111| Train Loss: 26.0272 | Val Loss: 6.8114
count: 74
Epoch 346: | Time(s): 29.009| Train Loss: 26.1464 | Val Loss: 8.5146
count: 75
Epoch 347: | Time(s): 28.404| Train Loss: 25.0215 | Val Loss: 22.0013
count: 76
Epoch 348: | Time(s): 29.123| Train Loss: 25.4349 | Val Loss: 13.8485
count: 77
Epoch 349: | Time(s): 28.456| Train Loss: 25.0981 | Val Loss: 12.0474
count: 78
Epoch 350: | Time(s): 29.364| Train Loss: 25.8447 | Val Loss: 7.0069
count: 79
Epoch 351: | Time(s): 28.425| Train Loss: 25.8269 | Val Loss: 12.2365
count: 80
Epoch 352: | Time(s): 29.163| Train Loss: 24.9564 | Val Loss: 6.7225
count: 81
Epoch 353: | Time(s): 28.637| Train Loss: 24.6946 | Val Loss: 7.9521
count: 82
Epoch 354: | Time(s): 30.232| Train Loss: 25.5691 | Val Loss: 18.3352
count: 83
Epoch 355: | Time(s): 29.508| Train Loss: 25.0408 | Val Loss: 9.2683
count: 84
Epoch 356: | Time(s): 30.001| Train Loss: 25.2153 | Val Loss: 51.7749
count: 85
Epoch 357: | Time(s): 30.553| Train Loss: 25.2230 | Val Loss: 16.3933
count: 86
Epoch 358: | Time(s): 29.309| Train Loss: 25.4882 | Val Loss: 23.6184
count: 87
Epoch 359: | Time(s): 29.681| Train Loss: 25.1794 | Val Loss: 7.3829
count: 88
Epoch 360: | Time(s): 28.831| Train Loss: 25.0741 | Val Loss: 18.0014
count: 89
Epoch 361: | Time(s): 30.767| Train Loss: 25.6508 | Val Loss: 18.9610
count: 90
Epoch 362: | Time(s): 28.645| Train Loss: 23.8453 | Val Loss: 9.2198
count: 91
Epoch 363: | Time(s): 28.611| Train Loss: 24.0501 | Val Loss: 7.3392
count: 92
Epoch 364: | Time(s): 29.043| Train Loss: 25.4410 | Val Loss: 25.9031
count: 93
Epoch 365: | Time(s): 29.114| Train Loss: 25.4689 | Val Loss: 35.2774
count: 94
Epoch 366: | Time(s): 29.150| Train Loss: 25.2615 | Val Loss: 39.0982
count: 95
Epoch 367: | Time(s): 29.550| Train Loss: 24.5888 | Val Loss: 8.6448
count: 96
Epoch 368: | Time(s): 28.934| Train Loss: 24.5792 | Val Loss: 11.8772
count: 97
Epoch 369: | Time(s): 29.797| Train Loss: 26.4340 | Val Loss: 9.9368
count: 98
Epoch 370: | Time(s): 28.760| Train Loss: 25.2021 | Val Loss: 12.1849
count: 99
Epoch 371: | Time(s): 29.206| Train Loss: 24.9993 | Val Loss: 28.5282
count: 100
Early stopping triggered at epoch: 371
train inference is done!
validation inference is done!
test inference is done!
test inference is done!
