nohup: ignoring input
Check if there is GPU(s): True
(13875, 33) | (8233, 33) | (12443, 33)
Number of parameters: 794240
Epoch 001: | Time(s): 111.218| Train Loss: 4778.1168 | Val Loss: 4115.1894
=============================== Best model Saved! Val MSE: 4115.1894
count: 0
Epoch 002: | Time(s): 70.660| Train Loss: 2447.1648 | Val Loss: 1758.2643
=============================== Best model Saved! Val MSE: 1758.2643
count: 0
Epoch 003: | Time(s): 72.533| Train Loss: 1730.1801 | Val Loss: 924.6889
=============================== Best model Saved! Val MSE: 924.6889
count: 0
Epoch 004: | Time(s): 104.884| Train Loss: 1279.6916 | Val Loss: 1039.3069
count: 1
Epoch 005: | Time(s): 78.293| Train Loss: 1017.1036 | Val Loss: 573.6789
=============================== Best model Saved! Val MSE: 573.6789
count: 0
Epoch 006: | Time(s): 70.799| Train Loss: 919.8587 | Val Loss: 346.0858
=============================== Best model Saved! Val MSE: 346.0858
count: 0
Epoch 007: | Time(s): 71.538| Train Loss: 840.6176 | Val Loss: 178.5986
=============================== Best model Saved! Val MSE: 178.5986
count: 0
Epoch 008: | Time(s): 78.359| Train Loss: 805.7760 | Val Loss: 386.5074
count: 1
Epoch 009: | Time(s): 103.627| Train Loss: 784.2340 | Val Loss: 280.8453
count: 2
Epoch 010: | Time(s): 71.375| Train Loss: 745.3099 | Val Loss: 329.3113
count: 3
Epoch 011: | Time(s): 70.985| Train Loss: 724.4439 | Val Loss: 141.4171
=============================== Best model Saved! Val MSE: 141.4171
count: 0
Epoch 012: | Time(s): 70.773| Train Loss: 683.4208 | Val Loss: 207.1685
count: 1
Epoch 013: | Time(s): 70.915| Train Loss: 676.8812 | Val Loss: 312.7321
count: 2
Epoch 014: | Time(s): 108.371| Train Loss: 646.1576 | Val Loss: 298.8952
count: 3
Epoch 015: | Time(s): 71.217| Train Loss: 632.9669 | Val Loss: 277.1803
count: 4
Epoch 016: | Time(s): 71.225| Train Loss: 615.2639 | Val Loss: 291.1471
count: 5
Epoch 017: | Time(s): 71.126| Train Loss: 599.9461 | Val Loss: 232.8928
count: 6
Epoch 018: | Time(s): 70.700| Train Loss: 593.0799 | Val Loss: 214.7069
count: 7
Epoch 019: | Time(s): 70.662| Train Loss: 578.8292 | Val Loss: 286.8372
count: 8
Epoch 020: | Time(s): 99.262| Train Loss: 562.1181 | Val Loss: 212.9814
count: 9
Epoch 021: | Time(s): 80.607| Train Loss: 544.3886 | Val Loss: 277.2941
count: 10
Epoch 022: | Time(s): 70.924| Train Loss: 552.6816 | Val Loss: 299.9483
count: 11
Epoch 023: | Time(s): 71.262| Train Loss: 529.0017 | Val Loss: 307.5056
count: 12
Epoch 024: | Time(s): 71.296| Train Loss: 529.6814 | Val Loss: 313.8283
count: 13
Epoch 025: | Time(s): 70.766| Train Loss: 516.8991 | Val Loss: 213.3036
count: 14
Epoch 026: | Time(s): 71.154| Train Loss: 513.3966 | Val Loss: 291.1001
count: 15
Epoch 027: | Time(s): 81.285| Train Loss: 494.2022 | Val Loss: 275.4219
count: 16
Epoch 028: | Time(s): 101.121| Train Loss: 483.6173 | Val Loss: 265.5833
count: 17
Epoch 029: | Time(s): 71.385| Train Loss: 488.9369 | Val Loss: 262.0399
count: 18
Epoch 030: | Time(s): 71.100| Train Loss: 477.2305 | Val Loss: 318.9920
count: 19
Epoch 031: | Time(s): 71.361| Train Loss: 470.8010 | Val Loss: 296.0828
count: 20
Epoch 032: | Time(s): 71.183| Train Loss: 469.3465 | Val Loss: 297.6198
count: 21
Epoch 033: | Time(s): 70.691| Train Loss: 467.5349 | Val Loss: 262.6318
count: 22
Epoch 034: | Time(s): 70.992| Train Loss: 463.2921 | Val Loss: 287.4570
count: 23
Epoch 035: | Time(s): 71.879| Train Loss: 466.6034 | Val Loss: 300.1362
count: 24
Epoch 036: | Time(s): 109.417| Train Loss: 455.6130 | Val Loss: 270.6608
count: 25
Epoch 037: | Time(s): 71.225| Train Loss: 455.9847 | Val Loss: 266.8910
count: 26
Epoch 038: | Time(s): 71.439| Train Loss: 434.7166 | Val Loss: 225.3204
count: 27
Epoch 039: | Time(s): 70.931| Train Loss: 442.5751 | Val Loss: 215.7770
count: 28
Epoch 040: | Time(s): 71.019| Train Loss: 421.3561 | Val Loss: 282.9687
count: 29
Epoch 041: | Time(s): 70.934| Train Loss: 423.5731 | Val Loss: 286.3207
count: 30
Epoch 042: | Time(s): 71.555| Train Loss: 438.8023 | Val Loss: 213.9411
count: 31
Epoch 043: | Time(s): 70.846| Train Loss: 418.1709 | Val Loss: 353.0954
count: 32
Epoch 044: | Time(s): 70.795| Train Loss: 418.8912 | Val Loss: 270.4147
count: 33
Epoch 045: | Time(s): 97.934| Train Loss: 408.4301 | Val Loss: 233.9550
count: 34
Epoch 046: | Time(s): 83.218| Train Loss: 408.3893 | Val Loss: 211.3924
count: 35
Epoch 047: | Time(s): 70.829| Train Loss: 400.5475 | Val Loss: 203.2991
count: 36
Epoch 048: | Time(s): 71.027| Train Loss: 412.3296 | Val Loss: 236.4833
count: 37
Epoch 049: | Time(s): 72.287| Train Loss: 389.4456 | Val Loss: 257.6985
count: 38
Epoch 050: | Time(s): 70.844| Train Loss: 397.2212 | Val Loss: 227.2201
count: 39
Epoch 051: | Time(s): 70.706| Train Loss: 391.2850 | Val Loss: 380.2388
count: 40
Epoch 052: | Time(s): 70.809| Train Loss: 388.3228 | Val Loss: 361.3777
count: 41
Epoch 053: | Time(s): 70.818| Train Loss: 389.7076 | Val Loss: 272.6634
count: 42
Epoch 054: | Time(s): 70.575| Train Loss: 389.2761 | Val Loss: 309.2160
count: 43
Epoch 055: | Time(s): 72.052| Train Loss: 381.8747 | Val Loss: 279.2199
count: 44
Epoch 056: | Time(s): 74.036| Train Loss: 373.1507 | Val Loss: 318.0200
count: 45
Epoch 057: | Time(s): 72.372| Train Loss: 372.4654 | Val Loss: 297.2393
count: 46
Epoch 058: | Time(s): 72.082| Train Loss: 371.8659 | Val Loss: 277.3308
count: 47
Epoch 059: | Time(s): 72.717| Train Loss: 370.0452 | Val Loss: 276.3381
count: 48
Epoch 060: | Time(s): 72.541| Train Loss: 369.1478 | Val Loss: 302.4582
count: 49
Epoch 061: | Time(s): 72.930| Train Loss: 361.8184 | Val Loss: 268.3553
count: 50
Epoch 062: | Time(s): 72.130| Train Loss: 360.9374 | Val Loss: 156.9087
count: 51
Epoch 063: | Time(s): 72.111| Train Loss: 349.7719 | Val Loss: 270.7842
count: 52
Epoch 064: | Time(s): 72.357| Train Loss: 348.2083 | Val Loss: 406.4375
count: 53
Epoch 065: | Time(s): 72.977| Train Loss: 351.9968 | Val Loss: 301.0991
count: 54
Epoch 066: | Time(s): 73.321| Train Loss: 340.9197 | Val Loss: 272.4715
count: 55
Epoch 067: | Time(s): 71.449| Train Loss: 343.3587 | Val Loss: 203.3148
count: 56
Epoch 068: | Time(s): 71.237| Train Loss: 339.1028 | Val Loss: 218.8884
count: 57
Epoch 069: | Time(s): 72.324| Train Loss: 339.4793 | Val Loss: 411.0039
count: 58
Epoch 070: | Time(s): 72.181| Train Loss: 334.6067 | Val Loss: 227.1482
count: 59
Epoch 071: | Time(s): 73.156| Train Loss: 329.1219 | Val Loss: 247.3492
count: 60
Epoch 072: | Time(s): 71.623| Train Loss: 328.1332 | Val Loss: 230.6666
count: 61
Epoch 073: | Time(s): 71.903| Train Loss: 330.8145 | Val Loss: 379.7164
count: 62
Epoch 074: | Time(s): 71.853| Train Loss: 334.8356 | Val Loss: 230.3685
count: 63
Epoch 075: | Time(s): 72.566| Train Loss: 324.9390 | Val Loss: 322.1568
count: 64
Epoch 076: | Time(s): 72.300| Train Loss: 324.4043 | Val Loss: 284.2996
count: 65
Epoch 077: | Time(s): 71.955| Train Loss: 321.7629 | Val Loss: 240.1312
count: 66
Epoch 078: | Time(s): 72.186| Train Loss: 310.2589 | Val Loss: 229.6333
count: 67
Epoch 079: | Time(s): 73.765| Train Loss: 318.4338 | Val Loss: 331.5084
count: 68
Epoch 080: | Time(s): 71.528| Train Loss: 311.4083 | Val Loss: 244.8941
count: 69
Epoch 081: | Time(s): 71.405| Train Loss: 307.6849 | Val Loss: 236.5568
count: 70
Epoch 082: | Time(s): 72.430| Train Loss: 306.3252 | Val Loss: 212.7876
count: 71
Epoch 083: | Time(s): 72.586| Train Loss: 297.0351 | Val Loss: 223.6224
count: 72
Epoch 084: | Time(s): 71.497| Train Loss: 309.1293 | Val Loss: 198.9016
count: 73
Epoch 085: | Time(s): 73.712| Train Loss: 303.5394 | Val Loss: 422.3042
count: 74
Epoch 086: | Time(s): 74.067| Train Loss: 299.2655 | Val Loss: 237.4824
count: 75
Epoch 087: | Time(s): 72.653| Train Loss: 301.7413 | Val Loss: 221.8387
count: 76
Epoch 088: | Time(s): 72.072| Train Loss: 296.7432 | Val Loss: 342.4305
count: 77
Epoch 089: | Time(s): 73.130| Train Loss: 291.9993 | Val Loss: 252.0097
count: 78
Epoch 090: | Time(s): 71.588| Train Loss: 288.3958 | Val Loss: 248.5357
count: 79
Epoch 091: | Time(s): 72.330| Train Loss: 286.4768 | Val Loss: 266.6512
count: 80
Epoch 092: | Time(s): 72.526| Train Loss: 278.9686 | Val Loss: 244.9283
count: 81
Epoch 093: | Time(s): 72.074| Train Loss: 283.7635 | Val Loss: 240.6320
count: 82
Epoch 094: | Time(s): 71.859| Train Loss: 280.6955 | Val Loss: 233.6279
count: 83
Epoch 095: | Time(s): 72.016| Train Loss: 281.9772 | Val Loss: 220.5928
count: 84
Epoch 096: | Time(s): 71.530| Train Loss: 286.1268 | Val Loss: 234.9079
count: 85
Epoch 097: | Time(s): 71.648| Train Loss: 278.6221 | Val Loss: 238.2510
count: 86
Epoch 098: | Time(s): 72.571| Train Loss: 277.1808 | Val Loss: 290.5566
count: 87
Epoch 099: | Time(s): 71.825| Train Loss: 272.6345 | Val Loss: 263.3103
count: 88
Epoch 100: | Time(s): 71.496| Train Loss: 278.3234 | Val Loss: 219.8972
count: 89
Epoch 101: | Time(s): 72.918| Train Loss: 269.4167 | Val Loss: 321.9239
count: 90
Epoch 102: | Time(s): 72.275| Train Loss: 275.2483 | Val Loss: 352.5030
count: 91
Epoch 103: | Time(s): 72.612| Train Loss: 270.4101 | Val Loss: 217.7975
count: 92
Epoch 104: | Time(s): 71.956| Train Loss: 264.6323 | Val Loss: 247.0626
count: 93
Epoch 105: | Time(s): 73.002| Train Loss: 270.2371 | Val Loss: 290.8742
count: 94
Epoch 106: | Time(s): 72.112| Train Loss: 266.9128 | Val Loss: 373.3880
count: 95
Epoch 107: | Time(s): 71.803| Train Loss: 264.7862 | Val Loss: 221.1416
count: 96
Epoch 108: | Time(s): 71.890| Train Loss: 269.1110 | Val Loss: 270.2956
count: 97
Epoch 109: | Time(s): 73.166| Train Loss: 260.5283 | Val Loss: 246.1379
count: 98
Epoch 110: | Time(s): 72.007| Train Loss: 261.9149 | Val Loss: 285.5023
count: 99
Epoch 111: | Time(s): 72.103| Train Loss: 259.2718 | Val Loss: 290.3883
count: 100
Early stopping triggered at epoch: 111
train inference is done!
validation inference is done!
test inference is done!
test inference is done!
test inference is done!
test inference is done!
test inference is done!
test inference is done!
test inference is done!
test inference is done!
test inference is done!
test inference is done!
