nohup: ignoring input
Check if there is GPU(s): True
(13875, 33) | (8233, 33) | (12443, 33)
resampling is calculating!
Number of parameters: 794240
Epoch 001: | Time(s): 61.157| Train Loss: 1423.7937 | Val Loss: 478.3500
=============================== Best model Saved! Val MSE: 478.3500
count: 0
Epoch 002: | Time(s): 59.822| Train Loss: 535.3680 | Val Loss: 102.4150
=============================== Best model Saved! Val MSE: 102.4150
count: 0
Epoch 003: | Time(s): 57.082| Train Loss: 309.0125 | Val Loss: 34.9061
=============================== Best model Saved! Val MSE: 34.9061
count: 0
Epoch 004: | Time(s): 60.354| Train Loss: 266.2894 | Val Loss: 26.9389
=============================== Best model Saved! Val MSE: 26.9389
count: 0
Epoch 005: | Time(s): 58.599| Train Loss: 253.7422 | Val Loss: 54.7435
count: 1
Epoch 006: | Time(s): 56.668| Train Loss: 236.7712 | Val Loss: 36.8169
count: 2
Epoch 007: | Time(s): 57.029| Train Loss: 230.3373 | Val Loss: 27.7553
count: 3
Epoch 008: | Time(s): 57.683| Train Loss: 223.5936 | Val Loss: 36.9648
count: 4
Epoch 009: | Time(s): 58.223| Train Loss: 213.9248 | Val Loss: 30.8838
count: 5
Epoch 010: | Time(s): 55.692| Train Loss: 203.7419 | Val Loss: 21.1986
=============================== Best model Saved! Val MSE: 21.1986
count: 0
Epoch 011: | Time(s): 56.713| Train Loss: 199.6465 | Val Loss: 20.3349
=============================== Best model Saved! Val MSE: 20.3349
count: 0
Epoch 012: | Time(s): 56.531| Train Loss: 190.8898 | Val Loss: 24.5276
count: 1
Epoch 013: | Time(s): 59.754| Train Loss: 173.8885 | Val Loss: 26.1112
count: 2
Epoch 014: | Time(s): 56.202| Train Loss: 165.5936 | Val Loss: 33.2745
count: 3
Epoch 015: | Time(s): 59.103| Train Loss: 161.3236 | Val Loss: 31.4639
count: 4
Epoch 016: | Time(s): 56.082| Train Loss: 153.0585 | Val Loss: 20.7231
count: 5
Epoch 017: | Time(s): 60.687| Train Loss: 150.9586 | Val Loss: 25.8633
count: 6
Epoch 018: | Time(s): 56.686| Train Loss: 147.3342 | Val Loss: 37.1734
count: 7
Epoch 019: | Time(s): 57.029| Train Loss: 144.7860 | Val Loss: 30.6673
count: 8
Epoch 020: | Time(s): 59.612| Train Loss: 141.1601 | Val Loss: 37.4346
count: 9
Epoch 021: | Time(s): 56.755| Train Loss: 138.3219 | Val Loss: 21.9225
count: 10
Epoch 022: | Time(s): 57.435| Train Loss: 136.3108 | Val Loss: 38.1096
count: 11
Epoch 023: | Time(s): 56.945| Train Loss: 132.5938 | Val Loss: 22.8212
count: 12
Epoch 024: | Time(s): 56.210| Train Loss: 131.7383 | Val Loss: 32.3859
count: 13
Epoch 025: | Time(s): 56.470| Train Loss: 127.6339 | Val Loss: 27.5425
count: 14
Epoch 026: | Time(s): 57.792| Train Loss: 122.9277 | Val Loss: 25.4222
count: 15
Epoch 027: | Time(s): 56.659| Train Loss: 120.8233 | Val Loss: 33.7230
count: 16
Epoch 028: | Time(s): 59.914| Train Loss: 119.2830 | Val Loss: 23.9711
count: 17
Epoch 029: | Time(s): 58.446| Train Loss: 115.6541 | Val Loss: 20.0594
=============================== Best model Saved! Val MSE: 20.0594
count: 0
Epoch 030: | Time(s): 59.728| Train Loss: 106.8745 | Val Loss: 34.0297
count: 1
Epoch 031: | Time(s): 57.902| Train Loss: 101.0291 | Val Loss: 24.6735
count: 2
Epoch 032: | Time(s): 59.049| Train Loss: 97.1901 | Val Loss: 26.1939
count: 3
Epoch 033: | Time(s): 56.689| Train Loss: 95.2699 | Val Loss: 19.2519
=============================== Best model Saved! Val MSE: 19.2519
count: 0
Epoch 034: | Time(s): 57.864| Train Loss: 90.2118 | Val Loss: 27.8477
count: 1
Epoch 035: | Time(s): 56.352| Train Loss: 87.5888 | Val Loss: 16.1236
=============================== Best model Saved! Val MSE: 16.1236
count: 0
Epoch 036: | Time(s): 59.707| Train Loss: 82.3907 | Val Loss: 17.1000
count: 1
Epoch 037: | Time(s): 57.140| Train Loss: 80.1621 | Val Loss: 24.9528
count: 2
Epoch 038: | Time(s): 59.373| Train Loss: 80.4246 | Val Loss: 22.0651
count: 3
Epoch 039: | Time(s): 56.807| Train Loss: 75.7319 | Val Loss: 20.8617
count: 4
Epoch 040: | Time(s): 57.870| Train Loss: 75.6883 | Val Loss: 17.3919
count: 5
Epoch 041: | Time(s): 57.158| Train Loss: 73.2089 | Val Loss: 27.6312
count: 6
Epoch 042: | Time(s): 57.071| Train Loss: 72.5622 | Val Loss: 29.5502
count: 7
Epoch 043: | Time(s): 56.544| Train Loss: 71.3153 | Val Loss: 21.3380
count: 8
Epoch 044: | Time(s): 56.250| Train Loss: 68.8987 | Val Loss: 32.9597
count: 9
Epoch 045: | Time(s): 57.069| Train Loss: 70.5803 | Val Loss: 22.0937
count: 10
Epoch 046: | Time(s): 58.077| Train Loss: 68.1858 | Val Loss: 17.2273
count: 11
Epoch 047: | Time(s): 57.082| Train Loss: 65.5770 | Val Loss: 17.1299
count: 12
Epoch 048: | Time(s): 57.433| Train Loss: 65.3853 | Val Loss: 20.4765
count: 13
Epoch 049: | Time(s): 59.858| Train Loss: 65.2803 | Val Loss: 41.9863
count: 14
Epoch 050: | Time(s): 58.094| Train Loss: 63.3211 | Val Loss: 42.0551
count: 15
Epoch 051: | Time(s): 59.225| Train Loss: 61.8915 | Val Loss: 23.6219
count: 16
Epoch 052: | Time(s): 58.969| Train Loss: 61.6372 | Val Loss: 14.8970
=============================== Best model Saved! Val MSE: 14.8970
count: 0
Epoch 053: | Time(s): 59.821| Train Loss: 61.0844 | Val Loss: 18.2914
count: 1
Epoch 054: | Time(s): 57.194| Train Loss: 60.0690 | Val Loss: 15.7873
count: 2
Epoch 055: | Time(s): 56.411| Train Loss: 59.4818 | Val Loss: 19.7217
count: 3
Epoch 056: | Time(s): 58.744| Train Loss: 58.0863 | Val Loss: 16.4676
count: 4
Epoch 057: | Time(s): 57.667| Train Loss: 57.2452 | Val Loss: 19.1207
count: 5
Epoch 058: | Time(s): 59.571| Train Loss: 56.5130 | Val Loss: 20.7992
count: 6
Epoch 059: | Time(s): 58.613| Train Loss: 54.3624 | Val Loss: 28.3478
count: 7
Epoch 060: | Time(s): 57.951| Train Loss: 54.5308 | Val Loss: 33.3135
count: 8
Epoch 061: | Time(s): 56.347| Train Loss: 53.1808 | Val Loss: 24.8523
count: 9
Epoch 062: | Time(s): 56.246| Train Loss: 51.9983 | Val Loss: 16.3400
count: 10
Epoch 063: | Time(s): 58.925| Train Loss: 51.4325 | Val Loss: 21.7395
count: 11
Epoch 064: | Time(s): 56.241| Train Loss: 50.9845 | Val Loss: 16.9036
count: 12
Epoch 065: | Time(s): 59.028| Train Loss: 49.9509 | Val Loss: 16.9061
count: 13
Epoch 066: | Time(s): 58.029| Train Loss: 51.7190 | Val Loss: 24.1317
count: 14
Epoch 067: | Time(s): 56.819| Train Loss: 49.4615 | Val Loss: 19.2274
count: 15
Epoch 068: | Time(s): 57.193| Train Loss: 49.2110 | Val Loss: 23.3382
count: 16
Epoch 069: | Time(s): 56.816| Train Loss: 48.0091 | Val Loss: 24.1239
count: 17
Epoch 070: | Time(s): 56.873| Train Loss: 48.7225 | Val Loss: 20.2693
count: 18
Epoch 071: | Time(s): 57.935| Train Loss: 46.4024 | Val Loss: 27.2310
count: 19
Epoch 072: | Time(s): 57.458| Train Loss: 46.0288 | Val Loss: 22.1513
count: 20
Epoch 073: | Time(s): 58.511| Train Loss: 45.7827 | Val Loss: 18.1828
count: 21
Epoch 074: | Time(s): 56.768| Train Loss: 45.4740 | Val Loss: 15.6114
count: 22
Epoch 075: | Time(s): 56.494| Train Loss: 45.5320 | Val Loss: 24.7642
count: 23
Epoch 076: | Time(s): 57.597| Train Loss: 45.1470 | Val Loss: 14.0977
=============================== Best model Saved! Val MSE: 14.0977
count: 0
Epoch 077: | Time(s): 57.867| Train Loss: 42.9449 | Val Loss: 21.1583
count: 1
Epoch 078: | Time(s): 59.319| Train Loss: 43.6683 | Val Loss: 16.8308
count: 2
Epoch 079: | Time(s): 58.629| Train Loss: 42.7212 | Val Loss: 16.8656
count: 3
Epoch 080: | Time(s): 58.111| Train Loss: 43.1080 | Val Loss: 20.6808
count: 4
Epoch 081: | Time(s): 56.778| Train Loss: 42.1455 | Val Loss: 16.9235
count: 5
Epoch 082: | Time(s): 57.496| Train Loss: 41.7824 | Val Loss: 18.1569
count: 6
Epoch 083: | Time(s): 58.162| Train Loss: 40.8758 | Val Loss: 17.2084
count: 7
Epoch 084: | Time(s): 59.907| Train Loss: 41.3537 | Val Loss: 18.5095
count: 8
Epoch 085: | Time(s): 56.513| Train Loss: 40.5932 | Val Loss: 18.0720
count: 9
Epoch 086: | Time(s): 57.891| Train Loss: 41.0478 | Val Loss: 20.7512
count: 10
Epoch 087: | Time(s): 56.020| Train Loss: 39.5652 | Val Loss: 27.2026
count: 11
Epoch 088: | Time(s): 56.442| Train Loss: 40.0110 | Val Loss: 40.7047
count: 12
Epoch 089: | Time(s): 57.735| Train Loss: 38.2656 | Val Loss: 15.1846
count: 13
Epoch 090: | Time(s): 59.090| Train Loss: 37.9478 | Val Loss: 13.3267
=============================== Best model Saved! Val MSE: 13.3267
count: 0
Epoch 091: | Time(s): 59.023| Train Loss: 38.3265 | Val Loss: 16.8525
count: 1
Epoch 092: | Time(s): 57.077| Train Loss: 37.2863 | Val Loss: 19.2071
count: 2
Epoch 093: | Time(s): 60.383| Train Loss: 37.9132 | Val Loss: 16.4712
count: 3
Epoch 094: | Time(s): 59.963| Train Loss: 38.0956 | Val Loss: 19.5706
count: 4
Epoch 095: | Time(s): 55.897| Train Loss: 37.3057 | Val Loss: 22.2681
count: 5
Epoch 096: | Time(s): 57.093| Train Loss: 37.0414 | Val Loss: 18.6988
count: 6
Epoch 097: | Time(s): 58.291| Train Loss: 37.0486 | Val Loss: 17.9340
count: 7
Epoch 098: | Time(s): 60.495| Train Loss: 37.0731 | Val Loss: 20.3460
count: 8
Epoch 099: | Time(s): 59.078| Train Loss: 36.7677 | Val Loss: 19.7005
count: 9
Epoch 100: | Time(s): 59.526| Train Loss: 35.4716 | Val Loss: 19.1108
count: 10
Epoch 101: | Time(s): 57.514| Train Loss: 35.2090 | Val Loss: 20.1624
count: 11
Epoch 102: | Time(s): 58.075| Train Loss: 34.7939 | Val Loss: 15.1110
count: 12
Epoch 103: | Time(s): 56.446| Train Loss: 36.2025 | Val Loss: 16.7874
count: 13
Epoch 104: | Time(s): 56.462| Train Loss: 35.0825 | Val Loss: 16.6710
count: 14
Epoch 105: | Time(s): 56.986| Train Loss: 34.8242 | Val Loss: 17.1098
count: 15
Epoch 106: | Time(s): 58.271| Train Loss: 33.3513 | Val Loss: 14.7438
count: 16
Epoch 107: | Time(s): 59.345| Train Loss: 35.8662 | Val Loss: 19.4665
count: 17
Epoch 108: | Time(s): 56.701| Train Loss: 34.6008 | Val Loss: 13.2831
=============================== Best model Saved! Val MSE: 13.2831
count: 0
Epoch 109: | Time(s): 57.282| Train Loss: 35.5281 | Val Loss: 13.3775
count: 1
Epoch 110: | Time(s): 57.670| Train Loss: 34.6949 | Val Loss: 15.4209
count: 2
Epoch 111: | Time(s): 58.544| Train Loss: 33.8520 | Val Loss: 24.2225
count: 3
Epoch 112: | Time(s): 59.691| Train Loss: 33.3008 | Val Loss: 13.5590
count: 4
Epoch 113: | Time(s): 59.419| Train Loss: 34.4878 | Val Loss: 16.2234
count: 5
Epoch 114: | Time(s): 56.074| Train Loss: 34.1283 | Val Loss: 14.9211
count: 6
Epoch 115: | Time(s): 56.476| Train Loss: 34.0802 | Val Loss: 22.3733
count: 7
Epoch 116: | Time(s): 58.666| Train Loss: 35.1567 | Val Loss: 16.7752
count: 8
Epoch 117: | Time(s): 56.453| Train Loss: 34.4980 | Val Loss: 17.9053
count: 9
Epoch 118: | Time(s): 58.931| Train Loss: 33.7811 | Val Loss: 15.1833
count: 10
Epoch 119: | Time(s): 57.130| Train Loss: 33.6018 | Val Loss: 16.7016
count: 11
Epoch 120: | Time(s): 55.552| Train Loss: 32.8208 | Val Loss: 14.1061
count: 12
Epoch 121: | Time(s): 59.660| Train Loss: 33.4047 | Val Loss: 19.7369
count: 13
Epoch 122: | Time(s): 58.764| Train Loss: 33.6131 | Val Loss: 14.2180
count: 14
Epoch 123: | Time(s): 58.651| Train Loss: 33.2473 | Val Loss: 30.0794
count: 15
Epoch 124: | Time(s): 58.939| Train Loss: 33.4080 | Val Loss: 15.8836
count: 16
Epoch 125: | Time(s): 56.973| Train Loss: 32.4816 | Val Loss: 18.2106
count: 17
Epoch 126: | Time(s): 57.972| Train Loss: 32.7426 | Val Loss: 16.4302
count: 18
Epoch 127: | Time(s): 59.071| Train Loss: 33.2049 | Val Loss: 19.3841
count: 19
Epoch 128: | Time(s): 56.873| Train Loss: 32.9881 | Val Loss: 18.8171
count: 20
Epoch 129: | Time(s): 57.438| Train Loss: 32.1112 | Val Loss: 14.4181
count: 21
Epoch 130: | Time(s): 58.233| Train Loss: 32.9421 | Val Loss: 17.0069
count: 22
Epoch 131: | Time(s): 59.080| Train Loss: 32.9328 | Val Loss: 19.7428
count: 23
Epoch 132: | Time(s): 58.058| Train Loss: 33.4212 | Val Loss: 13.6956
count: 24
Epoch 133: | Time(s): 59.071| Train Loss: 32.7847 | Val Loss: 15.6040
count: 25
Epoch 134: | Time(s): 56.396| Train Loss: 32.1850 | Val Loss: 18.4921
count: 26
Epoch 135: | Time(s): 59.797| Train Loss: 32.5639 | Val Loss: 15.5443
count: 27
Epoch 136: | Time(s): 59.189| Train Loss: 33.5446 | Val Loss: 16.9170
count: 28
Epoch 137: | Time(s): 56.831| Train Loss: 32.9156 | Val Loss: 21.3018
count: 29
Epoch 138: | Time(s): 57.029| Train Loss: 32.0499 | Val Loss: 14.9919
count: 30
Epoch 139: | Time(s): 56.622| Train Loss: 32.0087 | Val Loss: 18.4241
count: 31
Epoch 140: | Time(s): 60.200| Train Loss: 32.8866 | Val Loss: 12.3356
=============================== Best model Saved! Val MSE: 12.3356
count: 0
Epoch 141: | Time(s): 60.005| Train Loss: 31.7235 | Val Loss: 22.7242
count: 1
Epoch 142: | Time(s): 57.663| Train Loss: 32.0763 | Val Loss: 15.9757
count: 2
Epoch 143: | Time(s): 57.158| Train Loss: 31.9234 | Val Loss: 16.3041
count: 3
Epoch 144: | Time(s): 57.464| Train Loss: 32.1191 | Val Loss: 17.4065
count: 4
Epoch 145: | Time(s): 56.478| Train Loss: 32.6110 | Val Loss: 14.1502
count: 5
Epoch 146: | Time(s): 57.130| Train Loss: 31.4299 | Val Loss: 16.5992
count: 6
Epoch 147: | Time(s): 56.731| Train Loss: 32.0296 | Val Loss: 17.3586
count: 7
Epoch 148: | Time(s): 59.385| Train Loss: 31.8001 | Val Loss: 16.7685
count: 8
Epoch 149: | Time(s): 57.676| Train Loss: 31.6940 | Val Loss: 21.8687
count: 9
Epoch 150: | Time(s): 57.042| Train Loss: 32.2597 | Val Loss: 12.5278
count: 10
Epoch 151: | Time(s): 57.283| Train Loss: 32.6649 | Val Loss: 18.0584
count: 11
Epoch 152: | Time(s): 57.309| Train Loss: 31.2484 | Val Loss: 21.2336
count: 12
Epoch 153: | Time(s): 59.113| Train Loss: 31.6814 | Val Loss: 29.0989
count: 13
Epoch 154: | Time(s): 57.433| Train Loss: 30.8012 | Val Loss: 18.8810
count: 14
Epoch 155: | Time(s): 55.996| Train Loss: 33.1069 | Val Loss: 13.3028
count: 15
Epoch 156: | Time(s): 59.738| Train Loss: 32.0771 | Val Loss: 15.3224
count: 16
Epoch 157: | Time(s): 57.066| Train Loss: 32.1306 | Val Loss: 18.3455
count: 17
Epoch 158: | Time(s): 58.491| Train Loss: 31.0309 | Val Loss: 15.3071
count: 18
Epoch 159: | Time(s): 56.209| Train Loss: 31.3237 | Val Loss: 17.8444
count: 19
Epoch 160: | Time(s): 57.374| Train Loss: 31.6836 | Val Loss: 22.5730
count: 20
Epoch 161: | Time(s): 58.417| Train Loss: 31.2350 | Val Loss: 17.4085
count: 21
Epoch 162: | Time(s): 58.471| Train Loss: 30.7217 | Val Loss: 13.7583
count: 22
Epoch 163: | Time(s): 57.040| Train Loss: 31.1201 | Val Loss: 19.5216
count: 23
Epoch 164: | Time(s): 57.191| Train Loss: 31.7958 | Val Loss: 17.7417
count: 24
Epoch 165: | Time(s): 56.885| Train Loss: 31.5928 | Val Loss: 14.3748
count: 25
Epoch 166: | Time(s): 59.511| Train Loss: 32.8947 | Val Loss: 14.0615
count: 26
Epoch 167: | Time(s): 57.601| Train Loss: 31.1902 | Val Loss: 16.4733
count: 27
Epoch 168: | Time(s): 57.526| Train Loss: 31.3413 | Val Loss: 13.5472
count: 28
Epoch 169: | Time(s): 58.985| Train Loss: 30.6824 | Val Loss: 16.4140
count: 29
Epoch 170: | Time(s): 57.116| Train Loss: 31.0163 | Val Loss: 18.0760
count: 30
Epoch 171: | Time(s): 58.937| Train Loss: 30.9203 | Val Loss: 16.9890
count: 31
Epoch 172: | Time(s): 58.207| Train Loss: 31.8344 | Val Loss: 17.8936
count: 32
Epoch 173: | Time(s): 59.176| Train Loss: 31.1922 | Val Loss: 14.3958
count: 33
Epoch 174: | Time(s): 58.810| Train Loss: 30.4249 | Val Loss: 19.2480
count: 34
Epoch 175: | Time(s): 58.682| Train Loss: 30.9161 | Val Loss: 19.3533
count: 35
Epoch 176: | Time(s): 59.835| Train Loss: 31.1481 | Val Loss: 19.8230
count: 36
Epoch 177: | Time(s): 56.522| Train Loss: 30.6361 | Val Loss: 19.1489
count: 37
Epoch 178: | Time(s): 60.407| Train Loss: 30.0445 | Val Loss: 20.6872
count: 38
Epoch 179: | Time(s): 58.430| Train Loss: 30.9406 | Val Loss: 18.6639
count: 39
Epoch 180: | Time(s): 58.334| Train Loss: 30.3078 | Val Loss: 18.5491
count: 40
Epoch 181: | Time(s): 58.051| Train Loss: 30.8362 | Val Loss: 16.9811
count: 41
Epoch 182: | Time(s): 57.879| Train Loss: 30.6539 | Val Loss: 18.5073
count: 42
Epoch 183: | Time(s): 57.535| Train Loss: 30.5157 | Val Loss: 21.7028
count: 43
Epoch 184: | Time(s): 57.426| Train Loss: 31.0946 | Val Loss: 19.8986
count: 44
Epoch 185: | Time(s): 57.605| Train Loss: 31.5999 | Val Loss: 22.0887
count: 45
Epoch 186: | Time(s): 58.068| Train Loss: 31.1333 | Val Loss: 14.3520
count: 46
Epoch 187: | Time(s): 57.702| Train Loss: 29.6663 | Val Loss: 16.6086
count: 47
Epoch 188: | Time(s): 57.982| Train Loss: 30.3859 | Val Loss: 20.1066
count: 48
Epoch 189: | Time(s): 57.362| Train Loss: 30.0015 | Val Loss: 20.2256
count: 49
Epoch 190: | Time(s): 57.761| Train Loss: 31.7117 | Val Loss: 18.0309
count: 50
Epoch 191: | Time(s): 57.883| Train Loss: 30.8459 | Val Loss: 17.1759
count: 51
Epoch 192: | Time(s): 58.121| Train Loss: 29.6819 | Val Loss: 17.2249
count: 52
Epoch 193: | Time(s): 57.584| Train Loss: 30.0931 | Val Loss: 20.8893
count: 53
Epoch 194: | Time(s): 57.956| Train Loss: 30.2507 | Val Loss: 15.7193
count: 54
Epoch 195: | Time(s): 57.436| Train Loss: 30.7952 | Val Loss: 16.6771
count: 55
Epoch 196: | Time(s): 58.172| Train Loss: 30.4199 | Val Loss: 28.6264
count: 56
Epoch 197: | Time(s): 57.795| Train Loss: 30.0967 | Val Loss: 20.8423
count: 57
Epoch 198: | Time(s): 58.364| Train Loss: 30.5910 | Val Loss: 16.4412
count: 58
Epoch 199: | Time(s): 57.685| Train Loss: 30.9324 | Val Loss: 17.8859
count: 59
Epoch 200: | Time(s): 58.075| Train Loss: 30.5231 | Val Loss: 19.2076
count: 60
Epoch 201: | Time(s): 57.612| Train Loss: 29.9758 | Val Loss: 23.3468
count: 61
Epoch 202: | Time(s): 57.128| Train Loss: 31.0004 | Val Loss: 18.7778
count: 62
Epoch 203: | Time(s): 57.747| Train Loss: 29.3542 | Val Loss: 17.5753
count: 63
Epoch 204: | Time(s): 57.961| Train Loss: 30.5786 | Val Loss: 21.5093
count: 64
Epoch 205: | Time(s): 57.937| Train Loss: 30.9478 | Val Loss: 17.5137
count: 65
Epoch 206: | Time(s): 58.135| Train Loss: 30.9351 | Val Loss: 19.9299
count: 66
Epoch 207: | Time(s): 57.885| Train Loss: 30.1277 | Val Loss: 17.2227
count: 67
Epoch 208: | Time(s): 58.142| Train Loss: 30.2901 | Val Loss: 22.2100
count: 68
Epoch 209: | Time(s): 57.840| Train Loss: 29.8111 | Val Loss: 17.8515
count: 69
Epoch 210: | Time(s): 57.711| Train Loss: 30.9900 | Val Loss: 39.1930
count: 70
Epoch 211: | Time(s): 57.950| Train Loss: 30.4108 | Val Loss: 17.7941
count: 71
Epoch 212: | Time(s): 57.563| Train Loss: 29.8776 | Val Loss: 17.4777
count: 72
Epoch 213: | Time(s): 57.433| Train Loss: 30.9126 | Val Loss: 18.8729
count: 73
Epoch 214: | Time(s): 57.331| Train Loss: 30.3799 | Val Loss: 30.1784
count: 74
Epoch 215: | Time(s): 57.769| Train Loss: 30.5224 | Val Loss: 20.5710
count: 75
Epoch 216: | Time(s): 57.451| Train Loss: 31.1449 | Val Loss: 19.0310
count: 76
Epoch 217: | Time(s): 57.805| Train Loss: 30.4565 | Val Loss: 17.1716
count: 77
Epoch 218: | Time(s): 57.537| Train Loss: 29.4398 | Val Loss: 16.5854
count: 78
Epoch 219: | Time(s): 57.582| Train Loss: 30.1901 | Val Loss: 23.8228
count: 79
Epoch 220: | Time(s): 58.218| Train Loss: 30.8099 | Val Loss: 23.4947
count: 80
Epoch 221: | Time(s): 57.721| Train Loss: 29.3409 | Val Loss: 17.5088
count: 81
Epoch 222: | Time(s): 57.328| Train Loss: 30.0728 | Val Loss: 22.3738
count: 82
Epoch 223: | Time(s): 57.732| Train Loss: 30.3884 | Val Loss: 21.8293
count: 83
Epoch 224: | Time(s): 57.769| Train Loss: 30.3973 | Val Loss: 21.9351
count: 84
Epoch 225: | Time(s): 57.409| Train Loss: 29.9544 | Val Loss: 20.6990
count: 85
Epoch 226: | Time(s): 57.338| Train Loss: 30.1563 | Val Loss: 20.1432
count: 86
Epoch 227: | Time(s): 57.398| Train Loss: 30.3859 | Val Loss: 18.5501
count: 87
Epoch 228: | Time(s): 57.557| Train Loss: 31.5752 | Val Loss: 47.2871
count: 88
Epoch 229: | Time(s): 57.794| Train Loss: 29.3013 | Val Loss: 23.8104
count: 89
Epoch 230: | Time(s): 58.092| Train Loss: 29.6011 | Val Loss: 20.6703
count: 90
Epoch 231: | Time(s): 57.871| Train Loss: 30.2985 | Val Loss: 19.7113
count: 91
Epoch 232: | Time(s): 57.900| Train Loss: 29.6288 | Val Loss: 17.3404
count: 92
Epoch 233: | Time(s): 57.466| Train Loss: 30.3164 | Val Loss: 17.2513
count: 93
Epoch 234: | Time(s): 58.253| Train Loss: 29.3115 | Val Loss: 20.5939
count: 94
Epoch 235: | Time(s): 57.766| Train Loss: 29.3114 | Val Loss: 24.1869
count: 95
Epoch 236: | Time(s): 58.030| Train Loss: 30.1242 | Val Loss: 21.9120
count: 96
Epoch 237: | Time(s): 57.500| Train Loss: 29.7735 | Val Loss: 16.3257
count: 97
Epoch 238: | Time(s): 57.737| Train Loss: 29.3777 | Val Loss: 15.4587
count: 98
Epoch 239: | Time(s): 57.940| Train Loss: 30.2267 | Val Loss: 19.3533
count: 99
Epoch 240: | Time(s): 57.891| Train Loss: 30.4673 | Val Loss: 22.0059
count: 100
Early stopping triggered at epoch: 240
train inference is done!
validation inference is done!
test inference is done!
test inference is done!
