nohup: ignoring input
Check if there is GPU(s): True
(13875, 33) | (8233, 33) | (12443, 33)
Number of parameters: 794240
Epoch 001: | Time(s): 61.878| Train Loss: 4430.9076 | Val Loss: 2618.3119
=============================== Best model Saved! Val MSE: 2618.3119
count: 0
Epoch 002: | Time(s): 57.686| Train Loss: 2483.1235 | Val Loss: 1584.6341
=============================== Best model Saved! Val MSE: 1584.6341
count: 0
Epoch 003: | Time(s): 57.605| Train Loss: 1860.7535 | Val Loss: 858.2637
=============================== Best model Saved! Val MSE: 858.2637
count: 0
Epoch 004: | Time(s): 58.930| Train Loss: 1313.1822 | Val Loss: 802.2210
=============================== Best model Saved! Val MSE: 802.2210
count: 0
Epoch 005: | Time(s): 58.160| Train Loss: 988.1201 | Val Loss: 436.4237
=============================== Best model Saved! Val MSE: 436.4237
count: 0
Epoch 006: | Time(s): 57.824| Train Loss: 874.4755 | Val Loss: 353.1059
=============================== Best model Saved! Val MSE: 353.1059
count: 0
Epoch 007: | Time(s): 59.702| Train Loss: 798.9469 | Val Loss: 81.9968
=============================== Best model Saved! Val MSE: 81.9968
count: 0
Epoch 008: | Time(s): 58.327| Train Loss: 765.1586 | Val Loss: 425.0108
count: 1
Epoch 009: | Time(s): 59.156| Train Loss: 743.9627 | Val Loss: 332.9326
count: 2
Epoch 010: | Time(s): 59.046| Train Loss: 712.0395 | Val Loss: 344.4045
count: 3
Epoch 011: | Time(s): 58.310| Train Loss: 689.7245 | Val Loss: 82.1646
count: 4
Epoch 012: | Time(s): 57.905| Train Loss: 656.0048 | Val Loss: 225.7522
count: 5
Epoch 013: | Time(s): 58.935| Train Loss: 655.0666 | Val Loss: 254.9193
count: 6
Epoch 014: | Time(s): 57.407| Train Loss: 625.5869 | Val Loss: 227.8594
count: 7
Epoch 015: | Time(s): 58.979| Train Loss: 620.7097 | Val Loss: 220.6533
count: 8
Epoch 016: | Time(s): 62.544| Train Loss: 601.5017 | Val Loss: 235.9934
count: 9
Epoch 017: | Time(s): 60.282| Train Loss: 594.2616 | Val Loss: 156.7808
count: 10
Epoch 018: | Time(s): 57.305| Train Loss: 590.7839 | Val Loss: 119.2622
count: 11
Epoch 019: | Time(s): 57.493| Train Loss: 570.9081 | Val Loss: 215.5806
count: 12
Epoch 020: | Time(s): 58.527| Train Loss: 564.3048 | Val Loss: 55.8839
=============================== Best model Saved! Val MSE: 55.8839
count: 0
Epoch 021: | Time(s): 57.875| Train Loss: 540.6516 | Val Loss: 109.1029
count: 1
Epoch 022: | Time(s): 59.089| Train Loss: 551.2601 | Val Loss: 230.9390
count: 2
Epoch 023: | Time(s): 58.253| Train Loss: 521.1113 | Val Loss: 248.7997
count: 3
Epoch 024: | Time(s): 56.683| Train Loss: 528.8659 | Val Loss: 111.3448
count: 4
Epoch 025: | Time(s): 58.257| Train Loss: 511.2846 | Val Loss: 136.5749
count: 5
Epoch 026: | Time(s): 57.661| Train Loss: 513.2297 | Val Loss: 231.0435
count: 6
Epoch 027: | Time(s): 58.180| Train Loss: 490.3782 | Val Loss: 150.8731
count: 7
Epoch 028: | Time(s): 57.523| Train Loss: 485.8129 | Val Loss: 130.1867
count: 8
Epoch 029: | Time(s): 58.587| Train Loss: 493.2065 | Val Loss: 264.0146
count: 9
Epoch 030: | Time(s): 57.584| Train Loss: 485.0813 | Val Loss: 358.5117
count: 10
Epoch 031: | Time(s): 59.546| Train Loss: 478.5752 | Val Loss: 322.7211
count: 11
Epoch 032: | Time(s): 60.680| Train Loss: 472.9668 | Val Loss: 361.2509
count: 12
Epoch 033: | Time(s): 59.428| Train Loss: 465.8214 | Val Loss: 231.9810
count: 13
Epoch 034: | Time(s): 58.620| Train Loss: 464.4352 | Val Loss: 271.6576
count: 14
Epoch 035: | Time(s): 62.959| Train Loss: 457.5770 | Val Loss: 241.5809
count: 15
Epoch 036: | Time(s): 58.221| Train Loss: 450.4062 | Val Loss: 163.7026
count: 16
Epoch 037: | Time(s): 58.214| Train Loss: 451.2763 | Val Loss: 107.7746
count: 17
Epoch 038: | Time(s): 57.891| Train Loss: 432.4029 | Val Loss: 88.7455
count: 18
Epoch 039: | Time(s): 57.765| Train Loss: 437.3112 | Val Loss: 90.7795
count: 19
Epoch 040: | Time(s): 57.706| Train Loss: 417.6110 | Val Loss: 170.5685
count: 20
Epoch 041: | Time(s): 58.369| Train Loss: 421.0298 | Val Loss: 166.6410
count: 21
Epoch 042: | Time(s): 58.844| Train Loss: 433.8326 | Val Loss: 60.9009
count: 22
Epoch 043: | Time(s): 60.527| Train Loss: 416.9433 | Val Loss: 160.2253
count: 23
Epoch 044: | Time(s): 58.590| Train Loss: 419.6807 | Val Loss: 120.2270
count: 24
Epoch 045: | Time(s): 58.847| Train Loss: 405.5925 | Val Loss: 93.6620
count: 25
Epoch 046: | Time(s): 57.865| Train Loss: 403.4289 | Val Loss: 55.6248
=============================== Best model Saved! Val MSE: 55.6248
count: 0
Epoch 047: | Time(s): 58.227| Train Loss: 398.0794 | Val Loss: 147.0325
count: 1
Epoch 048: | Time(s): 57.665| Train Loss: 408.3278 | Val Loss: 84.2001
count: 2
Epoch 049: | Time(s): 58.183| Train Loss: 388.6607 | Val Loss: 87.1577
count: 3
Epoch 050: | Time(s): 57.927| Train Loss: 399.6580 | Val Loss: 67.4810
count: 4
Epoch 051: | Time(s): 58.725| Train Loss: 388.4805 | Val Loss: 430.7779
count: 5
Epoch 052: | Time(s): 58.863| Train Loss: 388.8967 | Val Loss: 288.6539
count: 6
Epoch 053: | Time(s): 59.251| Train Loss: 389.8010 | Val Loss: 124.0450
count: 7
Epoch 054: | Time(s): 58.890| Train Loss: 382.8483 | Val Loss: 203.2504
count: 8
Epoch 055: | Time(s): 58.083| Train Loss: 377.7383 | Val Loss: 101.8875
count: 9
Epoch 056: | Time(s): 58.217| Train Loss: 368.6703 | Val Loss: 114.3389
count: 10
Epoch 057: | Time(s): 58.374| Train Loss: 366.2909 | Val Loss: 109.4817
count: 11
Epoch 058: | Time(s): 57.403| Train Loss: 367.7898 | Val Loss: 88.5119
count: 12
Epoch 059: | Time(s): 57.607| Train Loss: 367.5566 | Val Loss: 119.4091
count: 13
Epoch 060: | Time(s): 58.215| Train Loss: 365.0984 | Val Loss: 244.6353
count: 14
Epoch 061: | Time(s): 57.708| Train Loss: 358.7623 | Val Loss: 60.5030
count: 15
Epoch 062: | Time(s): 57.322| Train Loss: 355.5663 | Val Loss: 56.8669
count: 16
Epoch 063: | Time(s): 58.541| Train Loss: 348.1720 | Val Loss: 202.8853
count: 17
Epoch 064: | Time(s): 58.131| Train Loss: 340.4042 | Val Loss: 404.3257
count: 18
Epoch 065: | Time(s): 58.433| Train Loss: 343.9181 | Val Loss: 137.0089
count: 19
Epoch 066: | Time(s): 57.429| Train Loss: 338.5238 | Val Loss: 67.5762
count: 20
Epoch 067: | Time(s): 60.330| Train Loss: 339.1664 | Val Loss: 63.1940
count: 21
Epoch 068: | Time(s): 57.003| Train Loss: 332.8975 | Val Loss: 226.8783
count: 22
Epoch 069: | Time(s): 59.835| Train Loss: 330.5167 | Val Loss: 331.1590
count: 23
Epoch 070: | Time(s): 57.424| Train Loss: 330.5963 | Val Loss: 129.7723
count: 24
Epoch 071: | Time(s): 60.178| Train Loss: 322.9254 | Val Loss: 138.9420
count: 25
Epoch 072: | Time(s): 57.991| Train Loss: 320.4479 | Val Loss: 154.6148
count: 26
Epoch 073: | Time(s): 58.433| Train Loss: 324.1558 | Val Loss: 334.4582
count: 27
Epoch 074: | Time(s): 57.184| Train Loss: 323.7923 | Val Loss: 108.2122
count: 28
Epoch 075: | Time(s): 59.942| Train Loss: 316.0808 | Val Loss: 190.4426
count: 29
Epoch 076: | Time(s): 58.389| Train Loss: 315.3828 | Val Loss: 201.7235
count: 30
Epoch 077: | Time(s): 57.796| Train Loss: 314.1165 | Val Loss: 81.2165
count: 31
Epoch 078: | Time(s): 58.738| Train Loss: 307.4973 | Val Loss: 105.3719
count: 32
Epoch 079: | Time(s): 59.414| Train Loss: 311.0983 | Val Loss: 182.1077
count: 33
Epoch 080: | Time(s): 57.957| Train Loss: 300.6522 | Val Loss: 89.9796
count: 34
Epoch 081: | Time(s): 58.208| Train Loss: 302.1112 | Val Loss: 151.8555
count: 35
Epoch 082: | Time(s): 57.633| Train Loss: 298.8733 | Val Loss: 146.5571
count: 36
Epoch 083: | Time(s): 58.092| Train Loss: 289.0719 | Val Loss: 61.9981
count: 37
Epoch 084: | Time(s): 60.123| Train Loss: 297.6656 | Val Loss: 73.7794
count: 38
Epoch 085: | Time(s): 58.560| Train Loss: 289.5266 | Val Loss: 335.3471
count: 39
Epoch 086: | Time(s): 57.291| Train Loss: 291.3947 | Val Loss: 102.8527
count: 40
Epoch 087: | Time(s): 58.621| Train Loss: 286.5625 | Val Loss: 151.0838
count: 41
Epoch 088: | Time(s): 58.570| Train Loss: 284.4371 | Val Loss: 285.7478
count: 42
Epoch 089: | Time(s): 59.143| Train Loss: 282.6653 | Val Loss: 136.6983
count: 43
Epoch 090: | Time(s): 57.917| Train Loss: 277.5719 | Val Loss: 148.3728
count: 44
Epoch 091: | Time(s): 57.491| Train Loss: 279.6897 | Val Loss: 173.0813
count: 45
Epoch 092: | Time(s): 58.309| Train Loss: 269.9251 | Val Loss: 177.9079
count: 46
Epoch 093: | Time(s): 57.667| Train Loss: 278.2270 | Val Loss: 114.6078
count: 47
Epoch 094: | Time(s): 61.207| Train Loss: 280.5774 | Val Loss: 104.1344
count: 48
Epoch 095: | Time(s): 57.220| Train Loss: 273.7793 | Val Loss: 132.0637
count: 49
Epoch 096: | Time(s): 58.232| Train Loss: 268.2124 | Val Loss: 124.4680
count: 50
Epoch 097: | Time(s): 56.914| Train Loss: 269.4164 | Val Loss: 209.4977
count: 51
Epoch 098: | Time(s): 59.626| Train Loss: 267.1018 | Val Loss: 198.1315
count: 52
Epoch 099: | Time(s): 57.786| Train Loss: 264.7253 | Val Loss: 176.7664
count: 53
Epoch 100: | Time(s): 57.066| Train Loss: 266.5923 | Val Loss: 103.0379
count: 54
Epoch 101: | Time(s): 58.678| Train Loss: 257.4412 | Val Loss: 237.1479
count: 55
Epoch 102: | Time(s): 57.396| Train Loss: 265.1477 | Val Loss: 237.6934
count: 56
Epoch 103: | Time(s): 59.504| Train Loss: 259.8255 | Val Loss: 142.8625
count: 57
Epoch 104: | Time(s): 57.050| Train Loss: 253.9760 | Val Loss: 192.7576
count: 58
Epoch 105: | Time(s): 57.250| Train Loss: 262.6894 | Val Loss: 246.0802
count: 59
Epoch 106: | Time(s): 58.523| Train Loss: 256.5161 | Val Loss: 246.4596
count: 60
Epoch 107: | Time(s): 58.202| Train Loss: 253.0340 | Val Loss: 126.4207
count: 61
Epoch 108: | Time(s): 58.099| Train Loss: 260.6277 | Val Loss: 196.7536
count: 62
Epoch 109: | Time(s): 57.276| Train Loss: 249.6194 | Val Loss: 134.3493
count: 63
Epoch 110: | Time(s): 58.531| Train Loss: 248.9878 | Val Loss: 186.2616
count: 64
Epoch 111: | Time(s): 56.742| Train Loss: 247.9608 | Val Loss: 192.0627
count: 65
Epoch 112: | Time(s): 58.970| Train Loss: 245.7391 | Val Loss: 91.1474
count: 66
Epoch 113: | Time(s): 58.441| Train Loss: 244.8038 | Val Loss: 213.9002
count: 67
Epoch 114: | Time(s): 56.656| Train Loss: 241.6263 | Val Loss: 117.2454
count: 68
Epoch 115: | Time(s): 56.907| Train Loss: 244.5867 | Val Loss: 295.6297
count: 69
Epoch 116: | Time(s): 57.112| Train Loss: 236.6315 | Val Loss: 297.3041
count: 70
Epoch 117: | Time(s): 56.975| Train Loss: 238.2210 | Val Loss: 288.5107
count: 71
Epoch 118: | Time(s): 57.131| Train Loss: 237.4164 | Val Loss: 160.8057
count: 72
Epoch 119: | Time(s): 57.104| Train Loss: 235.8044 | Val Loss: 166.0794
count: 73
Epoch 120: | Time(s): 58.994| Train Loss: 231.7127 | Val Loss: 251.3545
count: 74
Epoch 121: | Time(s): 57.486| Train Loss: 240.1233 | Val Loss: 200.9244
count: 75
Epoch 122: | Time(s): 59.214| Train Loss: 230.0253 | Val Loss: 223.9536
count: 76
Epoch 123: | Time(s): 57.153| Train Loss: 227.9369 | Val Loss: 195.6866
count: 77
Epoch 124: | Time(s): 57.539| Train Loss: 220.7430 | Val Loss: 120.4327
count: 78
Epoch 125: | Time(s): 57.367| Train Loss: 231.7675 | Val Loss: 151.3177
count: 79
Epoch 126: | Time(s): 58.247| Train Loss: 223.9977 | Val Loss: 131.0948
count: 80
Epoch 127: | Time(s): 57.591| Train Loss: 224.2667 | Val Loss: 312.5221
count: 81
Epoch 128: | Time(s): 58.791| Train Loss: 222.6918 | Val Loss: 179.3887
count: 82
Epoch 129: | Time(s): 57.927| Train Loss: 227.2605 | Val Loss: 170.6479
count: 83
Epoch 130: | Time(s): 57.684| Train Loss: 219.7580 | Val Loss: 132.9647
count: 84
Epoch 131: | Time(s): 57.479| Train Loss: 220.0690 | Val Loss: 194.4020
count: 85
Epoch 132: | Time(s): 57.530| Train Loss: 217.6708 | Val Loss: 110.6258
count: 86
Epoch 133: | Time(s): 57.837| Train Loss: 213.6226 | Val Loss: 193.5705
count: 87
Epoch 134: | Time(s): 58.885| Train Loss: 218.1555 | Val Loss: 185.0116
count: 88
Epoch 135: | Time(s): 60.286| Train Loss: 213.0429 | Val Loss: 130.9361
count: 89
Epoch 136: | Time(s): 57.577| Train Loss: 221.6057 | Val Loss: 159.0763
count: 90
Epoch 137: | Time(s): 59.084| Train Loss: 219.7771 | Val Loss: 196.3448
count: 91
Epoch 138: | Time(s): 58.533| Train Loss: 208.6477 | Val Loss: 140.3869
count: 92
Epoch 139: | Time(s): 59.770| Train Loss: 213.5814 | Val Loss: 200.1285
count: 93
Epoch 140: | Time(s): 60.258| Train Loss: 209.9020 | Val Loss: 85.5857
count: 94
Epoch 141: | Time(s): 57.453| Train Loss: 210.9664 | Val Loss: 213.3085
count: 95
Epoch 142: | Time(s): 58.307| Train Loss: 215.2665 | Val Loss: 238.0414
count: 96
Epoch 143: | Time(s): 57.199| Train Loss: 206.6728 | Val Loss: 218.7193
count: 97
Epoch 144: | Time(s): 59.930| Train Loss: 205.0814 | Val Loss: 258.5233
count: 98
Epoch 145: | Time(s): 59.672| Train Loss: 206.0401 | Val Loss: 112.0466
count: 99
Epoch 146: | Time(s): 57.696| Train Loss: 206.3958 | Val Loss: 185.5892
count: 100
Early stopping triggered at epoch: 146
train inference is done!
validation inference is done!
test inference is done!
test inference is done!
